Yosys 0.58+94 (git sha1 4011d7265, clang++ 18.1.8 -fPIC -O3)
Using ABC speed script.
Extracting clock period from SDC file: ./results/sky130hd/riscv32i/base/clock_period.txt
Setting clock period to 6.0
1. Executing Liberty frontend: /workspaces/vsd-scl180-orfs_workshop/orfs/flow/platforms/sky130hd/lib/sky130_fd_sc_hd__tt_025C_1v80.lib
2. Executing Liberty frontend: /workspaces/vsd-scl180-orfs_workshop/orfs/flow/platforms/sky130hd/lib/sky130_fd_sc_hd__tt_025C_1v80.lib
3. Executing Verilog-2005 frontend: /workspaces/vsd-scl180-orfs_workshop/orfs/flow/designs/src/riscv32i/adder.v
4. Executing Verilog-2005 frontend: /workspaces/vsd-scl180-orfs_workshop/orfs/flow/designs/src/riscv32i/alu.v
5. Executing Verilog-2005 frontend: /workspaces/vsd-scl180-orfs_workshop/orfs/flow/designs/src/riscv32i/aludec.v
6. Executing Verilog-2005 frontend: /workspaces/vsd-scl180-orfs_workshop/orfs/flow/designs/src/riscv32i/controller.v
7. Executing Verilog-2005 frontend: /workspaces/vsd-scl180-orfs_workshop/orfs/flow/designs/src/riscv32i/datapath.v
8. Executing Verilog-2005 frontend: /workspaces/vsd-scl180-orfs_workshop/orfs/flow/designs/src/riscv32i/dmem.v
9. Executing Verilog-2005 frontend: /workspaces/vsd-scl180-orfs_workshop/orfs/flow/designs/src/riscv32i/flopenr.v
10. Executing Verilog-2005 frontend: /workspaces/vsd-scl180-orfs_workshop/orfs/flow/designs/src/riscv32i/flopens.v
11. Executing Verilog-2005 frontend: /workspaces/vsd-scl180-orfs_workshop/orfs/flow/designs/src/riscv32i/flopr.v
12. Executing Verilog-2005 frontend: /workspaces/vsd-scl180-orfs_workshop/orfs/flow/designs/src/riscv32i/magcompare2b.v
13. Executing Verilog-2005 frontend: /workspaces/vsd-scl180-orfs_workshop/orfs/flow/designs/src/riscv32i/magcompare2c.v
14. Executing Verilog-2005 frontend: /workspaces/vsd-scl180-orfs_workshop/orfs/flow/designs/src/riscv32i/magcompare32.v
15. Executing Verilog-2005 frontend: /workspaces/vsd-scl180-orfs_workshop/orfs/flow/designs/src/riscv32i/maindec.v
16. Executing Verilog-2005 frontend: /workspaces/vsd-scl180-orfs_workshop/orfs/flow/designs/src/riscv32i/mux2.v
17. Executing Verilog-2005 frontend: /workspaces/vsd-scl180-orfs_workshop/orfs/flow/designs/src/riscv32i/mux3.v
18. Executing Verilog-2005 frontend: /workspaces/vsd-scl180-orfs_workshop/orfs/flow/designs/src/riscv32i/mux4.v
19. Executing Verilog-2005 frontend: /workspaces/vsd-scl180-orfs_workshop/orfs/flow/designs/src/riscv32i/mux5.v
20. Executing Verilog-2005 frontend: /workspaces/vsd-scl180-orfs_workshop/orfs/flow/designs/src/riscv32i/mux8.v
21. Executing Verilog-2005 frontend: /workspaces/vsd-scl180-orfs_workshop/orfs/flow/designs/src/riscv32i/regfile.v
22. Executing Verilog-2005 frontend: /workspaces/vsd-scl180-orfs_workshop/orfs/flow/designs/src/riscv32i/riscv.v
23. Executing Verilog-2005 frontend: /workspaces/vsd-scl180-orfs_workshop/orfs/flow/designs/src/riscv32i/rom.v
24. Executing Verilog-2005 frontend: /workspaces/vsd-scl180-orfs_workshop/orfs/flow/designs/src/riscv32i/shifter.v
25. Executing Verilog-2005 frontend: /workspaces/vsd-scl180-orfs_workshop/orfs/flow/designs/src/riscv32i/signext.v
26. Executing Verilog-2005 frontend: /workspaces/vsd-scl180-orfs_workshop/orfs/flow/designs/src/riscv32i/top.v
27. Executing Verilog-2005 frontend: /workspaces/vsd-scl180-orfs_workshop/orfs/flow/platforms/sky130hd/cells_clkgate_hd.v
28. Executing HIERARCHY pass (managing design hierarchy).
29. Executing AST frontend in derive mode using pre-parsed AST for module `\riscv'.
29.1. Analyzing design hierarchy..
29.2. Executing AST frontend in derive mode using pre-parsed AST for module `\datapath'.
29.3. Executing AST frontend in derive mode using pre-parsed AST for module `\controller'.
29.4. Analyzing design hierarchy..
29.5. Executing AST frontend in derive mode using pre-parsed AST for module `\mux2'.
29.6. Executing AST frontend in derive mode using pre-parsed AST for module `\mux2'.
29.7. Executing AST frontend in derive mode using pre-parsed AST for module `\aludec'.
29.8. Executing AST frontend in derive mode using pre-parsed AST for module `\maindec'.
29.9. Executing AST frontend in derive mode using pre-parsed AST for module `\mux2'.
29.10. Executing AST frontend in derive mode using pre-parsed AST for module `\mux3'.
29.11. Executing AST frontend in derive mode using pre-parsed AST for module `\shifter'.
29.12. Executing AST frontend in derive mode using pre-parsed AST for module `\alu'.
29.13. Executing AST frontend in derive mode using pre-parsed AST for module `\magcompare32'.
29.14. Executing AST frontend in derive mode using pre-parsed AST for module `\adder'.
29.15. Executing AST frontend in derive mode using pre-parsed AST for module `\signext'.
29.16. Executing AST frontend in derive mode using pre-parsed AST for module `\regfile'.
29.17. Executing AST frontend in derive mode using pre-parsed AST for module `\mux2'.
29.18. Executing AST frontend in derive mode using pre-parsed AST for module `\flopr'.
29.19. Executing AST frontend in derive mode using pre-parsed AST for module `\flopenr'.
29.20. Analyzing design hierarchy..
29.21. Executing AST frontend in derive mode using pre-parsed AST for module `\mux5'.
29.22. Executing AST frontend in derive mode using pre-parsed AST for module `\magcompare2c'.
29.23. Executing AST frontend in derive mode using pre-parsed AST for module `\magcompare2b'.
29.24. Analyzing design hierarchy..
29.25. Analyzing design hierarchy..
30. Executing OPT_CLEAN pass (remove unused cells and wires).
Warning: Ignoring module $paramod\flopr\WIDTH=s32'00000000000000000000000000100000 because it contains processes (run 'proc' command first).
Warning: Ignoring module regfile because it contains processes (run 'proc' command first).
Warning: Ignoring module alu because it contains processes (run 'proc' command first).
Warning: Ignoring module shifter because it contains processes (run 'proc' command first).
Warning: Ignoring module maindec because it contains processes (run 'proc' command first).
Warning: Ignoring module aludec because it contains processes (run 'proc' command first).
Warning: Ignoring module $paramod\mux5\WIDTH=s32'00000000000000000000000000100000 because it contains processes (run 'proc' command first).
Warning: Ignoring module $paramod\flopenr\WIDTH=s32'00000000000000000000000000100000 because it contains processes (run 'proc' command first).
31. Executing RTLIL backend.
Warnings: 8 unique messages, 8 total
End of script. Logfile hash: ff2be335dc, CPU: user 0.28s system 0.05s, MEM: 46.62 MB peak
Yosys 0.58+94 (git sha1 4011d7265, clang++ 18.1.8 -fPIC -O3)
Time spent: 72% 4x read_liberty (0 sec), 9% 2x write_rtlil (0 sec), ...
Elapsed time: 0:00.88[h:]min:sec. CPU time: user 0.42 sys 0.08 (57%). Peak memory: 49024KB.
