OpenROAD 26Q1-951-g6975124cf2 
Features included (+) or not (-): +GPU +GUI +Python
This program is licensed under the BSD-3 license. See the LICENSE file for details.
Components of this program may be licensed under more restrictive licenses which must be honored.
[INFO ORD-0030] Using 2 thread(s).
read_liberty /workspaces/vsd-scl180-orfs_workshop/orfs/flow/platforms/sky130hd/lib/sky130_fd_sc_hd__tt_025C_1v80.lib
read_db -hier ./results/sky130hd/riscv32i/base/3_3_place_gp.odb
[WARNING ORD-0012] Hierarchical flow (-hier) is currently in development and may cause multiple issues. Do not use in production environments.
source /workspaces/vsd-scl180-orfs_workshop/orfs/flow/platforms/sky130hd/setRC.tcl
estimate_parasitics -placement
replace_arith_module -path_count 1000 -target setup -slack_margin 0.0
[INFO RSZ-0151] Starting arithmetic module replacement to optimize 'setup' target
[INFO RSZ-0152] Analyzing 1000 critical paths with slack < 0.00
[INFO RSZ-0153] Identified 92 violating endpoints
[INFO RSZ-0154] Identified 1 critical arithmetic instances
[INFO RSZ-0160] 0 arithmetic instances have swapped to improve 'setup' target
Perform buffer insertion and gate resizing...
repair_design -verbose -match_cell_footprint
Iteration |   Area    | Resized | Buffers | Nets repaired | Remaining
---------------------------------------------------------------------
        0 |     +0.0% |       0 |       0 |             0 |      6044
     1000 |     +0.0% |       0 |       0 |             0 |      5044
     2000 |     +0.0% |       0 |       0 |             0 |      4044
     3000 |     +0.0% |       0 |       0 |             0 |      3044
     4000 |     +0.0% |       0 |       0 |             0 |      2044
     5000 |     +0.0% |       0 |       0 |             0 |      1044
     6000 |     +0.0% |       0 |       0 |             0 |        44
    final |     +0.0% |       0 |       0 |             0 |         0
---------------------------------------------------------------------
Floating nets: 
[WARNING RSZ-0020] found 2 floating nets.
Report metrics stage 3, resizer...

==========================================================================
resizer report_design_area
--------------------------------------------------------------------------
Design area 70405 um^2 52% utilization.
Instance count before 7546, after 7546
Pin count before 21636, after 21636
write_db ./results/sky130hd/riscv32i/base/3_4_place_resized.odb
Elapsed time: 0:08.39[h:]min:sec. CPU time: user 7.52 sys 0.98 (101%). Peak memory: 166332KB.
Log                        Elapsed/s Peak Memory/MB  sha1sum .odb [0:20)
3_4_place_resized                  8            162 1f71b96939251fc80e38
