OpenROAD 26Q1-951-g6975124cf2 
Features included (+) or not (-): +GPU +GUI +Python
This program is licensed under the BSD-3 license. See the LICENSE file for details.
Components of this program may be licensed under more restrictive licenses which must be honored.
[INFO ORD-0030] Using 2 thread(s).
read_liberty /workspaces/vsd-scl180-orfs_workshop/orfs/flow/platforms/sky130hd/lib/sky130_fd_sc_hd__tt_025C_1v80.lib
read_db -hier ./results/sky130hd/riscv32i/base/3_4_place_resized.odb
[WARNING ORD-0012] Hierarchical flow (-hier) is currently in development and may cause multiple issues. Do not use in production environments.
source /workspaces/vsd-scl180-orfs_workshop/orfs/flow/platforms/sky130hd/setRC.tcl
Placement Analysis
---------------------------------
total displacement      12163.0 u
average displacement        1.6 u
max displacement           17.8 u
original HPWL          202929.4 u
legalized HPWL         211762.9 u
delta HPWL                    4 %

Detailed placement improvement.
[INFO DPL-0401] Setting random seed to 1.
[INFO DPL-0402] Setting maximum displacement 5 1 to 13600 2720 units.
[INFO DPL-0320] Collected 1933 fixed cells.
[INFO DPL-0318] Collected 5778 single height cells.
[INFO DPL-0321] Collected 0 wide cells.
[INFO DPL-0322] Image (1380, 2720) - (369380, 367200)
[INFO DPL-0310] Assigned 5778 cells into segments.  Movement in X-direction is 0.000000, movement in Y-direction is 0.000000.
[INFO DPL-0313] Found 0 cells in wrong regions.
[INFO DPL-0315] Found 0 row alignment problems.
[INFO DPL-0314] Found 0 site alignment problems.
[INFO DPL-0311] Found 0 overlaps between adjacent cells.
[INFO DPL-0312] Found 0 edge spacing violations and 0 padding violations.
[INFO DPL-0303] Running algorithm for independent set matching.
[INFO DPL-0300] Set matching objective is wirelength.
[INFO DPL-0301] Pass   1 of matching; objective is 2.117856e+08.
[INFO DPL-0302] End of matching; objective is 2.117134e+08, improvement is 0.03 percent.
[INFO DPL-0303] Running algorithm for global swaps.
[INFO DPL-0306] Pass   1 of global swaps; hpwl is 2.095047e+08.
[INFO DPL-0306] Pass   2 of global swaps; hpwl is 2.090101e+08.
[INFO DPL-0307] End of global swaps; objective is 2.090101e+08, improvement is 1.28 percent.
[INFO DPL-0303] Running algorithm for vertical swaps.
[INFO DPL-0308] Pass   1 of vertical swaps; hpwl is 2.085608e+08.
[INFO DPL-0309] End of vertical swaps; objective is 2.085608e+08, improvement is 0.21 percent.
[INFO DPL-0303] Running algorithm for reordering.
[INFO DPL-0304] Pass   1 of reordering; objective is 2.084267e+08.
[INFO DPL-0305] End of reordering; objective is 2.084267e+08, improvement is 0.06 percent.
[INFO DPL-0303] Running algorithm for random improvement.
[INFO DPL-0324] Random improver is using random generator.
[INFO DPL-0325] Random improver is using hpwl objective.
[INFO DPL-0326] Random improver cost string is (a).
[INFO DPL-0332] End of pass, Generator random called 115560 times.
[INFO DPL-0335] Generator random, Cumulative attempts 115560, swaps 15274, moves 31557 since last reset.
[INFO DPL-0333] End of pass, Objective hpwl, Initial cost 2.077038e+08, Scratch cost 2.057629e+08, Incremental cost 2.057629e+08, Mismatch? N
[INFO DPL-0338] End of pass, Total cost is 2.057629e+08.
[INFO DPL-0327] Pass   1 of random improver; improvement in cost is 0.93 percent.
[INFO DPL-0328] End of random improver; improvement is 0.934483 percent.
[INFO DPL-0380] Cell flipping.
[INFO DPL-0382] Changed 0 cell orientations for row compatibility.
[INFO DPL-0383] Performed 1399 cell flips.
[INFO DPL-0384] End of flipping; objective is 2.038485e+08, improvement is 1.28 percent.
[INFO DPL-0313] Found 0 cells in wrong regions.
[INFO DPL-0315] Found 0 row alignment problems.
[INFO DPL-0314] Found 0 site alignment problems.
[INFO DPL-0311] Found 0 overlaps between adjacent cells.
[INFO DPL-0312] Found 0 edge spacing violations and 0 padding violations.
Detailed Improvement Results
------------------------------------------
Original HPWL           211762.9 u (  104108.4,   107654.5)
Final HPWL              203851.1 u (   98884.5,   104966.6)
Delta HPWL                  -3.7 % (      -5.0,       -2.5)

[INFO DPL-0020] Mirrored 215 instances
[INFO DPL-0021] HPWL before          203851.1 u
[INFO DPL-0022] HPWL after           203793.4 u
[INFO DPL-0023] HPWL delta               -0.0 %
[INFO FLW-0012] Placement violations .
estimate_parasitics -placement
Report metrics stage 3, detailed place...

==========================================================================
detailed place report_design_area
--------------------------------------------------------------------------
Design area 70405 um^2 52% utilization.
write_db ./results/sky130hd/riscv32i/base/3_5_place_dp.odb
Elapsed time: 0:06.96[h:]min:sec. CPU time: user 6.61 sys 0.99 (109%). Peak memory: 167296KB.
Log                        Elapsed/s Peak Memory/MB  sha1sum .odb [0:20)
3_5_place_dp                       6            163 6fed50e18b3ef279d648
