OpenROAD 26Q1-951-g6975124cf2 
Features included (+) or not (-): +GPU +GUI +Python
This program is licensed under the BSD-3 license. See the LICENSE file for details.
Components of this program may be licensed under more restrictive licenses which must be honored.
[INFO ORD-0030] Using 2 thread(s).
read_liberty /workspaces/vsd-scl180-orfs_workshop/orfs/flow/platforms/sky130hd/lib/sky130_fd_sc_hd__tt_025C_1v80.lib
read_db -hier ./results/sky130hd/riscv32i/base/4_cts.odb
[WARNING ORD-0012] Hierarchical flow (-hier) is currently in development and may cause multiple issues. Do not use in production environments.
source /workspaces/vsd-scl180-orfs_workshop/orfs/flow/platforms/sky130hd/setRC.tcl
INFO: Constant-net sigType fixes applied: 0
pin_access
[INFO DRT-0149] Reading tech and libs.
[WARNING DRT-0349] LEF58_ENCLOSURE with no CUTCLASS is not supported. Skipping for layer mcon
[WARNING DRT-0349] LEF58_ENCLOSURE with no CUTCLASS is not supported. Skipping for layer mcon
[WARNING DRT-0349] LEF58_ENCLOSURE with no CUTCLASS is not supported. Skipping for layer via
[WARNING DRT-0349] LEF58_ENCLOSURE with no CUTCLASS is not supported. Skipping for layer via
[WARNING DRT-0349] LEF58_ENCLOSURE with no CUTCLASS is not supported. Skipping for layer via2
[WARNING DRT-0349] LEF58_ENCLOSURE with no CUTCLASS is not supported. Skipping for layer via2
[WARNING DRT-0349] LEF58_ENCLOSURE with no CUTCLASS is not supported. Skipping for layer via3
[WARNING DRT-0349] LEF58_ENCLOSURE with no CUTCLASS is not supported. Skipping for layer via3
[WARNING DRT-0349] LEF58_ENCLOSURE with no CUTCLASS is not supported. Skipping for layer via4
[WARNING DRT-0349] LEF58_ENCLOSURE with no CUTCLASS is not supported. Skipping for layer via4

Units:                1000
Number of layers:     13
Number of macros:     441
Number of vias:       29
Number of viarulegen: 25

[INFO DRT-0150] Reading design.

Design:                   riscv
Die area:                 ( 0 0 ) ( 370470 370470 )
Number of track patterns: 12
Number of DEF vias:       0
Number of components:     7831
Number of terminals:      167
Number of snets:          2
Number of nets:           6207

[INFO DRT-0167] List of default vias:
  Layer via
    default via: M1M2_PR
  Layer via2
    default via: M2M3_PR
  Layer via3
    default via: M3M4_PR
  Layer via4
    default via: M4M5_PR
[INFO DRT-0162] Library cell analysis.
[INFO DRT-0163] Instance analysis.
[INFO DRT-0164] Number of unique instances = 247.
[INFO DRT-0168] Init region query.
[INFO DRT-0024]   Complete FR_MASTERSLICE.
[INFO DRT-0024]   Complete Fr_VIA.
[INFO DRT-0024]   Complete li1.
[INFO DRT-0024]   Complete mcon.
[INFO DRT-0024]   Complete met1.
[INFO DRT-0024]   Complete via.
[INFO DRT-0024]   Complete met2.
[INFO DRT-0024]   Complete via2.
[INFO DRT-0024]   Complete met3.
[INFO DRT-0024]   Complete via3.
[INFO DRT-0024]   Complete met4.
[INFO DRT-0024]   Complete via4.
[INFO DRT-0024]   Complete met5.
[INFO DRT-0033] FR_MASTERSLICE shape region query size = 0.
[INFO DRT-0033] FR_VIA shape region query size = 0.
[INFO DRT-0033] li1 shape region query size = 217009.
[INFO DRT-0033] mcon shape region query size = 139166.
[INFO DRT-0033] met1 shape region query size = 39117.
[INFO DRT-0033] via shape region query size = 9115.
[INFO DRT-0033] met2 shape region query size = 5529.
[INFO DRT-0033] via2 shape region query size = 7292.
[INFO DRT-0033] met3 shape region query size = 5574.
[INFO DRT-0033] via3 shape region query size = 7292.
[INFO DRT-0033] met4 shape region query size = 2201.
[INFO DRT-0033] via4 shape region query size = 351.
[INFO DRT-0033] met5 shape region query size = 403.
[INFO DRT-0165] Start pin access.
[INFO DRT-0076]   Complete 1000 pins.
[INFO DRT-0076]   Complete 2000 pins.
[INFO DRT-0078]   Complete 2011 pins.
[INFO DRT-0079]   Complete 100 unique inst patterns.
[INFO DRT-0079]   Complete 200 unique inst patterns.
[INFO DRT-0081]   Complete 247 unique inst patterns.
[INFO DRT-0084]   Complete 4066 groups.
#scanned instances     = 7831
#unique  instances     = 247
#stdCellGenAp          = 8739
#stdCellValidPlanarAp  = 122
#stdCellValidViaAp     = 6042
#stdCellPinNoAp        = 8
#stdCellPinCnt         = 22084
#instTermValidViaApCnt = 0
#macroGenAp            = 0
#macroValidPlanarAp    = 0
#macroValidViaAp       = 0
#macroNoAp             = 0
[INFO DRT-0166] Complete pin access.
[INFO DRT-0267] cpu time = 00:04:55, elapsed time = 00:03:00, memory = 180.54 (MB), peak = 182.19 (MB)
Took 181 seconds: pin_access
global_route -congestion_report_file ./reports/sky130hd/riscv32i/base/congestion.rpt -congestion_iterations 30 -congestion_report_iter_step 5 -verbose
[INFO GRT-0020] Min routing layer: met1
[INFO GRT-0021] Max routing layer: met5
[INFO GRT-0022] Global adjustment: 0%
[INFO GRT-0023] Grid origin: (0, 0)
[INFO GRT-0088] Layer li1     Track-Pitch = 0.4600  line-2-Via Pitch: 0.3400
[INFO GRT-0088] Layer met1    Track-Pitch = 0.3400  line-2-Via Pitch: 0.3400
[INFO GRT-0088] Layer met2    Track-Pitch = 0.4600  line-2-Via Pitch: 0.3500
[INFO GRT-0088] Layer met3    Track-Pitch = 0.6800  line-2-Via Pitch: 0.6150
[INFO GRT-0088] Layer met4    Track-Pitch = 0.9200  line-2-Via Pitch: 1.0400
[INFO GRT-0088] Layer met5    Track-Pitch = 3.4000  line-2-Via Pitch: 3.1100
[INFO GRT-0003] Macros: 0
[INFO GRT-0004] Blockages: 29036
[INFO GRT-0019] Found 110 clock nets.
[INFO GRT-0001] Minimum degree: 2
[INFO GRT-0002] Maximum degree: 97

[INFO GRT-0053] Routing resources analysis:
          Routing      Original      Derated      Resource
Layer     Direction    Resources     Resources    Reduction (%)
---------------------------------------------------------------
li1        Vertical            0             0          0.00%
met1       Horizontal      29927         22927          23.39%
met2       Vertical        36244         27872          23.10%
met3       Horizontal      26533         20722          21.90%
met4       Vertical        17940         12636          29.57%
met5       Horizontal       3900          2860          26.67%
---------------------------------------------------------------

[INFO GRT-0101] Running extra iterations to remove overflow.
[INFO GRT-0102] Start extra iteration 1/30
[INFO GRT-0102] Start extra iteration 2/30
[INFO GRT-0102] Start extra iteration 3/30
[INFO GRT-0197] Via related to pin nodes: 41307
[INFO GRT-0198] Via related Steiner nodes: 1343
[INFO GRT-0199] Via filling finished.
[INFO GRT-0111] Final number of vias: 54498
[INFO GRT-0112] Final usage 3D: 204876

[INFO GRT-0096] Final congestion report:
Layer         Resource        Demand        Usage (%)    Max H / Max V / Total Overflow
---------------------------------------------------------------------------------------
li1                  0             0            0.00%             0 /  0 /  0
met1             22927         13192           57.54%             0 /  0 /  0
met2             27872         17669           63.39%             0 /  0 /  0
met3             20722          7223           34.86%             0 /  0 /  0
met4             12636          3038           24.04%             0 /  0 /  0
met5              2860           260            9.09%             0 /  0 /  0
---------------------------------------------------------------------------------------
Total            87017         41382           47.56%             0 /  0 /  0

[INFO GRT-0018] Total wirelength: 412123 um
[INFO GRT-0014] Routed nets: 6168
[INFO GRT-0303] Global routing runtime = 00:00:01
estimate_parasitics -global_routing
Perform buffer insertion and gate resizing...
repair_design -verbose
Iteration |   Area    | Resized | Buffers | Nets repaired | Remaining
---------------------------------------------------------------------
        0 |     +0.0% |       0 |       0 |             0 |      6329
     1000 |     +0.0% |       0 |       0 |             0 |      5329
     2000 |     +0.0% |       0 |       0 |             0 |      4329
     3000 |     +0.0% |       0 |       0 |             0 |      3329
     4000 |     +0.0% |       0 |       0 |             0 |      2329
     5000 |     +0.0% |       0 |       0 |             0 |      1329
     6000 |     +0.0% |       0 |       0 |             0 |       329
    final |     +0.0% |       0 |       0 |             0 |         0
---------------------------------------------------------------------
global_route -start_incremental
detailed_placement
Placement Analysis
---------------------------------
total displacement          0.0 u
average displacement        0.0 u
max displacement            0.0 u
original HPWL          219141.3 u
legalized HPWL         219141.3 u
delta HPWL                    0 %

global_route -end_incremental -congestion_report_file ./reports/sky130hd/riscv32i/base/congestion_post_repair_design.rpt
Repair setup and hold violations...
estimate_parasitics -global_routing
repair_timing -setup_margin 0 -hold_margin 0 -repair_tns 100 -verbose
[INFO RSZ-0100] Repair move sequence: UnbufferMove SizeUpMove SwapPinsMove BufferMove CloneMove SplitLoadMove 
[INFO RSZ-0094] Found 485 endpoints with setup violations.
[INFO RSZ-0099] Repairing 485 out of 485 (100.00%) violating endpoints...
   Iter   | Removed | Resized | Inserted | Cloned |  Pin  |   Area   |    WNS   |   TNS      |  Viol  | Worst
          | Buffers |  Gates  | Buffers  |  Gates | Swaps |          |          |            | Endpts | Endpt
--------------------------------------------------------------------------------------------------------------
        0 |       0 |       0 |        0 |      0 |     0 |    +0.0% |   -1.003 |      -74.9 |    485 | aluout[29]
       10 |       0 |       6 |        3 |      0 |     1 |    +0.1% |   -0.923 |      -74.8 |    485 | aluout[29]
       20 |       0 |      12 |        4 |      0 |     4 |    +0.1% |   -0.882 |      -74.6 |    485 | aluout[30]
       30 |       0 |      14 |        6 |      0 |    10 |    +0.1% |   -0.878 |      -73.0 |    485 | aluout[29]
       40 |       0 |      21 |        7 |      0 |    12 |    +0.2% |   -0.853 |      -72.9 |    485 | aluout[30]
       50 |       0 |      28 |        7 |      0 |    15 |    +0.2% |   -0.820 |      -71.7 |    485 | aluout[29]
       60 |       0 |      35 |        8 |      0 |    17 |    +0.3% |   -0.794 |      -70.6 |    485 | aluout[23]
       70 |       0 |      39 |       10 |      0 |    21 |    +0.3% |   -0.787 |      -70.6 |    485 | aluout[0]
       80 |       0 |      45 |       12 |      0 |    23 |    +0.4% |   -0.774 |      -70.4 |    485 | aluout[0]
       90 |       0 |      50 |       14 |      0 |    26 |    +0.4% |   -0.763 |      -70.6 |    485 | aluout[0]
      100 |       0 |      57 |       14 |      0 |    29 |    +0.5% |   -0.758 |      -70.4 |    485 | aluout[29]
      110 |       0 |      61 |       16 |      0 |    33 |    +0.5% |   -0.756 |      -70.4 |    485 | aluout[29]
      120 |       1 |      69 |       17 |      0 |    33 |    +0.5% |   -0.748 |      -70.1 |    485 | aluout[23]
      130 |       2 |      74 |       17 |      0 |    37 |    +0.6% |   -0.728 |      -69.9 |    485 | aluout[26]
      139 |       2 |      80 |       18 |      0 |    38 |    +0.6% |   -0.710 |      -69.8 |    485 | aluout[30]
      140 |       2 |      80 |       18 |      0 |    38 |    +0.6% |   -0.710 |      -69.8 |    485 | aluout[30]
      150 |       2 |      85 |       19 |      0 |    42 |    +0.6% |   -0.710 |      -69.8 |    485 | aluout[30]
      160 |       2 |      89 |       21 |      0 |    46 |    +0.7% |   -0.710 |      -69.6 |    485 | aluout[30]
      162 |       2 |      82 |       18 |      0 |    39 |    +0.6% |   -0.710 |      -69.8 |    485 | aluout[30]
      163 |       2 |      82 |       18 |      0 |    39 |    +0.6% |   -0.710 |      -69.8 |    485 | aluout[30]
      170 |       2 |      87 |       18 |      0 |    40 |    +0.6% |   -0.710 |      -69.7 |    485 | aluout[30]
      173 |       2 |      87 |       18 |      0 |    42 |    +0.6% |   -0.710 |      -69.7 |    485 | aluout[30]
      180 |       3 |      89 |       18 |      0 |    45 |    +0.6% |   -0.710 |      -69.8 |    485 | aluout[30]
      190 |       5 |      92 |       20 |      0 |    48 |    +0.7% |   -0.752 |      -69.4 |    485 | aluout[29]
      192 |       2 |      87 |       18 |      0 |    42 |    +0.6% |   -0.710 |      -69.7 |    485 | aluout[30]
      197 |       2 |      90 |       18 |      0 |    43 |    +0.7% |   -0.710 |      -69.7 |    485 | aluout[30]
      200 |       2 |      91 |       18 |      0 |    44 |    +0.7% |   -0.714 |      -69.7 |    485 | aluout[30]
      201 |       2 |      90 |       18 |      0 |    44 |    +0.7% |   -0.710 |      -69.7 |    485 | aluout[30]
      210 |       2 |      92 |       18 |      0 |    50 |    +0.7% |   -0.746 |      -69.7 |    485 | aluout[19]
      217 |       2 |      90 |       18 |      0 |    44 |    +0.7% |   -0.710 |      -69.7 |    485 | aluout[30]
      220 |       2 |      90 |       18 |      0 |    46 |    +0.7% |   -0.710 |      -69.6 |    485 | aluout[30]
      221 |       2 |      90 |       18 |      0 |    47 |    +0.7% |   -0.710 |      -69.6 |    485 | aluout[30]
      228 |       2 |      90 |       18 |      0 |    47 |    +0.7% |   -0.710 |      -69.6 |    485 | aluout[30]
      230 |       2 |      90 |       18 |      0 |    48 |    +0.7% |   -0.726 |      -69.7 |    485 | aluout[18]
      236 |       2 |      90 |       18 |      0 |    49 |    +0.7% |   -0.710 |      -69.6 |    485 | aluout[30]
      240 |       2 |      91 |       18 |      0 |    51 |    +0.7% |   -0.710 |      -69.5 |    485 | aluout[30]
      244 |       2 |      92 |       18 |      0 |    52 |    +0.7% |   -0.710 |      -69.5 |    485 | aluout[30]
      248 |       2 |      92 |       18 |      0 |    52 |    +0.7% |   -0.709 |      -69.5 |    485 | aluout[30]
      250 |       2 |      92 |       18 |      0 |    53 |    +0.7% |   -0.709 |      -69.5 |    485 | aluout[30]
      253 |       2 |      92 |       18 |      0 |    52 |    +0.7% |   -0.709 |      -69.5 |    485 | aluout[30]
      260 |       2 |      97 |       18 |      0 |    53 |    +0.7% |   -0.709 |      -69.5 |    485 | aluout[30]
      261 |       2 |      93 |       18 |      0 |    52 |    +0.7% |   -0.709 |      -69.5 |    485 | aluout[30]
      270 |       3 |      96 |       19 |      0 |    55 |    +0.7% |   -0.709 |      -69.3 |    485 | aluout[30]
      274 |       3 |      98 |       19 |      0 |    55 |    +0.7% |   -0.709 |      -69.2 |    485 | aluout[30]
      280 |       3 |     102 |       19 |      0 |    56 |    +0.7% |   -0.709 |      -69.1 |    485 | aluout[30]
      290 |       3 |     108 |       20 |      0 |    59 |    +0.8% |   -0.709 |      -69.1 |    485 | aluout[30]
      300 |       4 |     115 |       20 |      0 |    61 |    +0.8% |   -0.714 |      -68.8 |    485 | aluout[30]
      310 |       4 |     121 |       25 |      0 |    61 |    +0.9% |   -0.714 |      -69.1 |    485 | aluout[30]
      317 |       4 |     118 |       23 |      0 |    61 |    +0.8% |   -0.709 |      -68.9 |    485 | aluout[30]
      320 |       4 |     118 |       23 |      0 |    63 |    +0.8% |   -0.709 |      -68.9 |    485 | aluout[30]
      321 |       4 |     118 |       23 |      0 |    61 |    +0.8% |   -0.709 |      -68.9 |    485 | aluout[30]
      330 |       5 |     120 |       25 |      0 |    64 |    +0.9% |   -0.709 |      -68.9 |    485 | aluout[30]
      339 |       5 |     122 |       25 |      0 |    64 |    +0.9% |   -0.709 |      -68.9 |    485 | aluout[30]
      340 |       5 |     122 |       25 |      0 |    64 |    +0.9% |   -0.709 |      -68.9 |    485 | aluout[30]
      345 |       6 |     123 |       25 |      0 |    65 |    +0.9% |   -0.709 |      -68.8 |    485 | aluout[30]
      350 |       6 |     125 |       26 |      0 |    66 |    +0.9% |   -0.709 |      -68.9 |    485 | aluout[30]
      359 |       6 |     124 |       25 |      0 |    66 |    +0.9% |   -0.709 |      -68.7 |    485 | aluout[30]
      360 |       6 |     124 |       25 |      0 |    66 |    +0.9% |   -0.709 |      -68.7 |    485 | aluout[30]
      370 |       6 |     131 |       27 |      0 |    67 |    +0.9% |   -0.709 |      -68.8 |    485 | aluout[30]
      373 |       6 |     124 |       25 |      0 |    66 |    +0.9% |   -0.709 |      -68.7 |    485 | aluout[30]
      379 |       7 |     124 |       26 |      0 |    68 |    +0.9% |   -0.709 |      -68.5 |    485 | aluout[30]
      380 |       7 |     124 |       26 |      0 |    68 |    +0.9% |   -0.709 |      -68.5 |    485 | aluout[30]
      388 |       7 |     125 |       26 |      0 |    69 |    +0.9% |   -0.709 |      -68.4 |    485 | aluout[30]
      390 |       7 |     125 |       27 |      0 |    69 |    +0.9% |   -0.709 |      -68.6 |    485 | aluout[30]
      400 |       8 |     130 |       28 |      0 |    72 |    +0.9% |   -0.709 |      -68.4 |    485 | aluout[30]
      410 |      10 |     135 |       30 |      0 |    73 |    +0.9% |   -0.709 |      -68.4 |    485 | aluout[30]
      411 |       7 |     125 |       26 |      0 |    69 |    +0.9% |   -0.709 |      -68.4 |    485 | aluout[30]
      420 |       8 |     127 |       26 |      2 |    72 |    +0.9% |   -0.709 |      -68.3 |    485 | aluout[30]
      430 |       8 |     134 |       26 |      2 |    75 |    +1.0% |   -0.714 |      -68.3 |    485 | aluout[30]
      440 |       8 |     138 |       30 |      2 |    77 |    +1.0% |   -0.714 |      -68.4 |    485 | aluout[30]
      447 |       8 |     132 |       26 |      2 |    73 |    +1.0% |   -0.709 |      -68.3 |    485 | aluout[30]
      450 |       8 |     133 |       26 |      2 |    74 |    +1.0% |   -0.709 |      -68.2 |    485 | aluout[30]
      459 |       8 |     132 |       26 |      2 |    74 |    +1.0% |   -0.709 |      -68.3 |    485 | aluout[30]
      460 |       8 |     132 |       26 |      2 |    74 |    +1.0% |   -0.709 |      -68.3 |    485 | aluout[30]
      470 |       8 |     137 |       29 |      2 |    76 |    +1.0% |   -0.709 |      -68.5 |    485 | aluout[30]
      475 |       8 |     134 |       26 |      2 |    74 |    +1.0% |   -0.709 |      -68.2 |    485 | aluout[30]
      480 |       9 |     135 |       26 |      2 |    76 |    +1.0% |   -0.709 |      -68.2 |    485 | aluout[30]
      490 |       9 |     141 |       28 |      2 |    78 |    +1.0% |   -0.709 |      -68.4 |    485 | aluout[30]
      495 |       9 |     139 |       26 |      2 |    78 |    +1.0% |   -0.709 |      -68.2 |    485 | aluout[30]
      500 |       9 |     141 |       26 |      2 |    80 |    +1.0% |   -0.709 |      -68.2 |    485 | aluout[30]
      508 |       9 |     142 |       26 |      2 |    81 |    +1.0% |   -0.709 |      -68.1 |    485 | aluout[30]
      510 |       9 |     142 |       27 |      2 |    81 |    +1.0% |   -0.709 |      -68.2 |    485 | aluout[30]
      520 |       9 |     146 |       28 |      2 |    86 |    +1.1% |   -0.709 |      -72.1 |    485 | aluout[30]
      530 |       9 |     152 |       34 |      2 |    86 |    +1.2% |   -0.709 |      -72.5 |    485 | aluout[30]
      534 |       9 |     147 |       28 |      2 |    86 |    +1.1% |   -0.709 |      -72.1 |    485 | aluout[30]
      537 |       9 |     149 |       28 |      2 |    86 |    +1.1% |   -0.709 |      -34.9 |    483 | aluout[30]
      538 |       9 |     149 |       28 |      2 |    86 |    +1.1% |   -0.709 |      -34.9 |    482 | aluout[30]
      539 |       9 |     149 |       28 |      2 |    86 |    +1.1% |   -0.709 |      -34.9 |    481 | aluout[30]
      540 |       9 |     149 |       28 |      2 |    86 |    +1.1% |   -0.709 |      -34.9 |    481 | aluout[30]
      540 |       9 |     149 |       28 |      2 |    86 |    +1.1% |   -0.709 |      -34.9 |    480 | aluout[30]
      541 |       9 |     149 |       28 |      2 |    86 |    +1.1% |   -0.709 |      -34.9 |    479 | aluout[30]
      542 |       9 |     149 |       28 |      2 |    86 |    +1.1% |   -0.709 |      -34.9 |    478 | aluout[30]
      543 |       9 |     149 |       28 |      2 |    86 |    +1.1% |   -0.709 |      -34.9 |    477 | aluout[30]
      544 |       9 |     149 |       28 |      2 |    86 |    +1.1% |   -0.709 |      -34.9 |    476 | aluout[30]
      545 |       9 |     149 |       28 |      2 |    86 |    +1.1% |   -0.709 |      -34.9 |    475 | aluout[30]
      546 |       9 |     149 |       28 |      2 |    86 |    +1.1% |   -0.709 |      -34.9 |    474 | aluout[30]
      547 |       9 |     149 |       28 |      2 |    86 |    +1.1% |   -0.709 |      -34.9 |    473 | aluout[30]
      548 |       9 |     149 |       28 |      2 |    86 |    +1.1% |   -0.709 |      -34.9 |    472 | aluout[30]
      549 |       9 |     149 |       28 |      2 |    86 |    +1.1% |   -0.709 |      -34.9 |    471 | aluout[30]
      550 |       9 |     149 |       28 |      2 |    86 |    +1.1% |   -0.709 |      -34.9 |    471 | aluout[30]
      550 |       9 |     149 |       28 |      2 |    86 |    +1.1% |   -0.709 |      -34.9 |    470 | aluout[30]
      551 |       9 |     149 |       28 |      2 |    86 |    +1.1% |   -0.709 |      -34.9 |    469 | aluout[30]
      552 |       9 |     149 |       28 |      2 |    86 |    +1.1% |   -0.709 |      -34.9 |    468 | aluout[30]
      559 |       9 |     155 |       28 |      2 |    86 |    +1.1% |   -0.709 |      -16.5 |    466 | aluout[30]
      560 |       9 |     155 |       28 |      2 |    86 |    +1.1% |   -0.709 |      -16.5 |    466 | aluout[30]
      560 |       9 |     155 |       28 |      2 |    86 |    +1.1% |   -0.709 |      -16.5 |    465 | aluout[30]
      561 |       9 |     155 |       28 |      2 |    86 |    +1.1% |   -0.709 |      -16.5 |    464 | aluout[30]
      562 |       9 |     155 |       28 |      2 |    86 |    +1.1% |   -0.709 |      -16.5 |    463 | aluout[30]
      563 |       9 |     155 |       28 |      2 |    86 |    +1.1% |   -0.709 |      -16.5 |    462 | aluout[30]
      564 |       9 |     155 |       28 |      2 |    86 |    +1.1% |   -0.709 |      -16.5 |    461 | aluout[30]
      565 |       9 |     155 |       28 |      2 |    86 |    +1.1% |   -0.709 |      -16.5 |    460 | aluout[30]
      566 |       9 |     155 |       28 |      2 |    86 |    +1.1% |   -0.709 |      -16.5 |    459 | aluout[30]
      567 |       9 |     155 |       28 |      2 |    86 |    +1.1% |   -0.709 |      -16.5 |    458 | aluout[30]
      568 |       9 |     155 |       28 |      2 |    86 |    +1.1% |   -0.709 |      -16.5 |    457 | aluout[30]
      569 |       9 |     155 |       28 |      2 |    86 |    +1.1% |   -0.709 |      -16.5 |    456 | aluout[30]
      570 |       9 |     155 |       28 |      2 |    86 |    +1.1% |   -0.709 |      -16.5 |    456 | aluout[30]
      570 |       9 |     155 |       28 |      2 |    86 |    +1.1% |   -0.709 |      -16.5 |    455 | aluout[30]
      571 |       9 |     155 |       28 |      2 |    86 |    +1.1% |   -0.709 |      -16.5 |    454 | aluout[30]
      572 |       9 |     155 |       28 |      2 |    86 |    +1.1% |   -0.709 |      -16.5 |    453 | aluout[30]
      573 |       9 |     155 |       28 |      2 |    86 |    +1.1% |   -0.709 |      -16.5 |    452 | aluout[30]
      574 |       9 |     155 |       28 |      2 |    86 |    +1.1% |   -0.709 |      -16.5 |    451 | aluout[30]
      575 |       9 |     155 |       28 |      2 |    86 |    +1.1% |   -0.709 |      -16.5 |    450 | aluout[30]
      576 |       9 |     155 |       28 |      2 |    86 |    +1.1% |   -0.709 |      -16.5 |    449 | aluout[30]
      577 |       9 |     155 |       28 |      2 |    86 |    +1.1% |   -0.709 |      -16.5 |    448 | aluout[30]
      578 |       9 |     155 |       28 |      2 |    86 |    +1.1% |   -0.709 |      -16.5 |    447 | aluout[30]
      579 |       9 |     155 |       28 |      2 |    86 |    +1.1% |   -0.709 |      -16.5 |    446 | aluout[30]
      580 |       9 |     155 |       28 |      2 |    86 |    +1.1% |   -0.709 |      -16.5 |    446 | aluout[30]
      580 |       9 |     155 |       28 |      2 |    86 |    +1.1% |   -0.709 |      -16.5 |    445 | aluout[30]
      581 |       9 |     155 |       28 |      2 |    86 |    +1.1% |   -0.709 |      -16.5 |    444 | aluout[30]
      582 |       9 |     155 |       28 |      2 |    86 |    +1.1% |   -0.709 |      -16.5 |    443 | aluout[30]
      583 |       9 |     155 |       28 |      2 |    86 |    +1.1% |   -0.709 |      -16.5 |    442 | aluout[30]
      584 |       9 |     155 |       28 |      2 |    86 |    +1.1% |   -0.709 |      -16.5 |    441 | aluout[30]
      585 |       9 |     155 |       28 |      2 |    86 |    +1.1% |   -0.709 |      -16.5 |    440 | aluout[30]
      586 |       9 |     155 |       28 |      2 |    86 |    +1.1% |   -0.709 |      -16.5 |    439 | aluout[30]
      587 |       9 |     155 |       28 |      2 |    86 |    +1.1% |   -0.709 |      -16.5 |    438 | aluout[30]
      588 |       9 |     155 |       28 |      2 |    86 |    +1.1% |   -0.709 |      -16.5 |    437 | aluout[30]
      589 |       9 |     155 |       28 |      2 |    86 |    +1.1% |   -0.709 |      -16.5 |    436 | aluout[30]
      590 |       9 |     155 |       28 |      2 |    86 |    +1.1% |   -0.709 |      -16.5 |    436 | aluout[30]
      590 |       9 |     155 |       28 |      2 |    86 |    +1.1% |   -0.709 |      -16.5 |    435 | aluout[30]
      591 |       9 |     155 |       28 |      2 |    86 |    +1.1% |   -0.709 |      -16.5 |    434 | aluout[30]
      592 |       9 |     155 |       28 |      2 |    86 |    +1.1% |   -0.709 |      -16.5 |    433 | aluout[30]
      593 |       9 |     155 |       28 |      2 |    86 |    +1.1% |   -0.709 |      -16.5 |    432 | aluout[30]
      594 |       9 |     155 |       28 |      2 |    86 |    +1.1% |   -0.709 |      -16.5 |    431 | aluout[30]
      595 |       9 |     155 |       28 |      2 |    86 |    +1.1% |   -0.709 |      -16.5 |    430 | aluout[30]
      596 |       9 |     155 |       28 |      2 |    86 |    +1.1% |   -0.709 |      -16.5 |    429 | aluout[30]
      597 |       9 |     155 |       28 |      2 |    86 |    +1.1% |   -0.709 |      -16.5 |    428 | aluout[30]
      598 |       9 |     155 |       28 |      2 |    86 |    +1.1% |   -0.709 |      -16.5 |    427 | aluout[30]
      599 |       9 |     155 |       28 |      2 |    86 |    +1.1% |   -0.709 |      -16.5 |    426 | aluout[30]
      600 |       9 |     155 |       28 |      2 |    86 |    +1.1% |   -0.709 |      -16.5 |    426 | aluout[30]
      600 |       9 |     155 |       28 |      2 |    86 |    +1.1% |   -0.709 |      -16.5 |    425 | aluout[30]
      601 |       9 |     155 |       28 |      2 |    86 |    +1.1% |   -0.709 |      -16.5 |    424 | aluout[30]
      602 |       9 |     155 |       28 |      2 |    86 |    +1.1% |   -0.709 |      -16.5 |    423 | aluout[30]
      603 |       9 |     155 |       28 |      2 |    86 |    +1.1% |   -0.709 |      -16.5 |    422 | aluout[30]
      604 |       9 |     155 |       28 |      2 |    86 |    +1.1% |   -0.709 |      -16.5 |    421 | aluout[30]
      605 |       9 |     155 |       28 |      2 |    86 |    +1.1% |   -0.709 |      -16.5 |    420 | aluout[30]
      606 |       9 |     155 |       28 |      2 |    86 |    +1.1% |   -0.709 |      -16.5 |    419 | aluout[30]
      607 |       9 |     155 |       28 |      2 |    86 |    +1.1% |   -0.709 |      -16.5 |    418 | aluout[30]
      608 |       9 |     155 |       28 |      2 |    86 |    +1.1% |   -0.709 |      -16.5 |    417 | aluout[30]
      609 |       9 |     155 |       28 |      2 |    86 |    +1.1% |   -0.709 |      -16.5 |    416 | aluout[30]
      610 |       9 |     155 |       28 |      2 |    86 |    +1.1% |   -0.709 |      -16.5 |    416 | aluout[30]
      610 |       9 |     155 |       28 |      2 |    86 |    +1.1% |   -0.709 |      -16.5 |    415 | aluout[30]
      611 |       9 |     155 |       28 |      2 |    86 |    +1.1% |   -0.709 |      -16.5 |    414 | aluout[30]
      612 |       9 |     155 |       28 |      2 |    86 |    +1.1% |   -0.709 |      -16.5 |    413 | aluout[30]
      613 |       9 |     155 |       28 |      2 |    86 |    +1.1% |   -0.709 |      -16.5 |    412 | aluout[30]
      614 |       9 |     155 |       28 |      2 |    86 |    +1.1% |   -0.709 |      -16.5 |    411 | aluout[30]
      615 |       9 |     155 |       28 |      2 |    86 |    +1.1% |   -0.709 |      -16.5 |    410 | aluout[30]
      616 |       9 |     155 |       28 |      2 |    86 |    +1.1% |   -0.709 |      -16.5 |    409 | aluout[30]
      617 |       9 |     155 |       28 |      2 |    86 |    +1.1% |   -0.709 |      -16.5 |    408 | aluout[30]
      618 |       9 |     155 |       28 |      2 |    86 |    +1.1% |   -0.709 |      -16.5 |    407 | aluout[30]
      619 |       9 |     155 |       28 |      2 |    86 |    +1.1% |   -0.709 |      -16.5 |    406 | aluout[30]
      620 |       9 |     155 |       28 |      2 |    86 |    +1.1% |   -0.709 |      -16.5 |    406 | aluout[30]
      620 |       9 |     155 |       28 |      2 |    86 |    +1.1% |   -0.709 |      -16.5 |    405 | aluout[30]
      621 |       9 |     155 |       28 |      2 |    86 |    +1.1% |   -0.709 |      -16.5 |    404 | aluout[30]
      622 |       9 |     155 |       28 |      2 |    86 |    +1.1% |   -0.709 |      -16.5 |    403 | aluout[30]
      623 |       9 |     155 |       28 |      2 |    86 |    +1.1% |   -0.709 |      -16.5 |    402 | aluout[30]
      624 |       9 |     155 |       28 |      2 |    86 |    +1.1% |   -0.709 |      -16.5 |    401 | aluout[30]
      625 |       9 |     155 |       28 |      2 |    86 |    +1.1% |   -0.709 |      -16.5 |    400 | aluout[30]
      626 |       9 |     155 |       28 |      2 |    86 |    +1.1% |   -0.709 |      -16.5 |    399 | aluout[30]
      627 |       9 |     155 |       28 |      2 |    86 |    +1.1% |   -0.709 |      -16.5 |    398 | aluout[30]
      628 |       9 |     155 |       28 |      2 |    86 |    +1.1% |   -0.709 |      -16.5 |    397 | aluout[30]
      629 |       9 |     155 |       28 |      2 |    86 |    +1.1% |   -0.709 |      -16.5 |    396 | aluout[30]
      630 |       9 |     155 |       28 |      2 |    86 |    +1.1% |   -0.709 |      -16.5 |    396 | aluout[30]
      630 |       9 |     155 |       28 |      2 |    86 |    +1.1% |   -0.709 |      -16.5 |    395 | aluout[30]
      631 |       9 |     155 |       28 |      2 |    86 |    +1.1% |   -0.709 |      -16.5 |    394 | aluout[30]
      632 |       9 |     155 |       28 |      2 |    86 |    +1.1% |   -0.709 |      -16.5 |    393 | aluout[30]
      633 |       9 |     155 |       28 |      2 |    86 |    +1.1% |   -0.709 |      -16.5 |    392 | aluout[30]
      634 |       9 |     155 |       28 |      2 |    86 |    +1.1% |   -0.709 |      -16.5 |    391 | aluout[30]
      635 |       9 |     155 |       28 |      2 |    86 |    +1.1% |   -0.709 |      -16.5 |    390 | aluout[30]
      636 |       9 |     155 |       28 |      2 |    86 |    +1.1% |   -0.709 |      -16.5 |    389 | aluout[30]
      637 |       9 |     155 |       28 |      2 |    86 |    +1.1% |   -0.709 |      -16.5 |    388 | aluout[30]
      638 |       9 |     155 |       28 |      2 |    86 |    +1.1% |   -0.709 |      -16.5 |    387 | aluout[30]
      639 |       9 |     155 |       28 |      2 |    86 |    +1.1% |   -0.709 |      -16.5 |    386 | aluout[30]
      640 |       9 |     155 |       28 |      2 |    86 |    +1.1% |   -0.709 |      -16.5 |    386 | aluout[30]
      640 |       9 |     155 |       28 |      2 |    86 |    +1.1% |   -0.709 |      -16.5 |    385 | aluout[30]
      641 |       9 |     155 |       28 |      2 |    86 |    +1.1% |   -0.709 |      -16.5 |    384 | aluout[30]
      642 |       9 |     155 |       28 |      2 |    86 |    +1.1% |   -0.709 |      -16.5 |    383 | aluout[30]
      643 |       9 |     155 |       28 |      2 |    86 |    +1.1% |   -0.709 |      -16.5 |    382 | aluout[30]
      644 |       9 |     155 |       28 |      2 |    86 |    +1.1% |   -0.709 |      -16.5 |    381 | aluout[30]
      645 |       9 |     155 |       28 |      2 |    86 |    +1.1% |   -0.709 |      -16.5 |    380 | aluout[30]
      646 |       9 |     155 |       28 |      2 |    86 |    +1.1% |   -0.709 |      -16.5 |    379 | aluout[30]
      647 |       9 |     155 |       28 |      2 |    86 |    +1.1% |   -0.709 |      -16.5 |    378 | aluout[30]
      648 |       9 |     155 |       28 |      2 |    86 |    +1.1% |   -0.709 |      -16.5 |    377 | aluout[30]
      649 |       9 |     155 |       28 |      2 |    86 |    +1.1% |   -0.709 |      -16.5 |    376 | aluout[30]
      650 |       9 |     155 |       28 |      2 |    86 |    +1.1% |   -0.709 |      -16.5 |    376 | aluout[30]
      650 |       9 |     155 |       28 |      2 |    86 |    +1.1% |   -0.709 |      -16.5 |    375 | aluout[30]
      651 |       9 |     155 |       28 |      2 |    86 |    +1.1% |   -0.709 |      -16.5 |    374 | aluout[30]
      652 |       9 |     155 |       28 |      2 |    86 |    +1.1% |   -0.709 |      -16.5 |    373 | aluout[30]
      653 |       9 |     155 |       28 |      2 |    86 |    +1.1% |   -0.709 |      -16.5 |    372 | aluout[30]
      654 |       9 |     155 |       28 |      2 |    86 |    +1.1% |   -0.709 |      -16.5 |    371 | aluout[30]
      655 |       9 |     155 |       28 |      2 |    86 |    +1.1% |   -0.709 |      -16.5 |    370 | aluout[30]
      656 |       9 |     155 |       28 |      2 |    86 |    +1.1% |   -0.709 |      -16.5 |    369 | aluout[30]
      657 |       9 |     155 |       28 |      2 |    86 |    +1.1% |   -0.709 |      -16.5 |    368 | aluout[30]
      658 |       9 |     155 |       28 |      2 |    86 |    +1.1% |   -0.709 |      -16.5 |    367 | aluout[30]
      659 |       9 |     155 |       28 |      2 |    86 |    +1.1% |   -0.709 |      -16.5 |    366 | aluout[30]
      660 |       9 |     155 |       28 |      2 |    86 |    +1.1% |   -0.709 |      -16.5 |    366 | aluout[30]
      660 |       9 |     155 |       28 |      2 |    86 |    +1.1% |   -0.709 |      -16.5 |    365 | aluout[30]
      661 |       9 |     155 |       28 |      2 |    86 |    +1.1% |   -0.709 |      -16.5 |    364 | aluout[30]
      662 |       9 |     155 |       28 |      2 |    86 |    +1.1% |   -0.709 |      -16.5 |    363 | aluout[30]
      663 |       9 |     155 |       28 |      2 |    86 |    +1.1% |   -0.709 |      -16.5 |    362 | aluout[30]
      664 |       9 |     155 |       28 |      2 |    86 |    +1.1% |   -0.709 |      -16.5 |    361 | aluout[30]
      665 |       9 |     155 |       28 |      2 |    86 |    +1.1% |   -0.709 |      -16.5 |    360 | aluout[30]
      666 |       9 |     155 |       28 |      2 |    86 |    +1.1% |   -0.709 |      -16.5 |    359 | aluout[30]
      667 |       9 |     155 |       28 |      2 |    86 |    +1.1% |   -0.709 |      -16.5 |    358 | aluout[30]
      668 |       9 |     155 |       28 |      2 |    86 |    +1.1% |   -0.709 |      -16.5 |    357 | aluout[30]
      669 |       9 |     155 |       28 |      2 |    86 |    +1.1% |   -0.709 |      -16.5 |    356 | aluout[30]
      670 |       9 |     155 |       28 |      2 |    86 |    +1.1% |   -0.709 |      -16.5 |    356 | aluout[30]
      670 |       9 |     155 |       28 |      2 |    86 |    +1.1% |   -0.709 |      -16.5 |    355 | aluout[30]
      671 |       9 |     155 |       28 |      2 |    86 |    +1.1% |   -0.709 |      -16.5 |    354 | aluout[30]
      672 |       9 |     155 |       28 |      2 |    86 |    +1.1% |   -0.709 |      -16.5 |    353 | aluout[30]
      673 |       9 |     155 |       28 |      2 |    86 |    +1.1% |   -0.709 |      -16.5 |    352 | aluout[30]
      674 |       9 |     155 |       28 |      2 |    86 |    +1.1% |   -0.709 |      -16.5 |    351 | aluout[30]
      675 |       9 |     155 |       28 |      2 |    86 |    +1.1% |   -0.709 |      -16.5 |    350 | aluout[30]
      676 |       9 |     155 |       28 |      2 |    86 |    +1.1% |   -0.709 |      -16.5 |    349 | aluout[30]
      677 |       9 |     155 |       28 |      2 |    86 |    +1.1% |   -0.709 |      -16.5 |    348 | aluout[30]
      678 |       9 |     155 |       28 |      2 |    86 |    +1.1% |   -0.709 |      -16.5 |    347 | aluout[30]
      679 |       9 |     155 |       28 |      2 |    86 |    +1.1% |   -0.709 |      -16.5 |    346 | aluout[30]
      680 |       9 |     155 |       28 |      2 |    86 |    +1.1% |   -0.709 |      -16.5 |    346 | aluout[30]
      680 |       9 |     155 |       28 |      2 |    86 |    +1.1% |   -0.709 |      -16.5 |    345 | aluout[30]
      681 |       9 |     155 |       28 |      2 |    86 |    +1.1% |   -0.709 |      -16.5 |    344 | aluout[30]
      682 |       9 |     155 |       28 |      2 |    86 |    +1.1% |   -0.709 |      -16.5 |    343 | aluout[30]
      683 |       9 |     155 |       28 |      2 |    86 |    +1.1% |   -0.709 |      -16.5 |    342 | aluout[30]
      684 |       9 |     155 |       28 |      2 |    86 |    +1.1% |   -0.709 |      -16.5 |    341 | aluout[30]
      685 |       9 |     155 |       28 |      2 |    86 |    +1.1% |   -0.709 |      -16.5 |    340 | aluout[30]
      686 |       9 |     155 |       28 |      2 |    86 |    +1.1% |   -0.709 |      -16.5 |    339 | aluout[30]
      687 |       9 |     155 |       28 |      2 |    86 |    +1.1% |   -0.709 |      -16.5 |    338 | aluout[30]
      688 |       9 |     155 |       28 |      2 |    86 |    +1.1% |   -0.709 |      -16.5 |    337 | aluout[30]
      689 |       9 |     155 |       28 |      2 |    86 |    +1.1% |   -0.709 |      -16.5 |    336 | aluout[30]
      690 |       9 |     155 |       28 |      2 |    86 |    +1.1% |   -0.709 |      -16.5 |    336 | aluout[30]
      690 |       9 |     155 |       28 |      2 |    86 |    +1.1% |   -0.709 |      -16.5 |    335 | aluout[30]
      691 |       9 |     155 |       28 |      2 |    86 |    +1.1% |   -0.709 |      -16.5 |    334 | aluout[30]
      692 |       9 |     155 |       28 |      2 |    86 |    +1.1% |   -0.709 |      -16.5 |    333 | aluout[30]
      693 |       9 |     155 |       28 |      2 |    86 |    +1.1% |   -0.709 |      -16.5 |    332 | aluout[30]
      694 |       9 |     155 |       28 |      2 |    86 |    +1.1% |   -0.709 |      -16.5 |    331 | aluout[30]
      695 |       9 |     155 |       28 |      2 |    86 |    +1.1% |   -0.709 |      -16.5 |    330 | aluout[30]
      696 |       9 |     155 |       28 |      2 |    86 |    +1.1% |   -0.709 |      -16.5 |    329 | aluout[30]
      697 |       9 |     155 |       28 |      2 |    86 |    +1.1% |   -0.709 |      -16.5 |    328 | aluout[30]
      698 |       9 |     155 |       28 |      2 |    86 |    +1.1% |   -0.709 |      -16.5 |    327 | aluout[30]
      700 |       9 |     155 |       28 |      2 |    87 |    +1.1% |   -0.709 |      -16.5 |    327 | aluout[30]
      710 |      10 |     159 |       29 |      2 |    91 |    +1.1% |   -0.709 |      -16.8 |    327 | aluout[30]
      720 |      10 |     163 |       35 |      2 |    93 |    +1.2% |   -0.709 |      -16.9 |    327 | aluout[30]
      730 |      11 |     169 |       36 |      2 |    95 |    +1.2% |   -0.709 |      -16.8 |    327 | aluout[30]
      732 |       9 |     155 |       28 |      2 |    86 |    +1.1% |   -0.709 |      -16.5 |    327 | aluout[30]
      734 |       9 |     156 |       28 |      2 |    86 |    +1.1% |   -0.709 |      -16.5 |    325 | aluout[30]
      736 |       9 |     157 |       28 |      2 |    86 |    +1.1% |   -0.709 |      -16.2 |    323 | aluout[30]
      737 |       9 |     157 |       28 |      2 |    86 |    +1.1% |   -0.709 |      -16.2 |    322 | aluout[30]
      738 |       9 |     157 |       28 |      2 |    86 |    +1.1% |   -0.709 |      -16.2 |    321 | aluout[30]
      739 |       9 |     157 |       28 |      2 |    86 |    +1.1% |   -0.709 |      -16.2 |    320 | aluout[30]
      740 |       9 |     157 |       28 |      2 |    86 |    +1.1% |   -0.709 |      -16.2 |    320 | aluout[30]
      740 |       9 |     157 |       28 |      2 |    86 |    +1.1% |   -0.709 |      -16.2 |    319 | aluout[30]
      741 |       9 |     157 |       28 |      2 |    86 |    +1.1% |   -0.709 |      -16.2 |    318 | aluout[30]
      742 |       9 |     157 |       28 |      2 |    86 |    +1.1% |   -0.709 |      -16.2 |    317 | aluout[30]
      743 |       9 |     157 |       28 |      2 |    86 |    +1.1% |   -0.709 |      -16.2 |    316 | aluout[30]
      744 |       9 |     157 |       28 |      2 |    86 |    +1.1% |   -0.709 |      -16.2 |    315 | aluout[30]
      745 |       9 |     157 |       28 |      2 |    86 |    +1.1% |   -0.709 |      -16.2 |    314 | aluout[30]
      746 |       9 |     157 |       28 |      2 |    86 |    +1.1% |   -0.709 |      -16.2 |    313 | aluout[30]
      747 |       9 |     157 |       28 |      2 |    86 |    +1.1% |   -0.709 |      -16.2 |    312 | aluout[30]
      748 |       9 |     157 |       28 |      2 |    86 |    +1.1% |   -0.709 |      -16.2 |    311 | aluout[30]
      749 |       9 |     157 |       28 |      2 |    86 |    +1.1% |   -0.709 |      -16.2 |    310 | aluout[30]
      750 |       9 |     157 |       28 |      2 |    86 |    +1.1% |   -0.709 |      -16.2 |    310 | aluout[30]
      750 |       9 |     157 |       28 |      2 |    86 |    +1.1% |   -0.709 |      -16.2 |    309 | aluout[30]
      751 |       9 |     157 |       28 |      2 |    86 |    +1.1% |   -0.709 |      -16.2 |    308 | aluout[30]
      752 |       9 |     157 |       28 |      2 |    86 |    +1.1% |   -0.709 |      -16.2 |    307 | aluout[30]
      753 |       9 |     157 |       28 |      2 |    86 |    +1.1% |   -0.709 |      -16.2 |    306 | aluout[30]
      754 |       9 |     157 |       28 |      2 |    86 |    +1.1% |   -0.709 |      -16.2 |    305 | aluout[30]
      755 |       9 |     157 |       28 |      2 |    86 |    +1.1% |   -0.709 |      -16.2 |    304 | aluout[30]
      756 |       9 |     157 |       28 |      2 |    86 |    +1.1% |   -0.709 |      -16.2 |    303 | aluout[30]
      757 |       9 |     157 |       28 |      2 |    86 |    +1.1% |   -0.709 |      -16.2 |    302 | aluout[30]
      758 |       9 |     157 |       28 |      2 |    86 |    +1.1% |   -0.709 |      -16.2 |    301 | aluout[30]
      759 |       9 |     157 |       28 |      2 |    86 |    +1.1% |   -0.709 |      -16.2 |    300 | aluout[30]
      760 |       9 |     157 |       28 |      2 |    86 |    +1.1% |   -0.709 |      -16.2 |    300 | aluout[30]
      760 |       9 |     157 |       28 |      2 |    86 |    +1.1% |   -0.709 |      -16.2 |    299 | aluout[30]
      761 |       9 |     157 |       28 |      2 |    86 |    +1.1% |   -0.709 |      -16.2 |    298 | aluout[30]
      762 |       9 |     157 |       28 |      2 |    86 |    +1.1% |   -0.709 |      -16.2 |    297 | aluout[30]
      763 |       9 |     157 |       28 |      2 |    86 |    +1.1% |   -0.709 |      -16.2 |    296 | aluout[30]
      764 |       9 |     157 |       28 |      2 |    86 |    +1.1% |   -0.709 |      -16.2 |    295 | aluout[30]
      765 |       9 |     157 |       28 |      2 |    86 |    +1.1% |   -0.709 |      -16.2 |    294 | aluout[30]
      766 |       9 |     157 |       28 |      2 |    86 |    +1.1% |   -0.709 |      -16.2 |    293 | aluout[30]
      767 |       9 |     157 |       28 |      2 |    86 |    +1.1% |   -0.709 |      -16.2 |    292 | aluout[30]
      768 |       9 |     157 |       28 |      2 |    86 |    +1.1% |   -0.709 |      -16.2 |    291 | aluout[30]
      769 |       9 |     157 |       28 |      2 |    86 |    +1.1% |   -0.709 |      -16.2 |    290 | aluout[30]
      770 |       9 |     157 |       28 |      2 |    86 |    +1.1% |   -0.709 |      -16.2 |    290 | aluout[30]
      770 |       9 |     157 |       28 |      2 |    86 |    +1.1% |   -0.709 |      -16.2 |    289 | aluout[30]
      771 |       9 |     157 |       28 |      2 |    86 |    +1.1% |   -0.709 |      -16.2 |    288 | aluout[30]
      772 |       9 |     157 |       28 |      2 |    86 |    +1.1% |   -0.709 |      -16.2 |    287 | aluout[30]
      773 |       9 |     157 |       28 |      2 |    86 |    +1.1% |   -0.709 |      -16.2 |    286 | aluout[30]
      774 |       9 |     157 |       28 |      2 |    86 |    +1.1% |   -0.709 |      -16.2 |    285 | aluout[30]
      775 |       9 |     157 |       28 |      2 |    86 |    +1.1% |   -0.709 |      -16.2 |    284 | aluout[30]
      776 |       9 |     157 |       28 |      2 |    86 |    +1.1% |   -0.709 |      -16.2 |    283 | aluout[30]
      777 |       9 |     157 |       28 |      2 |    86 |    +1.1% |   -0.709 |      -16.2 |    282 | aluout[30]
      778 |       9 |     157 |       28 |      2 |    86 |    +1.1% |   -0.709 |      -16.2 |    281 | aluout[30]
      779 |       9 |     157 |       28 |      2 |    86 |    +1.1% |   -0.709 |      -16.2 |    280 | aluout[30]
      780 |       9 |     157 |       28 |      2 |    86 |    +1.1% |   -0.709 |      -16.2 |    280 | aluout[30]
      780 |       9 |     157 |       28 |      2 |    86 |    +1.1% |   -0.709 |      -16.2 |    279 | aluout[30]
      781 |       9 |     157 |       28 |      2 |    86 |    +1.1% |   -0.709 |      -16.2 |    278 | aluout[30]
      782 |       9 |     157 |       28 |      2 |    86 |    +1.1% |   -0.709 |      -16.2 |    277 | aluout[30]
      783 |       9 |     157 |       28 |      2 |    86 |    +1.1% |   -0.709 |      -16.2 |    276 | aluout[30]
      784 |       9 |     157 |       28 |      2 |    86 |    +1.1% |   -0.709 |      -16.2 |    275 | aluout[30]
      785 |       9 |     157 |       28 |      2 |    86 |    +1.1% |   -0.709 |      -16.2 |    274 | aluout[30]
      786 |       9 |     157 |       28 |      2 |    86 |    +1.1% |   -0.709 |      -16.2 |    273 | aluout[30]
      787 |       9 |     157 |       28 |      2 |    86 |    +1.1% |   -0.709 |      -16.2 |    272 | aluout[30]
      788 |       9 |     157 |       28 |      2 |    86 |    +1.1% |   -0.709 |      -16.2 |    271 | aluout[30]
      789 |       9 |     157 |       28 |      2 |    86 |    +1.1% |   -0.709 |      -16.2 |    270 | aluout[30]
      790 |       9 |     157 |       28 |      2 |    86 |    +1.1% |   -0.709 |      -16.2 |    270 | aluout[30]
      790 |       9 |     157 |       28 |      2 |    86 |    +1.1% |   -0.709 |      -16.2 |    269 | aluout[30]
      791 |       9 |     157 |       28 |      2 |    86 |    +1.1% |   -0.709 |      -16.2 |    268 | aluout[30]
      792 |       9 |     157 |       28 |      2 |    86 |    +1.1% |   -0.709 |      -16.2 |    267 | aluout[30]
      793 |       9 |     157 |       28 |      2 |    86 |    +1.1% |   -0.709 |      -16.2 |    266 | aluout[30]
      794 |       9 |     157 |       28 |      2 |    86 |    +1.1% |   -0.709 |      -16.2 |    265 | aluout[30]
      795 |       9 |     157 |       28 |      2 |    86 |    +1.1% |   -0.709 |      -16.2 |    264 | aluout[30]
      796 |       9 |     157 |       28 |      2 |    86 |    +1.1% |   -0.709 |      -16.2 |    263 | aluout[30]
      797 |       9 |     157 |       28 |      2 |    86 |    +1.1% |   -0.709 |      -16.2 |    262 | aluout[30]
      798 |       9 |     157 |       28 |      2 |    86 |    +1.1% |   -0.709 |      -16.2 |    261 | aluout[30]
      799 |       9 |     157 |       28 |      2 |    86 |    +1.1% |   -0.709 |      -16.2 |    260 | aluout[30]
      800 |       9 |     157 |       28 |      2 |    86 |    +1.1% |   -0.709 |      -16.2 |    260 | aluout[30]
      800 |       9 |     157 |       28 |      2 |    86 |    +1.1% |   -0.709 |      -16.2 |    259 | aluout[30]
      801 |       9 |     157 |       28 |      2 |    86 |    +1.1% |   -0.709 |      -16.2 |    258 | aluout[30]
      802 |       9 |     157 |       28 |      2 |    86 |    +1.1% |   -0.709 |      -16.2 |    257 | aluout[30]
      803 |       9 |     157 |       28 |      2 |    86 |    +1.1% |   -0.709 |      -16.2 |    256 | aluout[30]
      804 |       9 |     157 |       28 |      2 |    86 |    +1.1% |   -0.709 |      -16.2 |    255 | aluout[30]
      805 |       9 |     157 |       28 |      2 |    86 |    +1.1% |   -0.709 |      -16.2 |    254 | aluout[30]
      806 |       9 |     157 |       28 |      2 |    86 |    +1.1% |   -0.709 |      -16.2 |    253 | aluout[30]
      807 |       9 |     157 |       28 |      2 |    86 |    +1.1% |   -0.709 |      -16.2 |    252 | aluout[30]
      808 |       9 |     157 |       28 |      2 |    86 |    +1.1% |   -0.709 |      -16.2 |    251 | aluout[30]
      809 |       9 |     157 |       28 |      2 |    86 |    +1.1% |   -0.709 |      -16.2 |    250 | aluout[30]
      810 |       9 |     157 |       28 |      2 |    86 |    +1.1% |   -0.709 |      -16.2 |    250 | aluout[30]
      810 |       9 |     157 |       28 |      2 |    86 |    +1.1% |   -0.709 |      -16.2 |    249 | aluout[30]
      811 |       9 |     157 |       28 |      2 |    86 |    +1.1% |   -0.709 |      -16.2 |    248 | aluout[30]
      812 |       9 |     157 |       28 |      2 |    86 |    +1.1% |   -0.709 |      -16.2 |    247 | aluout[30]
      813 |       9 |     157 |       28 |      2 |    86 |    +1.1% |   -0.709 |      -16.2 |    246 | aluout[30]
      814 |       9 |     157 |       28 |      2 |    86 |    +1.1% |   -0.709 |      -16.2 |    245 | aluout[30]
      815 |       9 |     157 |       28 |      2 |    86 |    +1.1% |   -0.709 |      -16.2 |    244 | aluout[30]
      816 |       9 |     157 |       28 |      2 |    86 |    +1.1% |   -0.709 |      -16.2 |    243 | aluout[30]
      817 |       9 |     157 |       28 |      2 |    86 |    +1.1% |   -0.709 |      -16.2 |    242 | aluout[30]
      818 |       9 |     157 |       28 |      2 |    86 |    +1.1% |   -0.709 |      -16.2 |    241 | aluout[30]
      819 |       9 |     157 |       28 |      2 |    86 |    +1.1% |   -0.709 |      -16.2 |    240 | aluout[30]
      820 |       9 |     157 |       28 |      2 |    86 |    +1.1% |   -0.709 |      -16.2 |    240 | aluout[30]
      820 |       9 |     157 |       28 |      2 |    86 |    +1.1% |   -0.709 |      -16.2 |    239 | aluout[30]
      821 |       9 |     157 |       28 |      2 |    86 |    +1.1% |   -0.709 |      -16.2 |    238 | aluout[30]
      822 |       9 |     157 |       28 |      2 |    86 |    +1.1% |   -0.709 |      -16.2 |    237 | aluout[30]
      823 |       9 |     157 |       28 |      2 |    86 |    +1.1% |   -0.709 |      -16.2 |    236 | aluout[30]
      824 |       9 |     157 |       28 |      2 |    86 |    +1.1% |   -0.709 |      -16.2 |    235 | aluout[30]
      825 |       9 |     157 |       28 |      2 |    86 |    +1.1% |   -0.709 |      -16.2 |    234 | aluout[30]
      826 |       9 |     157 |       28 |      2 |    86 |    +1.1% |   -0.709 |      -16.2 |    233 | aluout[30]
      827 |       9 |     157 |       28 |      2 |    86 |    +1.1% |   -0.709 |      -16.2 |    232 | aluout[30]
      828 |       9 |     157 |       28 |      2 |    86 |    +1.1% |   -0.709 |      -16.2 |    231 | aluout[30]
      829 |       9 |     157 |       28 |      2 |    86 |    +1.1% |   -0.709 |      -16.2 |    230 | aluout[30]
      830 |       9 |     157 |       28 |      2 |    86 |    +1.1% |   -0.709 |      -16.2 |    230 | aluout[30]
      830 |       9 |     157 |       28 |      2 |    86 |    +1.1% |   -0.709 |      -16.2 |    229 | aluout[30]
      831 |       9 |     157 |       28 |      2 |    86 |    +1.1% |   -0.709 |      -16.2 |    228 | aluout[30]
      832 |       9 |     157 |       28 |      2 |    86 |    +1.1% |   -0.709 |      -16.2 |    227 | aluout[30]
      833 |       9 |     157 |       28 |      2 |    86 |    +1.1% |   -0.709 |      -16.2 |    226 | aluout[30]
      834 |       9 |     157 |       28 |      2 |    86 |    +1.1% |   -0.709 |      -16.2 |    225 | aluout[30]
      835 |       9 |     157 |       28 |      2 |    86 |    +1.1% |   -0.709 |      -16.2 |    224 | aluout[30]
      836 |       9 |     157 |       28 |      2 |    86 |    +1.1% |   -0.709 |      -16.2 |    223 | aluout[30]
      837 |       9 |     157 |       28 |      2 |    86 |    +1.1% |   -0.709 |      -16.2 |    222 | aluout[30]
      838 |       9 |     157 |       28 |      2 |    86 |    +1.1% |   -0.709 |      -16.2 |    221 | aluout[30]
      839 |       9 |     157 |       28 |      2 |    86 |    +1.1% |   -0.709 |      -16.2 |    220 | aluout[30]
      840 |       9 |     157 |       28 |      2 |    86 |    +1.1% |   -0.709 |      -16.2 |    220 | aluout[30]
      840 |       9 |     157 |       28 |      2 |    86 |    +1.1% |   -0.709 |      -16.2 |    219 | aluout[30]
      841 |       9 |     157 |       28 |      2 |    86 |    +1.1% |   -0.709 |      -16.2 |    218 | aluout[30]
      842 |       9 |     157 |       28 |      2 |    86 |    +1.1% |   -0.709 |      -16.2 |    217 | aluout[30]
      843 |       9 |     157 |       28 |      2 |    86 |    +1.1% |   -0.709 |      -16.2 |    216 | aluout[30]
      844 |       9 |     157 |       28 |      2 |    86 |    +1.1% |   -0.709 |      -16.2 |    215 | aluout[30]
      845 |       9 |     157 |       28 |      2 |    86 |    +1.1% |   -0.709 |      -16.2 |    214 | aluout[30]
      846 |       9 |     157 |       28 |      2 |    86 |    +1.1% |   -0.709 |      -16.2 |    213 | aluout[30]
      847 |       9 |     157 |       28 |      2 |    86 |    +1.1% |   -0.709 |      -16.2 |    212 | aluout[30]
      848 |       9 |     157 |       28 |      2 |    86 |    +1.1% |   -0.709 |      -16.2 |    211 | aluout[30]
      849 |       9 |     157 |       28 |      2 |    86 |    +1.1% |   -0.709 |      -16.2 |    210 | aluout[30]
      850 |       9 |     157 |       28 |      2 |    86 |    +1.1% |   -0.709 |      -16.2 |    210 | aluout[30]
      850 |       9 |     157 |       28 |      2 |    86 |    +1.1% |   -0.709 |      -16.2 |    209 | aluout[30]
      851 |       9 |     157 |       28 |      2 |    86 |    +1.1% |   -0.709 |      -16.2 |    208 | aluout[30]
      852 |       9 |     157 |       28 |      2 |    86 |    +1.1% |   -0.709 |      -16.2 |    207 | aluout[30]
      853 |       9 |     157 |       28 |      2 |    86 |    +1.1% |   -0.709 |      -16.2 |    206 | aluout[30]
      854 |       9 |     157 |       28 |      2 |    86 |    +1.1% |   -0.709 |      -16.2 |    205 | aluout[30]
      855 |       9 |     157 |       28 |      2 |    86 |    +1.1% |   -0.709 |      -16.2 |    204 | aluout[30]
      856 |       9 |     157 |       28 |      2 |    86 |    +1.1% |   -0.709 |      -16.2 |    203 | aluout[30]
      857 |       9 |     157 |       28 |      2 |    86 |    +1.1% |   -0.709 |      -16.2 |    202 | aluout[30]
      858 |       9 |     157 |       28 |      2 |    86 |    +1.1% |   -0.709 |      -16.2 |    201 | aluout[30]
      859 |       9 |     157 |       28 |      2 |    86 |    +1.1% |   -0.709 |      -16.2 |    200 | aluout[30]
      860 |       9 |     157 |       28 |      2 |    86 |    +1.1% |   -0.709 |      -16.2 |    200 | aluout[30]
      860 |       9 |     157 |       28 |      2 |    86 |    +1.1% |   -0.709 |      -16.2 |    199 | aluout[30]
      861 |       9 |     157 |       28 |      2 |    86 |    +1.1% |   -0.709 |      -16.2 |    198 | aluout[30]
      862 |       9 |     157 |       28 |      2 |    86 |    +1.1% |   -0.709 |      -16.2 |    197 | aluout[30]
      863 |       9 |     157 |       28 |      2 |    86 |    +1.1% |   -0.709 |      -16.2 |    196 | aluout[30]
      864 |       9 |     157 |       28 |      2 |    86 |    +1.1% |   -0.709 |      -16.2 |    195 | aluout[30]
      865 |       9 |     157 |       28 |      2 |    86 |    +1.1% |   -0.709 |      -16.2 |    194 | aluout[30]
      866 |       9 |     157 |       28 |      2 |    86 |    +1.1% |   -0.709 |      -16.2 |    193 | aluout[30]
      867 |       9 |     157 |       28 |      2 |    86 |    +1.1% |   -0.709 |      -16.2 |    192 | aluout[30]
      868 |       9 |     157 |       28 |      2 |    86 |    +1.1% |   -0.709 |      -16.2 |    191 | aluout[30]
      869 |       9 |     157 |       28 |      2 |    86 |    +1.1% |   -0.709 |      -16.2 |    190 | aluout[30]
      870 |       9 |     157 |       28 |      2 |    86 |    +1.1% |   -0.709 |      -16.2 |    190 | aluout[30]
      870 |       9 |     157 |       28 |      2 |    86 |    +1.1% |   -0.709 |      -16.2 |    189 | aluout[30]
      871 |       9 |     157 |       28 |      2 |    86 |    +1.1% |   -0.709 |      -16.2 |    188 | aluout[30]
      872 |       9 |     157 |       28 |      2 |    86 |    +1.1% |   -0.709 |      -16.2 |    187 | aluout[30]
      873 |       9 |     157 |       28 |      2 |    86 |    +1.1% |   -0.709 |      -16.2 |    186 | aluout[30]
      874 |       9 |     157 |       28 |      2 |    86 |    +1.1% |   -0.709 |      -16.2 |    185 | aluout[30]
      875 |       9 |     157 |       28 |      2 |    86 |    +1.1% |   -0.709 |      -16.2 |    184 | aluout[30]
      876 |       9 |     157 |       28 |      2 |    86 |    +1.1% |   -0.709 |      -16.2 |    183 | aluout[30]
      877 |       9 |     157 |       28 |      2 |    86 |    +1.1% |   -0.709 |      -16.2 |    182 | aluout[30]
      878 |       9 |     157 |       28 |      2 |    86 |    +1.1% |   -0.709 |      -16.2 |    181 | aluout[30]
      879 |       9 |     157 |       28 |      2 |    86 |    +1.1% |   -0.709 |      -16.2 |    180 | aluout[30]
      880 |       9 |     157 |       28 |      2 |    86 |    +1.1% |   -0.709 |      -16.2 |    180 | aluout[30]
      880 |       9 |     157 |       28 |      2 |    86 |    +1.1% |   -0.709 |      -16.2 |    179 | aluout[30]
      881 |       9 |     157 |       28 |      2 |    86 |    +1.1% |   -0.709 |      -16.2 |    178 | aluout[30]
      882 |       9 |     157 |       28 |      2 |    86 |    +1.1% |   -0.709 |      -16.2 |    177 | aluout[30]
      883 |       9 |     157 |       28 |      2 |    86 |    +1.1% |   -0.709 |      -16.2 |    176 | aluout[30]
      884 |       9 |     157 |       28 |      2 |    86 |    +1.1% |   -0.709 |      -16.2 |    175 | aluout[30]
      885 |       9 |     157 |       28 |      2 |    86 |    +1.1% |   -0.709 |      -16.2 |    174 | aluout[30]
      886 |       9 |     157 |       28 |      2 |    86 |    +1.1% |   -0.709 |      -16.2 |    173 | aluout[30]
      887 |       9 |     157 |       28 |      2 |    86 |    +1.1% |   -0.709 |      -16.2 |    172 | aluout[30]
      888 |       9 |     157 |       28 |      2 |    86 |    +1.1% |   -0.709 |      -16.2 |    171 | aluout[30]
      889 |       9 |     157 |       28 |      2 |    86 |    +1.1% |   -0.709 |      -16.2 |    170 | aluout[30]
      890 |       9 |     157 |       28 |      2 |    86 |    +1.1% |   -0.709 |      -16.2 |    170 | aluout[30]
      890 |       9 |     157 |       28 |      2 |    86 |    +1.1% |   -0.709 |      -16.2 |    169 | aluout[30]
      891 |       9 |     157 |       28 |      2 |    86 |    +1.1% |   -0.709 |      -16.2 |    168 | aluout[30]
      892 |       9 |     157 |       28 |      2 |    86 |    +1.1% |   -0.709 |      -16.2 |    167 | aluout[30]
      893 |       9 |     157 |       28 |      2 |    86 |    +1.1% |   -0.709 |      -16.2 |    166 | aluout[30]
      894 |       9 |     157 |       28 |      2 |    86 |    +1.1% |   -0.709 |      -16.2 |    165 | aluout[30]
      895 |       9 |     157 |       28 |      2 |    86 |    +1.1% |   -0.709 |      -16.2 |    164 | aluout[30]
      896 |       9 |     157 |       28 |      2 |    86 |    +1.1% |   -0.709 |      -16.2 |    163 | aluout[30]
      897 |       9 |     157 |       28 |      2 |    86 |    +1.1% |   -0.709 |      -16.2 |    162 | aluout[30]
      898 |       9 |     157 |       28 |      2 |    86 |    +1.1% |   -0.709 |      -16.2 |    161 | aluout[30]
      899 |       9 |     157 |       28 |      2 |    86 |    +1.1% |   -0.709 |      -16.2 |    160 | aluout[30]
      900 |       9 |     157 |       28 |      2 |    86 |    +1.1% |   -0.709 |      -16.2 |    160 | aluout[30]
      900 |       9 |     157 |       28 |      2 |    86 |    +1.1% |   -0.709 |      -16.2 |    159 | aluout[30]
      901 |       9 |     157 |       28 |      2 |    86 |    +1.1% |   -0.709 |      -16.2 |    158 | aluout[30]
      902 |       9 |     157 |       28 |      2 |    86 |    +1.1% |   -0.709 |      -16.2 |    157 | aluout[30]
      903 |       9 |     157 |       28 |      2 |    86 |    +1.1% |   -0.709 |      -16.2 |    156 | aluout[30]
      904 |       9 |     157 |       28 |      2 |    86 |    +1.1% |   -0.709 |      -16.2 |    155 | aluout[30]
      905 |       9 |     157 |       28 |      2 |    86 |    +1.1% |   -0.709 |      -16.2 |    154 | aluout[30]
      906 |       9 |     157 |       28 |      2 |    86 |    +1.1% |   -0.709 |      -16.2 |    153 | aluout[30]
      907 |       9 |     157 |       28 |      2 |    86 |    +1.1% |   -0.709 |      -16.2 |    152 | aluout[30]
      908 |       9 |     157 |       28 |      2 |    86 |    +1.1% |   -0.709 |      -16.2 |    151 | aluout[30]
      909 |       9 |     157 |       28 |      2 |    86 |    +1.1% |   -0.709 |      -16.2 |    150 | aluout[30]
      910 |       9 |     157 |       28 |      2 |    86 |    +1.1% |   -0.709 |      -16.2 |    150 | aluout[30]
      910 |       9 |     157 |       28 |      2 |    86 |    +1.1% |   -0.709 |      -16.2 |    149 | aluout[30]
      911 |       9 |     157 |       28 |      2 |    86 |    +1.1% |   -0.709 |      -16.2 |    148 | aluout[30]
      912 |       9 |     157 |       28 |      2 |    86 |    +1.1% |   -0.709 |      -16.2 |    147 | aluout[30]
      913 |       9 |     157 |       28 |      2 |    86 |    +1.1% |   -0.709 |      -16.2 |    146 | aluout[30]
      914 |       9 |     157 |       28 |      2 |    86 |    +1.1% |   -0.709 |      -16.2 |    145 | aluout[30]
      915 |       9 |     157 |       28 |      2 |    86 |    +1.1% |   -0.709 |      -16.2 |    144 | aluout[30]
      916 |       9 |     157 |       28 |      2 |    86 |    +1.1% |   -0.709 |      -16.2 |    143 | aluout[30]
      917 |       9 |     157 |       28 |      2 |    86 |    +1.1% |   -0.709 |      -16.2 |    142 | aluout[30]
      918 |       9 |     157 |       28 |      2 |    86 |    +1.1% |   -0.709 |      -16.2 |    141 | aluout[30]
      919 |       9 |     157 |       28 |      2 |    86 |    +1.1% |   -0.709 |      -16.2 |    140 | aluout[30]
      920 |       9 |     157 |       28 |      2 |    86 |    +1.1% |   -0.709 |      -16.2 |    140 | aluout[30]
      920 |       9 |     157 |       28 |      2 |    86 |    +1.1% |   -0.709 |      -16.2 |    139 | aluout[30]
      921 |       9 |     157 |       28 |      2 |    86 |    +1.1% |   -0.709 |      -16.2 |    138 | aluout[30]
      922 |       9 |     157 |       28 |      2 |    86 |    +1.1% |   -0.709 |      -16.2 |    137 | aluout[30]
      923 |       9 |     157 |       28 |      2 |    86 |    +1.1% |   -0.709 |      -16.2 |    136 | aluout[30]
      924 |       9 |     157 |       28 |      2 |    86 |    +1.1% |   -0.709 |      -16.2 |    135 | aluout[30]
      925 |       9 |     157 |       28 |      2 |    86 |    +1.1% |   -0.709 |      -16.2 |    134 | aluout[30]
      926 |       9 |     157 |       28 |      2 |    86 |    +1.1% |   -0.709 |      -16.2 |    133 | aluout[30]
      927 |       9 |     157 |       28 |      2 |    86 |    +1.1% |   -0.709 |      -16.2 |    132 | aluout[30]
      928 |       9 |     157 |       28 |      2 |    86 |    +1.1% |   -0.709 |      -16.2 |    131 | aluout[30]
      929 |       9 |     157 |       28 |      2 |    86 |    +1.1% |   -0.709 |      -16.2 |    130 | aluout[30]
      930 |       9 |     157 |       28 |      2 |    86 |    +1.1% |   -0.709 |      -16.2 |    130 | aluout[30]
      930 |       9 |     157 |       28 |      2 |    86 |    +1.1% |   -0.709 |      -16.2 |    129 | aluout[30]
      931 |       9 |     157 |       28 |      2 |    86 |    +1.1% |   -0.709 |      -16.2 |    128 | aluout[30]
      932 |       9 |     157 |       28 |      2 |    86 |    +1.1% |   -0.709 |      -16.2 |    127 | aluout[30]
      933 |       9 |     157 |       28 |      2 |    86 |    +1.1% |   -0.709 |      -16.2 |    126 | aluout[30]
      934 |       9 |     157 |       28 |      2 |    86 |    +1.1% |   -0.709 |      -16.2 |    125 | aluout[30]
      935 |       9 |     157 |       28 |      2 |    86 |    +1.1% |   -0.709 |      -16.2 |    124 | aluout[30]
      936 |       9 |     157 |       28 |      2 |    86 |    +1.1% |   -0.709 |      -16.2 |    123 | aluout[30]
      937 |       9 |     157 |       28 |      2 |    86 |    +1.1% |   -0.709 |      -16.2 |    122 | aluout[30]
      938 |       9 |     157 |       28 |      2 |    86 |    +1.1% |   -0.709 |      -16.2 |    121 | aluout[30]
      939 |       9 |     157 |       28 |      2 |    86 |    +1.1% |   -0.709 |      -16.2 |    120 | aluout[30]
      940 |       9 |     157 |       28 |      2 |    86 |    +1.1% |   -0.709 |      -16.2 |    120 | aluout[30]
      940 |       9 |     157 |       28 |      2 |    86 |    +1.1% |   -0.709 |      -16.2 |    119 | aluout[30]
      941 |       9 |     157 |       28 |      2 |    86 |    +1.1% |   -0.709 |      -16.2 |    118 | aluout[30]
      942 |       9 |     157 |       28 |      2 |    86 |    +1.1% |   -0.709 |      -16.2 |    117 | aluout[30]
      943 |       9 |     157 |       28 |      2 |    86 |    +1.1% |   -0.709 |      -16.2 |    116 | aluout[30]
      944 |       9 |     157 |       28 |      2 |    86 |    +1.1% |   -0.709 |      -16.2 |    115 | aluout[30]
      945 |       9 |     157 |       28 |      2 |    86 |    +1.1% |   -0.709 |      -16.2 |    114 | aluout[30]
      946 |       9 |     157 |       28 |      2 |    86 |    +1.1% |   -0.709 |      -16.2 |    113 | aluout[30]
      947 |       9 |     157 |       28 |      2 |    86 |    +1.1% |   -0.709 |      -16.2 |    112 | aluout[30]
      948 |       9 |     157 |       28 |      2 |    86 |    +1.1% |   -0.709 |      -16.2 |    111 | aluout[30]
      949 |       9 |     157 |       28 |      2 |    86 |    +1.1% |   -0.709 |      -16.2 |    110 | aluout[30]
      950 |       9 |     157 |       28 |      2 |    86 |    +1.1% |   -0.709 |      -16.2 |    110 | aluout[30]
      950 |       9 |     157 |       28 |      2 |    86 |    +1.1% |   -0.709 |      -16.2 |    109 | aluout[30]
      951 |       9 |     157 |       28 |      2 |    86 |    +1.1% |   -0.709 |      -16.2 |    108 | aluout[30]
      952 |       9 |     157 |       28 |      2 |    86 |    +1.1% |   -0.709 |      -16.2 |    107 | aluout[30]
      953 |       9 |     157 |       28 |      2 |    86 |    +1.1% |   -0.709 |      -16.2 |    106 | aluout[30]
      954 |       9 |     157 |       28 |      2 |    86 |    +1.1% |   -0.709 |      -16.2 |    105 | aluout[30]
      955 |       9 |     157 |       28 |      2 |    86 |    +1.1% |   -0.709 |      -16.2 |    104 | aluout[30]
      956 |       9 |     157 |       28 |      2 |    86 |    +1.1% |   -0.709 |      -16.2 |    103 | aluout[30]
      957 |       9 |     157 |       28 |      2 |    86 |    +1.1% |   -0.709 |      -16.2 |    102 | aluout[30]
      958 |       9 |     157 |       28 |      2 |    86 |    +1.1% |   -0.709 |      -16.2 |    101 | aluout[30]
      959 |       9 |     157 |       28 |      2 |    86 |    +1.1% |   -0.709 |      -16.2 |    100 | aluout[30]
      960 |       9 |     157 |       28 |      2 |    86 |    +1.1% |   -0.709 |      -16.2 |    100 | aluout[30]
      960 |       9 |     157 |       28 |      2 |    86 |    +1.1% |   -0.709 |      -16.2 |     99 | aluout[30]
      961 |       9 |     157 |       28 |      2 |    86 |    +1.1% |   -0.709 |      -16.2 |     98 | aluout[30]
      962 |       9 |     157 |       28 |      2 |    86 |    +1.1% |   -0.709 |      -16.2 |     97 | aluout[30]
      963 |       9 |     157 |       28 |      2 |    86 |    +1.1% |   -0.709 |      -16.2 |     96 | aluout[30]
      964 |       9 |     157 |       28 |      2 |    86 |    +1.1% |   -0.709 |      -16.2 |     95 | aluout[30]
      965 |       9 |     157 |       28 |      2 |    86 |    +1.1% |   -0.709 |      -16.2 |     94 | aluout[30]
      966 |       9 |     157 |       28 |      2 |    86 |    +1.1% |   -0.709 |      -16.2 |     93 | aluout[30]
      967 |       9 |     157 |       28 |      2 |    86 |    +1.1% |   -0.709 |      -16.2 |     92 | aluout[30]
      968 |       9 |     157 |       28 |      2 |    86 |    +1.1% |   -0.709 |      -16.2 |     91 | aluout[30]
      969 |       9 |     157 |       28 |      2 |    86 |    +1.1% |   -0.709 |      -16.2 |     90 | aluout[30]
      970 |       9 |     157 |       28 |      2 |    86 |    +1.1% |   -0.709 |      -16.2 |     90 | aluout[30]
      970 |       9 |     157 |       28 |      2 |    86 |    +1.1% |   -0.709 |      -16.2 |     89 | aluout[30]
      971 |       9 |     157 |       28 |      2 |    86 |    +1.1% |   -0.709 |      -16.2 |     88 | aluout[30]
      972 |       9 |     157 |       28 |      2 |    86 |    +1.1% |   -0.709 |      -16.2 |     87 | aluout[30]
      973 |       9 |     157 |       28 |      2 |    86 |    +1.1% |   -0.709 |      -16.2 |     86 | aluout[30]
      974 |       9 |     157 |       28 |      2 |    86 |    +1.1% |   -0.709 |      -16.2 |     85 | aluout[30]
      975 |       9 |     157 |       28 |      2 |    86 |    +1.1% |   -0.709 |      -16.2 |     84 | aluout[30]
      976 |       9 |     157 |       28 |      2 |    86 |    +1.1% |   -0.709 |      -16.2 |     83 | aluout[30]
      977 |       9 |     157 |       28 |      2 |    86 |    +1.1% |   -0.709 |      -16.2 |     82 | aluout[30]
      978 |       9 |     157 |       28 |      2 |    86 |    +1.1% |   -0.709 |      -16.2 |     81 | aluout[30]
      979 |       9 |     157 |       28 |      2 |    86 |    +1.1% |   -0.709 |      -16.2 |     80 | aluout[30]
      980 |       9 |     157 |       28 |      2 |    86 |    +1.1% |   -0.709 |      -16.2 |     80 | aluout[30]
      980 |       9 |     157 |       28 |      2 |    86 |    +1.1% |   -0.709 |      -16.2 |     79 | aluout[30]
      981 |       9 |     157 |       28 |      2 |    86 |    +1.1% |   -0.709 |      -16.2 |     78 | aluout[30]
      982 |       9 |     157 |       28 |      2 |    86 |    +1.1% |   -0.709 |      -16.2 |     77 | aluout[30]
      983 |       9 |     157 |       28 |      2 |    86 |    +1.1% |   -0.709 |      -16.2 |     76 | aluout[30]
      984 |       9 |     157 |       28 |      2 |    86 |    +1.1% |   -0.709 |      -16.2 |     75 | aluout[30]
      985 |       9 |     157 |       28 |      2 |    86 |    +1.1% |   -0.709 |      -16.2 |     74 | aluout[30]
      986 |       9 |     157 |       28 |      2 |    86 |    +1.1% |   -0.709 |      -16.2 |     73 | aluout[30]
      987 |       9 |     157 |       28 |      2 |    86 |    +1.1% |   -0.709 |      -16.2 |     72 | aluout[30]
      988 |       9 |     157 |       28 |      2 |    86 |    +1.1% |   -0.709 |      -16.2 |     71 | aluout[30]
      989 |       9 |     157 |       28 |      2 |    86 |    +1.1% |   -0.709 |      -16.2 |     70 | aluout[30]
      990 |       9 |     157 |       28 |      2 |    86 |    +1.1% |   -0.709 |      -16.2 |     70 | aluout[30]
      990 |       9 |     157 |       28 |      2 |    86 |    +1.1% |   -0.709 |      -16.2 |     69 | aluout[30]
      991 |       9 |     157 |       28 |      2 |    86 |    +1.1% |   -0.709 |      -16.2 |     68 | aluout[30]
      992 |       9 |     157 |       28 |      2 |    86 |    +1.1% |   -0.709 |      -16.2 |     67 | aluout[30]
      993 |       9 |     157 |       28 |      2 |    86 |    +1.1% |   -0.709 |      -16.2 |     66 | aluout[30]
      994 |       9 |     157 |       28 |      2 |    86 |    +1.1% |   -0.709 |      -16.2 |     65 | aluout[30]
      995 |       9 |     157 |       28 |      2 |    86 |    +1.1% |   -0.709 |      -16.2 |     64 | aluout[30]
      996 |       9 |     157 |       28 |      2 |    86 |    +1.1% |   -0.709 |      -16.2 |     63 | aluout[30]
      997 |       9 |     157 |       28 |      2 |    86 |    +1.1% |   -0.709 |      -16.2 |     62 | aluout[30]
      998 |       9 |     157 |       28 |      2 |    86 |    +1.1% |   -0.709 |      -16.2 |     61 | aluout[30]
      999 |       9 |     157 |       28 |      2 |    86 |    +1.1% |   -0.709 |      -16.2 |     60 | aluout[30]
     1000 |       9 |     157 |       28 |      2 |    86 |    +1.1% |   -0.709 |      -16.2 |     60 | aluout[30]
     1000 |       9 |     157 |       28 |      2 |    86 |    +1.1% |   -0.709 |      -16.2 |     59 | aluout[30]
     1001 |       9 |     157 |       28 |      2 |    86 |    +1.1% |   -0.709 |      -16.2 |     58 | aluout[30]
     1002 |       9 |     157 |       28 |      2 |    86 |    +1.1% |   -0.709 |      -16.2 |     57 | aluout[30]
     1003 |       9 |     157 |       28 |      2 |    86 |    +1.1% |   -0.709 |      -16.2 |     56 | aluout[30]
     1004 |       9 |     157 |       28 |      2 |    86 |    +1.1% |   -0.709 |      -16.2 |     55 | aluout[30]
     1005 |       9 |     157 |       28 |      2 |    86 |    +1.1% |   -0.709 |      -16.2 |     54 | aluout[30]
     1006 |       9 |     157 |       28 |      2 |    86 |    +1.1% |   -0.709 |      -16.2 |     53 | aluout[30]
     1007 |       9 |     157 |       28 |      2 |    86 |    +1.1% |   -0.709 |      -16.2 |     52 | aluout[30]
     1008 |       9 |     157 |       28 |      2 |    86 |    +1.1% |   -0.709 |      -16.2 |     51 | aluout[30]
     1009 |       9 |     157 |       28 |      2 |    86 |    +1.1% |   -0.709 |      -16.2 |     50 | aluout[30]
     1010 |       9 |     157 |       28 |      2 |    86 |    +1.1% |   -0.709 |      -16.2 |     50 | aluout[30]
     1010 |       9 |     157 |       28 |      2 |    86 |    +1.1% |   -0.709 |      -16.2 |     49 | aluout[30]
     1011 |       9 |     157 |       28 |      2 |    86 |    +1.1% |   -0.709 |      -16.2 |     48 | aluout[30]
     1012 |       9 |     157 |       28 |      2 |    86 |    +1.1% |   -0.709 |      -16.2 |     47 | aluout[30]
     1013 |       9 |     157 |       28 |      2 |    86 |    +1.1% |   -0.709 |      -16.2 |     46 | aluout[30]
     1014 |       9 |     157 |       28 |      2 |    86 |    +1.1% |   -0.709 |      -16.2 |     45 | aluout[30]
     1015 |       9 |     157 |       28 |      2 |    86 |    +1.1% |   -0.709 |      -16.2 |     44 | aluout[30]
     1016 |       9 |     157 |       28 |      2 |    86 |    +1.1% |   -0.709 |      -16.2 |     43 | aluout[30]
     1017 |       9 |     157 |       28 |      2 |    86 |    +1.1% |   -0.709 |      -16.2 |     42 | aluout[30]
     1018 |       9 |     157 |       28 |      2 |    86 |    +1.1% |   -0.709 |      -16.2 |     41 | aluout[30]
     1019 |       9 |     157 |       28 |      2 |    86 |    +1.1% |   -0.709 |      -16.2 |     40 | aluout[30]
     1020 |       9 |     157 |       28 |      2 |    86 |    +1.1% |   -0.709 |      -16.2 |     40 | aluout[30]
     1020 |       9 |     157 |       28 |      2 |    86 |    +1.1% |   -0.709 |      -16.2 |     39 | aluout[30]
     1021 |       9 |     157 |       28 |      2 |    86 |    +1.1% |   -0.709 |      -16.2 |     38 | aluout[30]
     1022 |       9 |     157 |       28 |      2 |    86 |    +1.1% |   -0.709 |      -16.2 |     37 | aluout[30]
     1023 |       9 |     157 |       28 |      2 |    86 |    +1.1% |   -0.709 |      -16.2 |     36 | aluout[30]
     1024 |       9 |     157 |       28 |      2 |    86 |    +1.1% |   -0.709 |      -16.2 |     35 | aluout[30]
     1025 |       9 |     157 |       28 |      2 |    86 |    +1.1% |   -0.709 |      -16.2 |     34 | aluout[30]
     1026 |       9 |     157 |       28 |      2 |    86 |    +1.1% |   -0.709 |      -16.2 |     33 | aluout[30]
     1027 |       9 |     157 |       28 |      2 |    86 |    +1.1% |   -0.709 |      -16.2 |     32 | aluout[30]
     1028 |       9 |     157 |       28 |      2 |    86 |    +1.1% |   -0.709 |      -16.2 |     31 | aluout[30]
     1029 |       9 |     157 |       28 |      2 |    86 |    +1.1% |   -0.709 |      -16.2 |     30 | aluout[30]
     1030 |       9 |     157 |       28 |      2 |    86 |    +1.1% |   -0.709 |      -16.2 |     30 | aluout[30]
     1030 |       9 |     157 |       28 |      2 |    86 |    +1.1% |   -0.709 |      -16.2 |     29 | aluout[30]
     1031 |       9 |     157 |       28 |      2 |    86 |    +1.1% |   -0.709 |      -16.2 |     28 | aluout[30]
    1032* |       9 |     157 |       28 |      2 |    86 |    +1.1% |   -0.709 |      -16.2 |     32 | aluout[30]
    1033* |       9 |     157 |       28 |      2 |    86 |    +1.1% |   -0.709 |      -16.2 |     32 | aluout[30]
    1040* |       9 |     163 |       28 |      2 |    86 |    +1.1% |   -0.709 |      -15.9 |     32 | aluout[30]
    1040* |       9 |     163 |       28 |      2 |    86 |    +1.1% |   -0.709 |      -15.9 |     32 | aluout[30]
    1041* |       9 |     163 |       28 |      2 |    86 |    +1.1% |   -0.709 |      -15.9 |     32 | aluout[30]
    1042* |       9 |     163 |       28 |      2 |    86 |    +1.1% |   -0.709 |      -15.9 |     32 | aluout[30]
    1044* |       9 |     164 |       28 |      2 |    86 |    +1.1% |   -0.709 |      -15.8 |     32 | aluout[29]
    1045* |       9 |     164 |       28 |      2 |    86 |    +1.1% |   -0.709 |      -15.8 |     32 | aluout[29]
    1046* |       9 |     164 |       28 |      2 |    86 |    +1.1% |   -0.709 |      -15.8 |     32 | aluout[29]
    1047* |       9 |     164 |       28 |      2 |    86 |    +1.1% |   -0.709 |      -15.8 |     32 | aluout[29]
    1048* |       9 |     164 |       28 |      2 |    86 |    +1.1% |   -0.709 |      -15.8 |     32 | aluout[29]
    1049* |       9 |     164 |       28 |      2 |    86 |    +1.1% |   -0.709 |      -15.8 |     32 | aluout[29]
    1050* |       9 |     164 |       28 |      2 |    86 |    +1.1% |   -0.709 |      -15.8 |     32 | aluout[29]
    1050* |       9 |     164 |       28 |      2 |    86 |    +1.1% |   -0.709 |      -15.8 |     32 | aluout[29]
    1051* |       9 |     164 |       28 |      2 |    86 |    +1.1% |   -0.709 |      -15.8 |     32 | aluout[29]
    1052* |       9 |     164 |       28 |      2 |    86 |    +1.1% |   -0.709 |      -15.8 |     32 | aluout[29]
    1053* |       9 |     164 |       28 |      2 |    86 |    +1.1% |   -0.709 |      -15.8 |     32 | aluout[29]
    1054* |       9 |     164 |       28 |      2 |    86 |    +1.1% |   -0.709 |      -15.8 |     32 | aluout[29]
    1055* |       9 |     164 |       28 |      2 |    86 |    +1.1% |   -0.709 |      -15.8 |     32 | aluout[29]
    1057* |       9 |     165 |       28 |      2 |    86 |    +1.2% |   -0.709 |      -15.8 |     32 | aluout[29]
    1058* |       9 |     165 |       28 |      2 |    86 |    +1.2% |   -0.709 |      -15.8 |     32 | aluout[29]
    1060* |       9 |     166 |       28 |      2 |    86 |    +1.2% |   -0.709 |      -15.8 |     32 | aluout[29]
    1060* |       9 |     166 |       28 |      2 |    86 |    +1.2% |   -0.709 |      -15.8 |     32 | aluout[29]
    1061* |       9 |     166 |       28 |      2 |    86 |    +1.2% |   -0.709 |      -15.8 |     32 | aluout[29]
    1062* |       9 |     166 |       28 |      2 |    86 |    +1.2% |   -0.709 |      -15.8 |     32 | aluout[29]
    1063* |       9 |     166 |       28 |      2 |    86 |    +1.2% |   -0.709 |      -15.8 |     32 | aluout[29]
    1064* |       9 |     166 |       28 |      2 |    86 |    +1.2% |   -0.709 |      -15.8 |     32 | aluout[29]
    1066* |       9 |     167 |       28 |      2 |    86 |    +1.2% |   -0.709 |      -15.8 |     32 | aluout[29]
    1067* |       9 |     167 |       28 |      2 |    86 |    +1.2% |   -0.709 |      -15.8 |     32 | aluout[29]
    1068* |       9 |     167 |       28 |      2 |    86 |    +1.2% |   -0.709 |      -15.8 |     32 | aluout[29]
    1069* |       9 |     167 |       28 |      2 |    86 |    +1.2% |   -0.709 |      -15.8 |     32 | aluout[29]
    1070* |       9 |     167 |       28 |      2 |    86 |    +1.2% |   -0.709 |      -15.8 |     32 | aluout[29]
    1070* |       9 |     167 |       28 |      2 |    86 |    +1.2% |   -0.709 |      -15.8 |     32 | aluout[29]
    1071* |       9 |     167 |       28 |      2 |    86 |    +1.2% |   -0.709 |      -15.8 |     32 | aluout[29]
    1072* |       9 |     167 |       28 |      2 |    86 |    +1.2% |   -0.709 |      -15.8 |     32 | aluout[29]
    1073* |       9 |     167 |       28 |      2 |    86 |    +1.2% |   -0.709 |      -15.8 |     32 | aluout[29]
    final |       9 |     167 |       28 |      2 |    86 |    +1.2% |   -0.709 |      -15.8 |     32 | aluout[29]
--------------------------------------------------------------------------------------------------------------
[INFO RSZ-0059] Removed 9 buffers.
[INFO RSZ-0040] Inserted 28 buffers.
[INFO RSZ-0051] Resized 167 instances: 167 up, 0 up match, 0 down, 0 VT
[INFO RSZ-0043] Swapped pins on 86 instances.
[INFO RSZ-0049] Cloned 2 instances.
[WARNING RSZ-0062] Unable to repair all setup violations.
[INFO RSZ-0033] No hold violations found.
Took 40 seconds: repair_timing -setup_margin 0 -hold_margin 0 -repair_tns 100 -verbose
global_route -start_incremental
detailed_placement
Placement Analysis
---------------------------------
total displacement        357.6 u
average displacement        0.0 u
max displacement            6.4 u
original HPWL          219708.2 u
legalized HPWL         219948.4 u
delta HPWL                    0 %

global_route -end_incremental -congestion_report_file ./reports/sky130hd/riscv32i/base/congestion_post_repair_timing.rpt
Took 6 seconds: global_route -end_incremental -congestion_report_file ./reports/sky130hd/riscv32i/base/congestion_post_repair_timing.rpt
global_route -start_incremental
global_route -end_incremental -congestion_report_file ./reports/sky130hd/riscv32i/base/congestion_post_recover_power.rpt
Repair antennas...
[INFO GRT-0012] Found 16 antenna violations.
[INFO GRT-0302] Inserted 17 jumpers for 16 nets.
[INFO GRT-0012] Found 0 antenna violations.
[INFO ANT-0002] Found 0 net violations.
[INFO ANT-0001] Found 0 pin violations.
Estimate parasitics...
estimate_parasitics -global_routing
Report metrics stage 5, global route...

==========================================================================
global route report_design_area
--------------------------------------------------------------------------
Design area 76806 um^2 57% utilization.
[INFO FLW-0007] clock clk period 6.000000
[INFO FLW-0008] Clock clk period 6.378
[INFO FLW-0009] Clock clk slack -0.713
[INFO FLW-0011] Path endpoint path count 2305
write_db ./results/sky130hd/riscv32i/base/5_1_grt.odb
write_sdc -no_timestamp ./results/sky130hd/riscv32i/base/5_1_grt.sdc
Elapsed time: 4:33.62[h:]min:sec. CPU time: user 412.59 sys 12.79 (155%). Peak memory: 399224KB.
Log                        Elapsed/s Peak Memory/MB  sha1sum .odb [0:20)
5_1_grt                          273            389 e0abc83d6ff103249ad0
