OpenROAD 26Q1-951-g6975124cf2 
Features included (+) or not (-): +GPU +GUI +Python
This program is licensed under the BSD-3 license. See the LICENSE file for details.
Components of this program may be licensed under more restrictive licenses which must be honored.
[INFO ORD-0030] Using 2 thread(s).
read_liberty /workspaces/vsd-scl180-orfs_workshop/orfs/flow/platforms/sky130hd/lib/sky130_fd_sc_hd__tt_025C_1v80.lib
read_db -hier ./results/sky130hd/riscv32i/base/5_1_grt.odb
[WARNING ORD-0012] Hierarchical flow (-hier) is currently in development and may cause multiple issues. Do not use in production environments.
source /workspaces/vsd-scl180-orfs_workshop/orfs/flow/platforms/sky130hd/setRC.tcl
detailed_route -output_drc ./reports/sky130hd/riscv32i/base/5_route_drc.rpt -output_maze ./results/sky130hd/riscv32i/base/maze.log -droute_end_iter 64 -verbose 1 -drc_report_iter_step 5
[INFO DRT-0149] Reading tech and libs.
[WARNING DRT-0349] LEF58_ENCLOSURE with no CUTCLASS is not supported. Skipping for layer mcon
[WARNING DRT-0349] LEF58_ENCLOSURE with no CUTCLASS is not supported. Skipping for layer mcon
[WARNING DRT-0349] LEF58_ENCLOSURE with no CUTCLASS is not supported. Skipping for layer via
[WARNING DRT-0349] LEF58_ENCLOSURE with no CUTCLASS is not supported. Skipping for layer via
[WARNING DRT-0349] LEF58_ENCLOSURE with no CUTCLASS is not supported. Skipping for layer via2
[WARNING DRT-0349] LEF58_ENCLOSURE with no CUTCLASS is not supported. Skipping for layer via2
[WARNING DRT-0349] LEF58_ENCLOSURE with no CUTCLASS is not supported. Skipping for layer via3
[WARNING DRT-0349] LEF58_ENCLOSURE with no CUTCLASS is not supported. Skipping for layer via3
[WARNING DRT-0349] LEF58_ENCLOSURE with no CUTCLASS is not supported. Skipping for layer via4
[WARNING DRT-0349] LEF58_ENCLOSURE with no CUTCLASS is not supported. Skipping for layer via4

Units:                1000
Number of layers:     13
Number of macros:     441
Number of vias:       29
Number of viarulegen: 25

[INFO DRT-0150] Reading design.

Design:                   riscv
Die area:                 ( 0 0 ) ( 370470 370470 )
Number of track patterns: 12
Number of DEF vias:       0
Number of components:     7852
Number of terminals:      167
Number of snets:          2
Number of nets:           6228

[INFO DRT-0167] List of default vias:
  Layer via
    default via: M1M2_PR
  Layer via2
    default via: M2M3_PR
  Layer via3
    default via: M3M4_PR
  Layer via4
    default via: M4M5_PR
[INFO DRT-0162] Library cell analysis.
[INFO DRT-0163] Instance analysis.
[INFO DRT-0164] Number of unique instances = 263.
[INFO DRT-0168] Init region query.
[INFO DRT-0024]   Complete FR_MASTERSLICE.
[INFO DRT-0024]   Complete Fr_VIA.
[INFO DRT-0024]   Complete li1.
[INFO DRT-0024]   Complete mcon.
[INFO DRT-0024]   Complete met1.
[INFO DRT-0024]   Complete via.
[INFO DRT-0024]   Complete met2.
[INFO DRT-0024]   Complete via2.
[INFO DRT-0024]   Complete met3.
[INFO DRT-0024]   Complete via3.
[INFO DRT-0024]   Complete met4.
[INFO DRT-0024]   Complete via4.
[INFO DRT-0024]   Complete met5.
[INFO DRT-0033] FR_MASTERSLICE shape region query size = 0.
[INFO DRT-0033] FR_VIA shape region query size = 0.
[INFO DRT-0033] li1 shape region query size = 218966.
[INFO DRT-0033] mcon shape region query size = 140606.
[INFO DRT-0033] met1 shape region query size = 39213.
[INFO DRT-0033] via shape region query size = 9115.
[INFO DRT-0033] met2 shape region query size = 5529.
[INFO DRT-0033] via2 shape region query size = 7292.
[INFO DRT-0033] met3 shape region query size = 5574.
[INFO DRT-0033] via3 shape region query size = 7292.
[INFO DRT-0033] met4 shape region query size = 2201.
[INFO DRT-0033] via4 shape region query size = 351.
[INFO DRT-0033] met5 shape region query size = 403.
[INFO DRT-0165] Start pin access.
[INFO DRT-0076]   Complete 1000 pins.
[INFO DRT-0076]   Complete 2000 pins.
[INFO DRT-0078]   Complete 2143 pins.
[INFO DRT-0079]   Complete 100 unique inst patterns.
[INFO DRT-0079]   Complete 200 unique inst patterns.
[INFO DRT-0081]   Complete 263 unique inst patterns.
[INFO DRT-0084]   Complete 4041 groups.
#scanned instances     = 7852
#unique  instances     = 263
#stdCellGenAp          = 9329
#stdCellValidPlanarAp  = 136
#stdCellValidViaAp     = 6445
#stdCellPinNoAp        = 8
#stdCellPinCnt         = 22126
#instTermValidViaApCnt = 0
#macroGenAp            = 0
#macroValidPlanarAp    = 0
#macroValidViaAp       = 0
#macroNoAp             = 0
[INFO DRT-0166] Complete pin access.
[INFO DRT-0267] cpu time = 00:05:05, elapsed time = 00:03:04, memory = 281.99 (MB), peak = 284.81 (MB)

[INFO DRT-0157] Number of guides:     58601

[INFO DRT-0169] Post process guides.
[INFO DRT-0176] GCELLGRID X 0 DO 53 STEP 6900 ;
[INFO DRT-0177] GCELLGRID Y 0 DO 53 STEP 6900 ;
[INFO DRT-0028]   Complete FR_MASTERSLICE.
[INFO DRT-0028]   Complete Fr_VIA.
[INFO DRT-0028]   Complete li1.
[INFO DRT-0028]   Complete mcon.
[INFO DRT-0028]   Complete met1.
[INFO DRT-0028]   Complete via.
[INFO DRT-0028]   Complete met2.
[INFO DRT-0028]   Complete via2.
[INFO DRT-0028]   Complete met3.
[INFO DRT-0028]   Complete via3.
[INFO DRT-0028]   Complete met4.
[INFO DRT-0028]   Complete via4.
[INFO DRT-0028]   Complete met5.
[INFO DRT-0178] Init guide query.
[INFO DRT-0035]   Complete FR_MASTERSLICE (guide).
[INFO DRT-0035]   Complete Fr_VIA (guide).
[INFO DRT-0035]   Complete li1 (guide).
[INFO DRT-0035]   Complete mcon (guide).
[INFO DRT-0035]   Complete met1 (guide).
[INFO DRT-0035]   Complete via (guide).
[INFO DRT-0035]   Complete met2 (guide).
[INFO DRT-0035]   Complete via2 (guide).
[INFO DRT-0035]   Complete met3 (guide).
[INFO DRT-0035]   Complete via3 (guide).
[INFO DRT-0035]   Complete met4 (guide).
[INFO DRT-0035]   Complete via4 (guide).
[INFO DRT-0035]   Complete met5 (guide).
[INFO DRT-0036] FR_MASTERSLICE guide region query size = 0.
[INFO DRT-0036] FR_VIA guide region query size = 0.
[INFO DRT-0036] li1 guide region query size = 18219.
[INFO DRT-0036] mcon guide region query size = 0.
[INFO DRT-0036] met1 guide region query size = 16633.
[INFO DRT-0036] via guide region query size = 0.
[INFO DRT-0036] met2 guide region query size = 9915.
[INFO DRT-0036] via2 guide region query size = 0.
[INFO DRT-0036] met3 guide region query size = 2184.
[INFO DRT-0036] via3 guide region query size = 0.
[INFO DRT-0036] met4 guide region query size = 574.
[INFO DRT-0036] via4 guide region query size = 0.
[INFO DRT-0036] met5 guide region query size = 47.
[INFO DRT-0179] Init gr pin query.
[INFO DRT-0267] cpu time = 00:00:00, elapsed time = 00:00:00, memory = 302.24 (MB), peak = 302.24 (MB)
[INFO DRT-0245] skipped writing guide updates to database.
[INFO DRT-0185] Post process initialize RPin region query.
[INFO DRT-0181] Start track assignment.
[INFO DRT-0184] Done with 28708 vertical wires in 2 frboxes and 18864 horizontal wires in 2 frboxes.
[INFO DRT-0186] Done with 4146 vertical wires in 2 frboxes and 5419 horizontal wires in 2 frboxes.
[INFO DRT-0182] Complete track assignment.
[INFO DRT-0267] cpu time = 00:00:03, elapsed time = 00:00:03, memory = 370.78 (MB), peak = 370.78 (MB)
[INFO DRT-0187] Start routing data preparation.
[INFO DRT-0267] cpu time = 00:00:00, elapsed time = 00:00:00, memory = 370.78 (MB), peak = 370.78 (MB)
[INFO DRT-0194] Start detail routing.
[INFO DRT-0195] Start 0th optimization iteration.
    Completing 10% with 0 violations.
    elapsed time = 00:00:27, memory = 514.03 (MB).
    Completing 20% with 0 violations.
    elapsed time = 00:00:48, memory = 614.84 (MB).
    Completing 30% with 1146 violations.
    elapsed time = 00:01:14, memory = 681.37 (MB).
    Completing 40% with 1146 violations.
    elapsed time = 00:01:39, memory = 667.66 (MB).
    Completing 50% with 1146 violations.
    elapsed time = 00:01:54, memory = 629.27 (MB).
    Completing 60% with 1981 violations.
    elapsed time = 00:02:25, memory = 671.55 (MB).
    Completing 70% with 1981 violations.
    elapsed time = 00:02:46, memory = 675.68 (MB).
    Completing 80% with 2882 violations.
    elapsed time = 00:03:09, memory = 677.68 (MB).
    Completing 90% with 2882 violations.
    elapsed time = 00:03:34, memory = 683.93 (MB).
    Completing 100% with 3670 violations.
    elapsed time = 00:03:42, memory = 683.93 (MB).
[INFO DRT-0199]   Number of violations = 4369.
Viol/Layer         li1   mcon   met1    via   met2   met3   via3   met4   via4   met5
Cut Spacing          0      2      0      0      0      0      0      0      0      0
Metal Spacing        0      0    807      0    204     55      0      6      0      7
Min Hole             0      0      6      0      0      0      0      0      0      0
Recheck              4      0    405      0    221     34      0     22      0     13
Short                0      3   2049      3    439     72      1      2      1     13
[INFO DRT-0267] cpu time = 00:06:07, elapsed time = 00:03:42, memory = 871.52 (MB), peak = 871.52 (MB)
Total wire length = 300556 um.
Total wire length on LAYER li1 = 0 um.
Total wire length on LAYER met1 = 101289 um.
Total wire length on LAYER met2 = 127033 um.
Total wire length on LAYER met3 = 49745 um.
Total wire length on LAYER met4 = 20852 um.
Total wire length on LAYER met5 = 1637 um.
Total number of vias = 51986.
Up-via summary (total 51986):

------------------------
 FR_MASTERSLICE        0
            li1    21858
           met1    25571
           met2     3549
           met3      935
           met4       73
------------------------
               51986


[INFO DRT-0195] Start 1st optimization iteration.
    Completing 10% with 4369 violations.
    elapsed time = 00:00:22, memory = 871.52 (MB).
    Completing 20% with 4369 violations.
    elapsed time = 00:00:41, memory = 871.52 (MB).
    Completing 30% with 3881 violations.
    elapsed time = 00:01:06, memory = 871.52 (MB).
    Completing 40% with 3881 violations.
    elapsed time = 00:01:30, memory = 871.56 (MB).
    Completing 50% with 3881 violations.
    elapsed time = 00:01:50, memory = 871.56 (MB).
    Completing 60% with 3336 violations.
    elapsed time = 00:02:16, memory = 871.56 (MB).
    Completing 70% with 3336 violations.
    elapsed time = 00:02:30, memory = 871.56 (MB).
    Completing 80% with 2818 violations.
    elapsed time = 00:02:50, memory = 908.01 (MB).
    Completing 90% with 2818 violations.
    elapsed time = 00:03:13, memory = 871.56 (MB).
    Completing 100% with 2204 violations.
    elapsed time = 00:03:32, memory = 871.57 (MB).
[INFO DRT-0199]   Number of violations = 2204.
Viol/Layer        mcon   met1    via   met2   met3   met4   met5
Cut Spacing          5      0      0      0      0      0      0
Metal Spacing        0    485      0     87     12      1      1
Short                0   1440      2    157      4      0     10
[INFO DRT-0267] cpu time = 00:05:40, elapsed time = 00:03:32, memory = 877.52 (MB), peak = 909.55 (MB)
Total wire length = 298915 um.
Total wire length on LAYER li1 = 0 um.
Total wire length on LAYER met1 = 100599 um.
Total wire length on LAYER met2 = 126042 um.
Total wire length on LAYER met3 = 49983 um.
Total wire length on LAYER met4 = 20743 um.
Total wire length on LAYER met5 = 1545 um.
Total number of vias = 51658.
Up-via summary (total 51658):

------------------------
 FR_MASTERSLICE        0
            li1    21835
           met1    25248
           met2     3601
           met3      909
           met4       65
------------------------
               51658


[INFO DRT-0195] Start 2nd optimization iteration.
    Completing 10% with 2204 violations.
    elapsed time = 00:00:12, memory = 911.44 (MB).
    Completing 20% with 2204 violations.
    elapsed time = 00:00:29, memory = 877.56 (MB).
    Completing 30% with 2204 violations.
    elapsed time = 00:00:38, memory = 877.56 (MB).
    Completing 40% with 2129 violations.
    elapsed time = 00:01:00, memory = 877.57 (MB).
    Completing 50% with 2129 violations.
    elapsed time = 00:01:24, memory = 917.07 (MB).
    Completing 60% with 2140 violations.
    elapsed time = 00:01:39, memory = 877.57 (MB).
    Completing 70% with 2140 violations.
    elapsed time = 00:02:08, memory = 877.57 (MB).
    Completing 80% with 2140 violations.
    elapsed time = 00:02:30, memory = 877.57 (MB).
    Completing 90% with 1970 violations.
    elapsed time = 00:03:14, memory = 914.91 (MB).
    Completing 100% with 2029 violations.
    elapsed time = 00:03:49, memory = 877.62 (MB).
[INFO DRT-0199]   Number of violations = 2029.
Viol/Layer        mcon   met1   met2   met3   met4
Cut Spacing          6      0      0      0      0
Metal Spacing        0    490     76     13      2
Short                0   1268    171      3      0
[INFO DRT-0267] cpu time = 00:06:02, elapsed time = 00:03:49, memory = 877.62 (MB), peak = 918.87 (MB)
Total wire length = 298382 um.
Total wire length on LAYER li1 = 0 um.
Total wire length on LAYER met1 = 100499 um.
Total wire length on LAYER met2 = 125908 um.
Total wire length on LAYER met3 = 49701 um.
Total wire length on LAYER met4 = 20833 um.
Total wire length on LAYER met5 = 1440 um.
Total number of vias = 51426.
Up-via summary (total 51426):

------------------------
 FR_MASTERSLICE        0
            li1    21846
           met1    25063
           met2     3553
           met3      905
           met4       59
------------------------
               51426


[INFO DRT-0195] Start 3rd optimization iteration.
    Completing 10% with 2029 violations.
    elapsed time = 00:00:15, memory = 881.02 (MB).
    Completing 20% with 2029 violations.
    elapsed time = 00:00:32, memory = 914.35 (MB).
    Completing 30% with 1510 violations.
    elapsed time = 00:00:57, memory = 882.25 (MB).
    Completing 40% with 1510 violations.
    elapsed time = 00:01:09, memory = 882.21 (MB).
    Completing 50% with 1510 violations.
    elapsed time = 00:01:31, memory = 882.23 (MB).
    Completing 60% with 1004 violations.
    elapsed time = 00:01:46, memory = 882.28 (MB).
    Completing 70% with 1004 violations.
    elapsed time = 00:02:11, memory = 925.69 (MB).
    Completing 80% with 599 violations.
    elapsed time = 00:02:36, memory = 882.28 (MB).
    Completing 90% with 599 violations.
    elapsed time = 00:02:51, memory = 911.48 (MB).
    Completing 100% with 259 violations.
    elapsed time = 00:02:58, memory = 882.24 (MB).
[INFO DRT-0199]   Number of violations = 259.
Viol/Layer        mcon   met1    via   met2
Cut Spacing          1      0      1      0
Metal Spacing        0     73      0     17
Short                0    140      0     27
[INFO DRT-0267] cpu time = 00:04:38, elapsed time = 00:02:59, memory = 882.24 (MB), peak = 952.73 (MB)
Total wire length = 298276 um.
Total wire length on LAYER li1 = 0 um.
Total wire length on LAYER met1 = 96904 um.
Total wire length on LAYER met2 = 125828 um.
Total wire length on LAYER met3 = 52885 um.
Total wire length on LAYER met4 = 21218 um.
Total wire length on LAYER met5 = 1439 um.
Total number of vias = 52383.
Up-via summary (total 52383):

------------------------
 FR_MASTERSLICE        0
            li1    21836
           met1    25363
           met2     4171
           met3      954
           met4       59
------------------------
               52383


[INFO DRT-0195] Start 4th optimization iteration.
    Completing 10% with 259 violations.
    elapsed time = 00:00:00, memory = 882.24 (MB).
    Completing 20% with 259 violations.
    elapsed time = 00:00:01, memory = 916.40 (MB).
    Completing 30% with 204 violations.
    elapsed time = 00:00:04, memory = 882.23 (MB).
    Completing 40% with 204 violations.
    elapsed time = 00:00:05, memory = 882.27 (MB).
    Completing 50% with 204 violations.
    elapsed time = 00:00:10, memory = 882.23 (MB).
    Completing 60% with 147 violations.
    elapsed time = 00:00:12, memory = 882.23 (MB).
    Completing 70% with 147 violations.
    elapsed time = 00:00:13, memory = 882.27 (MB).
    Completing 80% with 92 violations.
    elapsed time = 00:00:20, memory = 914.26 (MB).
    Completing 90% with 92 violations.
    elapsed time = 00:00:20, memory = 914.26 (MB).
    Completing 100% with 10 violations.
    elapsed time = 00:00:25, memory = 882.27 (MB).
[INFO DRT-0199]   Number of violations = 10.
Viol/Layer        met1
Metal Spacing       10
[INFO DRT-0267] cpu time = 00:00:35, elapsed time = 00:00:25, memory = 882.27 (MB), peak = 952.73 (MB)
Total wire length = 298247 um.
Total wire length on LAYER li1 = 0 um.
Total wire length on LAYER met1 = 96707 um.
Total wire length on LAYER met2 = 125832 um.
Total wire length on LAYER met3 = 53055 um.
Total wire length on LAYER met4 = 21212 um.
Total wire length on LAYER met5 = 1439 um.
Total number of vias = 52399.
Up-via summary (total 52399):

------------------------
 FR_MASTERSLICE        0
            li1    21836
           met1    25364
           met2     4182
           met3      958
           met4       59
------------------------
               52399


[INFO DRT-0195] Start 5th guides tiles iteration.
    Completing 10% with 10 violations.
    elapsed time = 00:00:00, memory = 882.27 (MB).
    Completing 20% with 10 violations.
    elapsed time = 00:00:00, memory = 882.27 (MB).
    Completing 30% with 10 violations.
    elapsed time = 00:00:00, memory = 882.27 (MB).
    Completing 40% with 10 violations.
    elapsed time = 00:00:00, memory = 882.27 (MB).
    Completing 50% with 10 violations.
    elapsed time = 00:00:01, memory = 882.27 (MB).
    Completing 60% with 3 violations.
    elapsed time = 00:00:01, memory = 882.27 (MB).
    Completing 70% with 3 violations.
    elapsed time = 00:00:01, memory = 882.27 (MB).
    Completing 80% with 3 violations.
    elapsed time = 00:00:01, memory = 882.27 (MB).
    Completing 100% with 2 violations.
    elapsed time = 00:00:01, memory = 882.27 (MB).
[INFO DRT-0199]   Number of violations = 2.
Viol/Layer        met1
Metal Spacing        2
[INFO DRT-0267] cpu time = 00:00:02, elapsed time = 00:00:02, memory = 882.27 (MB), peak = 952.73 (MB)
Total wire length = 298243 um.
Total wire length on LAYER li1 = 0 um.
Total wire length on LAYER met1 = 96672 um.
Total wire length on LAYER met2 = 125829 um.
Total wire length on LAYER met3 = 53090 um.
Total wire length on LAYER met4 = 21212 um.
Total wire length on LAYER met5 = 1439 um.
Total number of vias = 52400.
Up-via summary (total 52400):

------------------------
 FR_MASTERSLICE        0
            li1    21836
           met1    25361
           met2     4186
           met3      958
           met4       59
------------------------
               52400


[INFO DRT-0195] Start 6th guides tiles iteration.
    Completing 100% with 2 violations.
    elapsed time = 00:00:00, memory = 882.27 (MB).
[INFO DRT-0199]   Number of violations = 2.
Viol/Layer        met1
Metal Spacing        2
[INFO DRT-0267] cpu time = 00:00:00, elapsed time = 00:00:00, memory = 882.27 (MB), peak = 952.73 (MB)
Total wire length = 298243 um.
Total wire length on LAYER li1 = 0 um.
Total wire length on LAYER met1 = 96672 um.
Total wire length on LAYER met2 = 125829 um.
Total wire length on LAYER met3 = 53090 um.
Total wire length on LAYER met4 = 21212 um.
Total wire length on LAYER met5 = 1439 um.
Total number of vias = 52400.
Up-via summary (total 52400):

------------------------
 FR_MASTERSLICE        0
            li1    21836
           met1    25361
           met2     4186
           met3      958
           met4       59
------------------------
               52400


[INFO DRT-0195] Start 7th stubborn tiles iteration.
    Completing 10% with 2 violations.
    elapsed time = 00:00:02, memory = 882.27 (MB).
    Completing 20% with 2 violations.
    elapsed time = 00:00:03, memory = 882.27 (MB).
    Completing 30% with 2 violations.
    elapsed time = 00:00:05, memory = 882.27 (MB).
    Completing 40% with 2 violations.
    elapsed time = 00:00:09, memory = 882.27 (MB).
    Completing 50% with 2 violations.
    elapsed time = 00:00:11, memory = 889.40 (MB).
    Completing 60% with 2 violations.
    elapsed time = 00:00:12, memory = 946.83 (MB).
    Completing 70% with 2 violations.
    elapsed time = 00:00:18, memory = 981.46 (MB).
    Completing 80% with 2 violations.
    elapsed time = 00:00:23, memory = 993.85 (MB).
    Completing 90% with 2 violations.
    elapsed time = 00:00:27, memory = 1087.40 (MB).
    Completing 100% with 0 violations.
    elapsed time = 00:00:28, memory = 1102.40 (MB).
[INFO DRT-0199]   Number of violations = 0.
[INFO DRT-0267] cpu time = 00:00:43, elapsed time = 00:00:28, memory = 1103.40 (MB), peak = 1103.40 (MB)
Total wire length = 298242 um.
Total wire length on LAYER li1 = 0 um.
Total wire length on LAYER met1 = 96671 um.
Total wire length on LAYER met2 = 125825 um.
Total wire length on LAYER met3 = 53092 um.
Total wire length on LAYER met4 = 21212 um.
Total wire length on LAYER met5 = 1439 um.
Total number of vias = 52398.
Up-via summary (total 52398):

------------------------
 FR_MASTERSLICE        0
            li1    21836
           met1    25361
           met2     4184
           met3      958
           met4       59
------------------------
               52398


[INFO DRT-0198] Complete detail routing.
Total wire length = 298242 um.
Total wire length on LAYER li1 = 0 um.
Total wire length on LAYER met1 = 96671 um.
Total wire length on LAYER met2 = 125825 um.
Total wire length on LAYER met3 = 53092 um.
Total wire length on LAYER met4 = 21212 um.
Total wire length on LAYER met5 = 1439 um.
Total number of vias = 52398.
Up-via summary (total 52398):

------------------------
 FR_MASTERSLICE        0
            li1    21836
           met1    25361
           met2     4184
           met3      958
           met4       59
------------------------
               52398


[INFO DRT-0267] cpu time = 00:23:51, elapsed time = 00:15:01, memory = 1103.40 (MB), peak = 1103.40 (MB)

[INFO DRT-0180] Post processing.
Took 1090 seconds: detailed_route -output_drc ./reports/sky130hd/riscv32i/base/5_route_drc.rpt -output_maze ./results/sky130hd/riscv32i/base/maze.log -droute_end_iter 64 -verbose 1 -drc_report_iter_step 5
[INFO GRT-0012] Found 8 antenna violations.
[INFO GRT-0015] Inserted 9 diodes.
[INFO DRT-0024]   Complete FR_MASTERSLICE.
[INFO DRT-0024]   Complete Fr_VIA.
[INFO DRT-0024]   Complete li1.
[INFO DRT-0024]   Complete mcon.
[INFO DRT-0024]   Complete met1.
[INFO DRT-0024]   Complete via.
[INFO DRT-0024]   Complete met2.
[INFO DRT-0024]   Complete via2.
[INFO DRT-0024]   Complete met3.
[INFO DRT-0024]   Complete via3.
[INFO DRT-0024]   Complete met4.
[INFO DRT-0024]   Complete via4.
[INFO DRT-0024]   Complete met5.
[INFO DRT-0165] Start pin access.
[INFO DRT-0076]   Complete 1000 pins.
[INFO DRT-0076]   Complete 2000 pins.
[INFO DRT-0078]   Complete 2153 pins.
[INFO DRT-0079]   Complete 100 unique inst patterns.
[INFO DRT-0079]   Complete 200 unique inst patterns.
[INFO DRT-0081]   Complete 265 unique inst patterns.
[INFO DRT-0084]   Complete 4043 groups.
#scanned instances     = 7861
#unique  instances     = 265
#stdCellGenAp          = 9353
#stdCellValidPlanarAp  = 136
#stdCellValidViaAp     = 6469
#stdCellPinNoAp        = 8
#stdCellPinCnt         = 22126
#instTermValidViaApCnt = 0
#macroGenAp            = 0
#macroValidPlanarAp    = 0
#macroValidViaAp       = 0
#macroNoAp             = 0
[INFO DRT-0166] Complete pin access.
[INFO DRT-0267] cpu time = 00:05:19, elapsed time = 00:03:09, memory = 1028.75 (MB), peak = 1103.40 (MB)

[INFO DRT-0157] Number of guides:     58559

[INFO DRT-0169] Post process guides.
[INFO DRT-0176] GCELLGRID X 0 DO 53 STEP 6900 ;
[INFO DRT-0177] GCELLGRID Y 0 DO 53 STEP 6900 ;
[INFO DRT-0028]   Complete FR_MASTERSLICE.
[INFO DRT-0028]   Complete Fr_VIA.
[INFO DRT-0028]   Complete li1.
[INFO DRT-0028]   Complete mcon.
[INFO DRT-0028]   Complete met1.
[INFO DRT-0028]   Complete via.
[INFO DRT-0028]   Complete met2.
[INFO DRT-0028]   Complete via2.
[INFO DRT-0028]   Complete met3.
[INFO DRT-0028]   Complete via3.
[INFO DRT-0028]   Complete met4.
[INFO DRT-0028]   Complete via4.
[INFO DRT-0028]   Complete met5.
[INFO DRT-0178] Init guide query.
[INFO DRT-0035]   Complete FR_MASTERSLICE (guide).
[INFO DRT-0035]   Complete Fr_VIA (guide).
[INFO DRT-0035]   Complete li1 (guide).
[INFO DRT-0035]   Complete mcon (guide).
[INFO DRT-0035]   Complete met1 (guide).
[INFO DRT-0035]   Complete via (guide).
[INFO DRT-0035]   Complete met2 (guide).
[INFO DRT-0035]   Complete via2 (guide).
[INFO DRT-0035]   Complete met3 (guide).
[INFO DRT-0035]   Complete via3 (guide).
[INFO DRT-0035]   Complete met4 (guide).
[INFO DRT-0035]   Complete via4 (guide).
[INFO DRT-0035]   Complete met5 (guide).
[INFO DRT-0036] FR_MASTERSLICE guide region query size = 0.
[INFO DRT-0036] FR_VIA guide region query size = 0.
[INFO DRT-0036] li1 guide region query size = 18225.
[INFO DRT-0036] mcon guide region query size = 0.
[INFO DRT-0036] met1 guide region query size = 16630.
[INFO DRT-0036] via guide region query size = 0.
[INFO DRT-0036] met2 guide region query size = 9908.
[INFO DRT-0036] via2 guide region query size = 0.
[INFO DRT-0036] met3 guide region query size = 2177.
[INFO DRT-0036] via3 guide region query size = 0.
[INFO DRT-0036] met4 guide region query size = 569.
[INFO DRT-0036] via4 guide region query size = 0.
[INFO DRT-0036] met5 guide region query size = 49.
[INFO DRT-0179] Init gr pin query.
[INFO DRT-0267] cpu time = 00:00:00, elapsed time = 00:00:00, memory = 1028.75 (MB), peak = 1103.40 (MB)
[INFO DRT-0245] skipped writing guide updates to database.
[INFO DRT-0185] Post process initialize RPin region query.
[INFO DRT-0181] Start track assignment.
[INFO DRT-0184] Done with 28702 vertical wires in 2 frboxes and 18856 horizontal wires in 2 frboxes.
[INFO DRT-0186] Done with 4193 vertical wires in 2 frboxes and 5424 horizontal wires in 2 frboxes.
[INFO DRT-0182] Complete track assignment.
[INFO DRT-0267] cpu time = 00:00:03, elapsed time = 00:00:03, memory = 1028.75 (MB), peak = 1103.40 (MB)
[INFO DRT-0187] Start routing data preparation.
[INFO DRT-0267] cpu time = 00:00:00, elapsed time = 00:00:00, memory = 1028.75 (MB), peak = 1103.40 (MB)
[INFO DRT-0194] Start detail routing.
[INFO DRT-0195] Start 0th optimization iteration.
    Completing 10% with 0 violations.
    elapsed time = 00:00:07, memory = 1052.29 (MB).
    Completing 20% with 0 violations.
    elapsed time = 00:00:11, memory = 1052.29 (MB).
    Completing 30% with 121 violations.
    elapsed time = 00:00:15, memory = 1052.37 (MB).
    Completing 40% with 121 violations.
    elapsed time = 00:00:22, memory = 1087.37 (MB).
    Completing 50% with 121 violations.
    elapsed time = 00:00:26, memory = 1052.40 (MB).
    Completing 60% with 219 violations.
    elapsed time = 00:00:35, memory = 1053.77 (MB).
    Completing 70% with 219 violations.
    elapsed time = 00:00:38, memory = 1053.77 (MB).
    Completing 80% with 311 violations.
    elapsed time = 00:00:44, memory = 1053.77 (MB).
    Completing 90% with 311 violations.
    elapsed time = 00:00:50, memory = 1053.78 (MB).
    Completing 100% with 380 violations.
    elapsed time = 00:00:51, memory = 1053.78 (MB).
[INFO DRT-0199]   Number of violations = 447.
Viol/Layer        met1   met2   met3   met4
Metal Spacing       34     27      1      2
Recheck             18     32     16      1
Short              102    160     41     13
[INFO DRT-0267] cpu time = 00:01:18, elapsed time = 00:00:52, memory = 1115.15 (MB), peak = 1115.15 (MB)
Total wire length = 298497 um.
Total wire length on LAYER li1 = 0 um.
Total wire length on LAYER met1 = 96932 um.
Total wire length on LAYER met2 = 126078 um.
Total wire length on LAYER met3 = 52773 um.
Total wire length on LAYER met4 = 21197 um.
Total wire length on LAYER met5 = 1515 um.
Total number of vias = 52414.
Up-via summary (total 52414):

------------------------
 FR_MASTERSLICE        0
            li1    21844
           met1    25400
           met2     4167
           met3      939
           met4       64
------------------------
               52414


[INFO DRT-0195] Start 1st optimization iteration.
    Completing 10% with 447 violations.
    elapsed time = 00:00:03, memory = 1115.15 (MB).
    Completing 20% with 447 violations.
    elapsed time = 00:00:11, memory = 1115.15 (MB).
    Completing 30% with 342 violations.
    elapsed time = 00:00:14, memory = 1115.15 (MB).
    Completing 40% with 342 violations.
    elapsed time = 00:00:18, memory = 1115.15 (MB).
    Completing 50% with 342 violations.
    elapsed time = 00:00:20, memory = 1115.15 (MB).
    Completing 60% with 283 violations.
    elapsed time = 00:00:29, memory = 1115.15 (MB).
    Completing 70% with 283 violations.
    elapsed time = 00:00:33, memory = 1115.15 (MB).
    Completing 80% with 207 violations.
    elapsed time = 00:00:38, memory = 1115.15 (MB).
    Completing 90% with 207 violations.
    elapsed time = 00:00:43, memory = 1115.15 (MB).
    Completing 100% with 118 violations.
    elapsed time = 00:00:45, memory = 1115.15 (MB).
[INFO DRT-0199]   Number of violations = 118.
Viol/Layer        met1   met2   met3   met4
Metal Spacing       16     25      0      0
Short               43     31      1      2
[INFO DRT-0267] cpu time = 00:01:09, elapsed time = 00:00:45, memory = 1115.15 (MB), peak = 1115.15 (MB)
Total wire length = 298353 um.
Total wire length on LAYER li1 = 0 um.
Total wire length on LAYER met1 = 96880 um.
Total wire length on LAYER met2 = 125985 um.
Total wire length on LAYER met3 = 52783 um.
Total wire length on LAYER met4 = 21210 um.
Total wire length on LAYER met5 = 1493 um.
Total number of vias = 52381.
Up-via summary (total 52381):

------------------------
 FR_MASTERSLICE        0
            li1    21844
           met1    25367
           met2     4160
           met3      947
           met4       63
------------------------
               52381


[INFO DRT-0195] Start 2nd optimization iteration.
    Completing 10% with 118 violations.
    elapsed time = 00:00:00, memory = 1115.15 (MB).
    Completing 20% with 118 violations.
    elapsed time = 00:00:03, memory = 1115.15 (MB).
    Completing 30% with 118 violations.
    elapsed time = 00:00:04, memory = 1115.15 (MB).
    Completing 40% with 118 violations.
    elapsed time = 00:00:06, memory = 1115.15 (MB).
    Completing 50% with 118 violations.
    elapsed time = 00:00:08, memory = 1115.15 (MB).
    Completing 60% with 95 violations.
    elapsed time = 00:00:12, memory = 1115.15 (MB).
    Completing 70% with 95 violations.
    elapsed time = 00:00:12, memory = 1115.15 (MB).
    Completing 80% with 95 violations.
    elapsed time = 00:00:16, memory = 1115.15 (MB).
    Completing 90% with 100 violations.
    elapsed time = 00:00:16, memory = 1115.15 (MB).
    Completing 100% with 100 violations.
    elapsed time = 00:00:20, memory = 1115.15 (MB).
[INFO DRT-0199]   Number of violations = 100.
Viol/Layer        met1   met2   met3   met4
Metal Spacing       20     18      0      0
Short               29     30      1      2
[INFO DRT-0267] cpu time = 00:00:26, elapsed time = 00:00:20, memory = 1115.15 (MB), peak = 1115.15 (MB)
Total wire length = 298366 um.
Total wire length on LAYER li1 = 0 um.
Total wire length on LAYER met1 = 96893 um.
Total wire length on LAYER met2 = 125984 um.
Total wire length on LAYER met3 = 52776 um.
Total wire length on LAYER met4 = 21215 um.
Total wire length on LAYER met5 = 1496 um.
Total number of vias = 52385.
Up-via summary (total 52385):

------------------------
 FR_MASTERSLICE        0
            li1    21844
           met1    25371
           met2     4160
           met3      947
           met4       63
------------------------
               52385


[INFO DRT-0195] Start 3rd guides tiles iteration.
    Completing 10% with 100 violations.
    elapsed time = 00:00:00, memory = 1115.15 (MB).
    Completing 20% with 100 violations.
    elapsed time = 00:00:01, memory = 1115.15 (MB).
    Completing 30% with 100 violations.
    elapsed time = 00:00:02, memory = 1115.15 (MB).
    Completing 40% with 100 violations.
    elapsed time = 00:00:03, memory = 1115.15 (MB).
    Completing 50% with 100 violations.
    elapsed time = 00:00:03, memory = 1115.15 (MB).
    Completing 60% with 16 violations.
    elapsed time = 00:00:03, memory = 1115.15 (MB).
    Completing 70% with 16 violations.
    elapsed time = 00:00:03, memory = 1115.15 (MB).
    Completing 80% with 16 violations.
    elapsed time = 00:00:04, memory = 1115.15 (MB).
    Completing 90% with 16 violations.
    elapsed time = 00:00:04, memory = 1115.15 (MB).
    Completing 100% with 6 violations.
    elapsed time = 00:00:06, memory = 1115.15 (MB).
[INFO DRT-0199]   Number of violations = 6.
Viol/Layer        met1   met2
Metal Spacing        2      4
[INFO DRT-0267] cpu time = 00:00:09, elapsed time = 00:00:06, memory = 1115.15 (MB), peak = 1115.15 (MB)
Total wire length = 298344 um.
Total wire length on LAYER li1 = 0 um.
Total wire length on LAYER met1 = 96698 um.
Total wire length on LAYER met2 = 125560 um.
Total wire length on LAYER met3 = 52977 um.
Total wire length on LAYER met4 = 21632 um.
Total wire length on LAYER met5 = 1476 um.
Total number of vias = 52428.
Up-via summary (total 52428):

------------------------
 FR_MASTERSLICE        0
            li1    21843
           met1    25369
           met2     4186
           met3      969
           met4       61
------------------------
               52428


[INFO DRT-0195] Start 4th guides tiles iteration.
    Completing 50% with 6 violations.
    elapsed time = 00:00:00, memory = 1115.15 (MB).
    Completing 100% with 0 violations.
    elapsed time = 00:00:00, memory = 1115.15 (MB).
[INFO DRT-0199]   Number of violations = 0.
[INFO DRT-0267] cpu time = 00:00:00, elapsed time = 00:00:00, memory = 1115.15 (MB), peak = 1115.15 (MB)
Total wire length = 298339 um.
Total wire length on LAYER li1 = 0 um.
Total wire length on LAYER met1 = 96693 um.
Total wire length on LAYER met2 = 125563 um.
Total wire length on LAYER met3 = 52977 um.
Total wire length on LAYER met4 = 21627 um.
Total wire length on LAYER met5 = 1476 um.
Total number of vias = 52425.
Up-via summary (total 52425):

------------------------
 FR_MASTERSLICE        0
            li1    21843
           met1    25367
           met2     4187
           met3      967
           met4       61
------------------------
               52425


[INFO DRT-0198] Complete detail routing.
Total wire length = 298339 um.
Total wire length on LAYER li1 = 0 um.
Total wire length on LAYER met1 = 96693 um.
Total wire length on LAYER met2 = 125563 um.
Total wire length on LAYER met3 = 52977 um.
Total wire length on LAYER met4 = 21627 um.
Total wire length on LAYER met5 = 1476 um.
Total number of vias = 52425.
Up-via summary (total 52425):

------------------------
 FR_MASTERSLICE        0
            li1    21843
           met1    25367
           met2     4187
           met3      967
           met4       61
------------------------
               52425


[INFO DRT-0267] cpu time = 00:03:05, elapsed time = 00:02:06, memory = 1115.15 (MB), peak = 1115.15 (MB)

[INFO DRT-0180] Post processing.
[INFO ANT-0002] Found 2 net violations.
[INFO ANT-0001] Found 3 pin violations.
[INFO GRT-0012] Found 2 antenna violations.
[INFO GRT-0015] Inserted 3 diodes.
[INFO DRT-0024]   Complete FR_MASTERSLICE.
[INFO DRT-0024]   Complete Fr_VIA.
[INFO DRT-0024]   Complete li1.
[INFO DRT-0024]   Complete mcon.
[INFO DRT-0024]   Complete met1.
[INFO DRT-0024]   Complete via.
[INFO DRT-0024]   Complete met2.
[INFO DRT-0024]   Complete via2.
[INFO DRT-0024]   Complete met3.
[INFO DRT-0024]   Complete via3.
[INFO DRT-0024]   Complete met4.
[INFO DRT-0024]   Complete via4.
[INFO DRT-0024]   Complete met5.
[INFO DRT-0165] Start pin access.
[INFO DRT-0076]   Complete 1000 pins.
[INFO DRT-0076]   Complete 2000 pins.
[INFO DRT-0078]   Complete 2153 pins.
[INFO DRT-0079]   Complete 100 unique inst patterns.
[INFO DRT-0079]   Complete 200 unique inst patterns.
[INFO DRT-0081]   Complete 265 unique inst patterns.
[INFO DRT-0084]   Complete 4043 groups.
#scanned instances     = 7864
#unique  instances     = 265
#stdCellGenAp          = 9353
#stdCellValidPlanarAp  = 136
#stdCellValidViaAp     = 6469
#stdCellPinNoAp        = 8
#stdCellPinCnt         = 22126
#instTermValidViaApCnt = 0
#macroGenAp            = 0
#macroValidPlanarAp    = 0
#macroValidViaAp       = 0
#macroNoAp             = 0
[INFO DRT-0166] Complete pin access.
[INFO DRT-0267] cpu time = 00:05:18, elapsed time = 00:03:09, memory = 1115.28 (MB), peak = 1115.28 (MB)

[INFO DRT-0157] Number of guides:     58548

[INFO DRT-0169] Post process guides.
[INFO DRT-0176] GCELLGRID X 0 DO 53 STEP 6900 ;
[INFO DRT-0177] GCELLGRID Y 0 DO 53 STEP 6900 ;
[INFO DRT-0028]   Complete FR_MASTERSLICE.
[INFO DRT-0028]   Complete Fr_VIA.
[INFO DRT-0028]   Complete li1.
[INFO DRT-0028]   Complete mcon.
[INFO DRT-0028]   Complete met1.
[INFO DRT-0028]   Complete via.
[INFO DRT-0028]   Complete met2.
[INFO DRT-0028]   Complete via2.
[INFO DRT-0028]   Complete met3.
[INFO DRT-0028]   Complete via3.
[INFO DRT-0028]   Complete met4.
[INFO DRT-0028]   Complete via4.
[INFO DRT-0028]   Complete met5.
[INFO DRT-0178] Init guide query.
[INFO DRT-0035]   Complete FR_MASTERSLICE (guide).
[INFO DRT-0035]   Complete Fr_VIA (guide).
[INFO DRT-0035]   Complete li1 (guide).
[INFO DRT-0035]   Complete mcon (guide).
[INFO DRT-0035]   Complete met1 (guide).
[INFO DRT-0035]   Complete via (guide).
[INFO DRT-0035]   Complete met2 (guide).
[INFO DRT-0035]   Complete via2 (guide).
[INFO DRT-0035]   Complete met3 (guide).
[INFO DRT-0035]   Complete via3 (guide).
[INFO DRT-0035]   Complete met4 (guide).
[INFO DRT-0035]   Complete via4 (guide).
[INFO DRT-0035]   Complete met5 (guide).
[INFO DRT-0036] FR_MASTERSLICE guide region query size = 0.
[INFO DRT-0036] FR_VIA guide region query size = 0.
[INFO DRT-0036] li1 guide region query size = 18226.
[INFO DRT-0036] mcon guide region query size = 0.
[INFO DRT-0036] met1 guide region query size = 16631.
[INFO DRT-0036] via guide region query size = 0.
[INFO DRT-0036] met2 guide region query size = 9906.
[INFO DRT-0036] via2 guide region query size = 0.
[INFO DRT-0036] met3 guide region query size = 2174.
[INFO DRT-0036] via3 guide region query size = 0.
[INFO DRT-0036] met4 guide region query size = 565.
[INFO DRT-0036] via4 guide region query size = 0.
[INFO DRT-0036] met5 guide region query size = 47.
[INFO DRT-0179] Init gr pin query.
[INFO DRT-0267] cpu time = 00:00:00, elapsed time = 00:00:00, memory = 1115.28 (MB), peak = 1115.28 (MB)
[INFO DRT-0245] skipped writing guide updates to database.
[INFO DRT-0185] Post process initialize RPin region query.
[INFO DRT-0181] Start track assignment.
[INFO DRT-0184] Done with 28697 vertical wires in 2 frboxes and 18852 horizontal wires in 2 frboxes.
[INFO DRT-0186] Done with 4114 vertical wires in 2 frboxes and 5439 horizontal wires in 2 frboxes.
[INFO DRT-0182] Complete track assignment.
[INFO DRT-0267] cpu time = 00:00:04, elapsed time = 00:00:04, memory = 1115.28 (MB), peak = 1115.28 (MB)
[INFO DRT-0187] Start routing data preparation.
[INFO DRT-0267] cpu time = 00:00:00, elapsed time = 00:00:00, memory = 1115.28 (MB), peak = 1115.28 (MB)
[INFO DRT-0194] Start detail routing.
[INFO DRT-0195] Start 0th optimization iteration.
    Completing 10% with 0 violations.
    elapsed time = 00:00:05, memory = 1115.28 (MB).
    Completing 20% with 0 violations.
    elapsed time = 00:00:08, memory = 1115.28 (MB).
    Completing 30% with 41 violations.
    elapsed time = 00:00:13, memory = 1115.28 (MB).
    Completing 40% with 41 violations.
    elapsed time = 00:00:18, memory = 1115.28 (MB).
    Completing 50% with 41 violations.
    elapsed time = 00:00:19, memory = 1115.28 (MB).
    Completing 60% with 70 violations.
    elapsed time = 00:00:26, memory = 1115.28 (MB).
    Completing 70% with 70 violations.
    elapsed time = 00:00:29, memory = 1115.28 (MB).
    Completing 80% with 97 violations.
    elapsed time = 00:00:32, memory = 1115.28 (MB).
    Completing 90% with 97 violations.
    elapsed time = 00:00:37, memory = 1115.28 (MB).
    Completing 100% with 127 violations.
    elapsed time = 00:00:39, memory = 1115.28 (MB).
[INFO DRT-0199]   Number of violations = 153.
Viol/Layer        met1   met2   met3   met4   met5
Metal Spacing        3      4      1      1      3
Recheck              4     12      5      2      3
Short               44     46     16      9      0
[INFO DRT-0267] cpu time = 00:01:01, elapsed time = 00:00:40, memory = 1127.15 (MB), peak = 1127.15 (MB)
Total wire length = 298373 um.
Total wire length on LAYER li1 = 0 um.
Total wire length on LAYER met1 = 96819 um.
Total wire length on LAYER met2 = 125600 um.
Total wire length on LAYER met3 = 52815 um.
Total wire length on LAYER met4 = 21586 um.
Total wire length on LAYER met5 = 1550 um.
Total number of vias = 52426.
Up-via summary (total 52426):

------------------------
 FR_MASTERSLICE        0
            li1    21849
           met1    25371
           met2     4186
           met3      961
           met4       59
------------------------
               52426


[INFO DRT-0195] Start 1st optimization iteration.
    Completing 10% with 153 violations.
    elapsed time = 00:00:03, memory = 1127.15 (MB).
    Completing 20% with 153 violations.
    elapsed time = 00:00:06, memory = 1127.15 (MB).
    Completing 30% with 120 violations.
    elapsed time = 00:00:10, memory = 1127.15 (MB).
    Completing 40% with 120 violations.
    elapsed time = 00:00:15, memory = 1127.15 (MB).
    Completing 50% with 120 violations.
    elapsed time = 00:00:17, memory = 1127.15 (MB).
    Completing 60% with 88 violations.
    elapsed time = 00:00:23, memory = 1127.15 (MB).
    Completing 70% with 88 violations.
    elapsed time = 00:00:27, memory = 1127.15 (MB).
    Completing 80% with 65 violations.
    elapsed time = 00:00:30, memory = 1127.15 (MB).
    Completing 90% with 65 violations.
    elapsed time = 00:00:35, memory = 1127.15 (MB).
    Completing 100% with 35 violations.
    elapsed time = 00:00:37, memory = 1127.15 (MB).
[INFO DRT-0199]   Number of violations = 35.
Viol/Layer        met1   met2
Metal Spacing       11      0
Short               23      1
[INFO DRT-0267] cpu time = 00:00:58, elapsed time = 00:00:38, memory = 1127.15 (MB), peak = 1127.15 (MB)
Total wire length = 298344 um.
Total wire length on LAYER li1 = 0 um.
Total wire length on LAYER met1 = 96830 um.
Total wire length on LAYER met2 = 125583 um.
Total wire length on LAYER met3 = 52800 um.
Total wire length on LAYER met4 = 21577 um.
Total wire length on LAYER met5 = 1553 um.
Total number of vias = 52422.
Up-via summary (total 52422):

------------------------
 FR_MASTERSLICE        0
            li1    21849
           met1    25369
           met2     4182
           met3      963
           met4       59
------------------------
               52422


[INFO DRT-0195] Start 2nd optimization iteration.
    Completing 10% with 35 violations.
    elapsed time = 00:00:02, memory = 1127.15 (MB).
    Completing 20% with 35 violations.
    elapsed time = 00:00:02, memory = 1127.15 (MB).
    Completing 30% with 35 violations.
    elapsed time = 00:00:04, memory = 1127.15 (MB).
    Completing 40% with 40 violations.
    elapsed time = 00:00:04, memory = 1127.15 (MB).
    Completing 50% with 40 violations.
    elapsed time = 00:00:04, memory = 1127.15 (MB).
    Completing 60% with 43 violations.
    elapsed time = 00:00:05, memory = 1127.15 (MB).
    Completing 70% with 43 violations.
    elapsed time = 00:00:07, memory = 1127.15 (MB).
    Completing 80% with 43 violations.
    elapsed time = 00:00:07, memory = 1127.15 (MB).
    Completing 90% with 55 violations.
    elapsed time = 00:00:08, memory = 1127.15 (MB).
    Completing 100% with 57 violations.
    elapsed time = 00:00:09, memory = 1127.15 (MB).
[INFO DRT-0199]   Number of violations = 57.
Viol/Layer        met1
Metal Spacing       29
Short               28
[INFO DRT-0267] cpu time = 00:00:12, elapsed time = 00:00:09, memory = 1127.15 (MB), peak = 1127.15 (MB)
Total wire length = 298356 um.
Total wire length on LAYER li1 = 0 um.
Total wire length on LAYER met1 = 96830 um.
Total wire length on LAYER met2 = 125593 um.
Total wire length on LAYER met3 = 52800 um.
Total wire length on LAYER met4 = 21579 um.
Total wire length on LAYER met5 = 1553 um.
Total number of vias = 52420.
Up-via summary (total 52420):

------------------------
 FR_MASTERSLICE        0
            li1    21850
           met1    25370
           met2     4178
           met3      963
           met4       59
------------------------
               52420


[INFO DRT-0195] Start 3rd guides tiles iteration.
    Completing 10% with 57 violations.
    elapsed time = 00:00:00, memory = 1127.15 (MB).
    Completing 20% with 57 violations.
    elapsed time = 00:00:00, memory = 1127.15 (MB).
    Completing 30% with 57 violations.
    elapsed time = 00:00:00, memory = 1127.15 (MB).
    Completing 40% with 57 violations.
    elapsed time = 00:00:00, memory = 1127.15 (MB).
    Completing 50% with 6 violations.
    elapsed time = 00:00:00, memory = 1127.15 (MB).
    Completing 60% with 6 violations.
    elapsed time = 00:00:00, memory = 1127.15 (MB).
    Completing 70% with 6 violations.
    elapsed time = 00:00:00, memory = 1127.15 (MB).
    Completing 80% with 6 violations.
    elapsed time = 00:00:00, memory = 1127.15 (MB).
    Completing 90% with 6 violations.
    elapsed time = 00:00:00, memory = 1127.15 (MB).
    Completing 100% with 6 violations.
    elapsed time = 00:00:02, memory = 1127.15 (MB).
[INFO DRT-0199]   Number of violations = 6.
Viol/Layer        met1
Metal Spacing        2
Short                4
[INFO DRT-0267] cpu time = 00:00:02, elapsed time = 00:00:02, memory = 1127.15 (MB), peak = 1127.15 (MB)
Total wire length = 298346 um.
Total wire length on LAYER li1 = 0 um.
Total wire length on LAYER met1 = 96556 um.
Total wire length on LAYER met2 = 125595 um.
Total wire length on LAYER met3 = 53061 um.
Total wire length on LAYER met4 = 21579 um.
Total wire length on LAYER met5 = 1553 um.
Total number of vias = 52428.
Up-via summary (total 52428):

------------------------
 FR_MASTERSLICE        0
            li1    21849
           met1    25365
           met2     4191
           met3      964
           met4       59
------------------------
               52428


[INFO DRT-0195] Start 4th guides tiles iteration.
    Completing 50% with 6 violations.
    elapsed time = 00:00:00, memory = 1127.15 (MB).
    Completing 100% with 6 violations.
    elapsed time = 00:00:02, memory = 1127.15 (MB).
[INFO DRT-0199]   Number of violations = 6.
Viol/Layer        met1
Metal Spacing        2
Short                4
[INFO DRT-0267] cpu time = 00:00:01, elapsed time = 00:00:02, memory = 1127.15 (MB), peak = 1127.15 (MB)
Total wire length = 298346 um.
Total wire length on LAYER li1 = 0 um.
Total wire length on LAYER met1 = 96556 um.
Total wire length on LAYER met2 = 125595 um.
Total wire length on LAYER met3 = 53061 um.
Total wire length on LAYER met4 = 21579 um.
Total wire length on LAYER met5 = 1553 um.
Total number of vias = 52428.
Up-via summary (total 52428):

------------------------
 FR_MASTERSLICE        0
            li1    21849
           met1    25365
           met2     4191
           met3      964
           met4       59
------------------------
               52428


[INFO DRT-0195] Start 5th stubborn tiles iteration.
    Completing 10% with 6 violations.
    elapsed time = 00:00:17, memory = 1127.15 (MB).
    Completing 20% with 6 violations.
    elapsed time = 00:00:41, memory = 1127.15 (MB).
    Completing 30% with 6 violations.
    elapsed time = 00:00:56, memory = 1127.15 (MB).
    Completing 40% with 6 violations.
    elapsed time = 00:01:07, memory = 1127.15 (MB).
    Completing 50% with 6 violations.
    elapsed time = 00:01:11, memory = 1127.15 (MB).
    Completing 60% with 6 violations.
    elapsed time = 00:01:19, memory = 1127.15 (MB).
    Completing 70% with 6 violations.
    elapsed time = 00:01:34, memory = 1127.15 (MB).
    Completing 80% with 6 violations.
    elapsed time = 00:01:41, memory = 1144.78 (MB).
    Completing 90% with 6 violations.
    elapsed time = 00:01:50, memory = 1157.62 (MB).
    Completing 100% with 0 violations.
    elapsed time = 00:01:56, memory = 1203.78 (MB).
[INFO DRT-0199]   Number of violations = 0.
[INFO DRT-0267] cpu time = 00:03:04, elapsed time = 00:01:56, memory = 1203.78 (MB), peak = 1203.78 (MB)
Total wire length = 298361 um.
Total wire length on LAYER li1 = 0 um.
Total wire length on LAYER met1 = 96533 um.
Total wire length on LAYER met2 = 125541 um.
Total wire length on LAYER met3 = 53090 um.
Total wire length on LAYER met4 = 21642 um.
Total wire length on LAYER met5 = 1553 um.
Total number of vias = 52451.
Up-via summary (total 52451):

------------------------
 FR_MASTERSLICE        0
            li1    21848
           met1    25377
           met2     4197
           met3      970
           met4       59
------------------------
               52451


[INFO DRT-0198] Complete detail routing.
Total wire length = 298361 um.
Total wire length on LAYER li1 = 0 um.
Total wire length on LAYER met1 = 96533 um.
Total wire length on LAYER met2 = 125541 um.
Total wire length on LAYER met3 = 53090 um.
Total wire length on LAYER met4 = 21642 um.
Total wire length on LAYER met5 = 1553 um.
Total number of vias = 52451.
Up-via summary (total 52451):

------------------------
 FR_MASTERSLICE        0
            li1    21848
           met1    25377
           met2     4197
           met3      970
           met4       59
------------------------
               52451


[INFO DRT-0267] cpu time = 00:05:21, elapsed time = 00:03:28, memory = 1203.78 (MB), peak = 1203.78 (MB)

[INFO DRT-0180] Post processing.
[INFO ANT-0002] Found 0 net violations.
[INFO ANT-0001] Found 0 pin violations.
[INFO ANT-0002] Found 0 net violations.
[INFO ANT-0001] Found 0 pin violations.
write_db ./results/sky130hd/riscv32i/base/5_2_route.odb
Elapsed time: 31:03.16[h:]min:sec. CPU time: user 2962.36 sys 6.57 (159%). Peak memory: 1232924KB.
Log                        Elapsed/s Peak Memory/MB  sha1sum .odb [0:20)
5_2_route                       1863           1204 207f444c0d74ff0ae9aa
