OpenROAD 26Q1-951-g6975124cf2 
Features included (+) or not (-): +GPU +GUI +Python
This program is licensed under the BSD-3 license. See the LICENSE file for details.
Components of this program may be licensed under more restrictive licenses which must be honored.
[INFO ORD-0030] Using 2 thread(s).
read_liberty /workspaces/vsd-scl180-orfs_workshop/orfs/flow/platforms/sky130hd/lib/sky130_fd_sc_hd__tt_025C_1v80.lib
read_db -hier ./results/sky130hd/riscv32i/base/6_1_fill.odb
[WARNING ORD-0012] Hierarchical flow (-hier) is currently in development and may cause multiple issues. Do not use in production environments.
source /workspaces/vsd-scl180-orfs_workshop/orfs/flow/platforms/sky130hd/setRC.tcl
write_db ./results/sky130hd/riscv32i/base/6_final.odb
Deleted 0 routing obstructions
[INFO RCX-0431] Defined process_corner X with ext_model_index 0
[INFO RCX-0029] Defined extraction corner X
[INFO RCX-0435] Reading extraction model file /workspaces/vsd-scl180-orfs_workshop/orfs/flow/platforms/sky130hd/rcx_patterns.rules ...
[INFO RCX-0436] RC segment generation riscv (max_merge_res 50.0) ...
[INFO RCX-0040] Final 28445 rc segments
[INFO RCX-0439] Coupling Cap extraction riscv ...
[INFO RCX-0440] Coupling threshhold is 0.1000 fF, coupling capacitance less than 0.1000 fF will be grounded.
[INFO RCX-0442] 54% of 60968 wires extracted
[INFO RCX-0442] 100% of 60968 wires extracted
[INFO RCX-0045] Extract 6228 nets, 34634 rsegs, 34634 caps, 70923 ccs
[INFO RCX-0443] 6228 nets finished
[INFO PSM-0040] All shapes on net VDD are connected.
########## IR report #################
Net              : VDD
Corner           : default
Total power      : 2.41e-02 W
Supply voltage   : 1.80e+00 V
Worstcase voltage: 1.80e+00 V
Average voltage  : 1.80e+00 V
Average IR drop  : 3.53e-05 V
Worstcase IR drop: 2.86e-04 V
Percentage drop  : 0.02 %
######################################
[INFO PSM-0040] All shapes on net VSS are connected.
########## IR report #################
Net              : VSS
Corner           : default
Total power      : 2.41e-02 W
Supply voltage   : 0.00e+00 V
Worstcase voltage: 2.46e-04 V
Average voltage  : 3.16e-05 V
Average IR drop  : 3.16e-05 V
Worstcase IR drop: 2.46e-04 V
Percentage drop  : 0.01 %
######################################
Cell type report:                       Count       Area
  Fill cell                             10577   55080.33
  Tap cell                               1768    2212.12
  Antenna cell                             12      30.03
  Clock buffer                            133    2817.70
  Timing Repair Buffer                   1120    9421.54
  Inverter                                114     440.42
  Clock inverter                           63     750.72
  Sequential cell                        1056   31550.26
  Multi-Input combinational cell         3598   31825.52
  Total                                 18441  134128.64
Report metrics stage 6, finish...

==========================================================================
finish report_design_area
--------------------------------------------------------------------------
Design area 76836 um^2 57% utilization.
[WARNING GUI-0076] QStandardPaths: XDG_RUNTIME_DIR not set, defaulting to '/tmp/runtime-vscode'
[WARNING GUI-0010] File path does not end with a valid extension, new path is: ./reports/sky130hd/riscv32i/base/final_all.webp.png
[WARNING GUI-0010] File path does not end with a valid extension, new path is: ./reports/sky130hd/riscv32i/base/final_routing.webp.png
[WARNING GUI-0076] QXcbConnection: XCB error: 13 (BadGC), sequence: 391, resource id: 0, major code: 130 (Unknown), minor code: 3
[WARNING GUI-0010] File path does not end with a valid extension, new path is: ./reports/sky130hd/riscv32i/base/final_placement.webp.png
[WARNING GUI-0010] File path does not end with a valid extension, new path is: ./reports/sky130hd/riscv32i/base/final_ir_drop.webp.png
[WARNING GUI-0010] File path does not end with a valid extension, new path is: ./reports/sky130hd/riscv32i/base/final_clocks.webp.png
[WARNING GUI-0010] File path does not end with a valid extension, new path is: ./reports/sky130hd/riscv32i/base/cts_clk.webp.png
[WARNING GUI-0010] File path does not end with a valid extension, new path is: ./reports/sky130hd/riscv32i/base/cts_clk_layout.webp.png
[WARNING GUI-0010] File path does not end with a valid extension, new path is: ./reports/sky130hd/riscv32i/base/final_resizer.webp.png
[WARNING GUI-0010] File path does not end with a valid extension, new path is: ./reports/sky130hd/riscv32i/base/final_congestion.webp.png
[WARNING GUI-0010] File path does not end with a valid extension, new path is: ./reports/sky130hd/riscv32i/base/final_worst_path.webp.png
Elapsed time: 0:20.36[h:]min:sec. CPU time: user 18.73 sys 2.61 (104%). Peak memory: 367412KB.
Log                        Elapsed/s Peak Memory/MB  sha1sum .odb [0:20)
6_report                          20            358                  N/A
