
==========================================================================
detailed place report_tns
--------------------------------------------------------------------------
tns max -12.62

==========================================================================
detailed place report_wns
--------------------------------------------------------------------------
wns max -0.57

==========================================================================
detailed place report_worst_slack
--------------------------------------------------------------------------
worst slack max -0.57

==========================================================================
detailed place report_clock_min_period
--------------------------------------------------------------------------
clk period_min = 6.57 fmax = 152.29

==========================================================================
detailed place report_checks -path_delay min
--------------------------------------------------------------------------
Startpoint: dp.pcreg.q[2]$_DFF_PP0_
            (rising edge-triggered flip-flop clocked by clk)
Endpoint: dp.pcreg.q[2]$_DFF_PP0_
          (rising edge-triggered flip-flop clocked by clk)
Path Group: clk
Path Type: min

Fanout     Cap    Slew   Delay    Time   Description
-----------------------------------------------------------------------------
                  0.00    0.00    0.00   clock clk (rise edge)
                          0.00    0.00   clock network delay (ideal)
                  0.00    0.00    0.00 ^ dp.pcreg.q[2]$_DFF_PP0_/CLK (sky130_fd_sc_hd__dfrtp_1)
     5    0.02    0.17    0.40    0.40 ^ dp.pcreg.q[2]$_DFF_PP0_/Q (sky130_fd_sc_hd__dfrtp_1)
                                         net153 (net)
                  0.17    0.00    0.40 ^ _6814_/A1 (sky130_fd_sc_hd__mux2i_1)
     1    0.00    0.04    0.10    0.50 v _6814_/Y (sky130_fd_sc_hd__mux2i_1)
                                         _3635_ (net)
                  0.04    0.00    0.50 v dp.pcreg.q[2]$_DFF_PP0_/D (sky130_fd_sc_hd__dfrtp_1)
                                  0.50   data arrival time

                  0.00    0.00    0.00   clock clk (rise edge)
                          0.00    0.00   clock network delay (ideal)
                          0.00    0.00   clock reconvergence pessimism
                                  0.00 ^ dp.pcreg.q[2]$_DFF_PP0_/CLK (sky130_fd_sc_hd__dfrtp_1)
                         -0.05   -0.05   library hold time
                                 -0.05   data required time
-----------------------------------------------------------------------------
                                 -0.05   data required time
                                 -0.50   data arrival time
-----------------------------------------------------------------------------
                                  0.55   slack (MET)



==========================================================================
detailed place report_checks -path_delay max
--------------------------------------------------------------------------
Startpoint: dp.rf.rf[15][0]$_DFFE_PP_
            (rising edge-triggered flip-flop clocked by clk)
Endpoint: aluout[26] (output port clocked by clk)
Path Group: clk
Path Type: max

Fanout     Cap    Slew   Delay    Time   Description
-----------------------------------------------------------------------------
                  0.00    0.00    0.00   clock clk (rise edge)
                          0.00    0.00   clock network delay (ideal)
                  0.00    0.00    0.00 ^ dp.rf.rf[15][0]$_DFFE_PP_/CLK (sky130_fd_sc_hd__edfxtp_1)
     2    0.01    0.08    0.36    0.36 v dp.rf.rf[15][0]$_DFFE_PP_/Q (sky130_fd_sc_hd__edfxtp_1)
                                         _0367_ (net)
                  0.08    0.00    0.36 v _6884_/A3 (sky130_fd_sc_hd__mux4_2)
     1    0.01    0.09    0.49    0.85 v _6884_/X (sky130_fd_sc_hd__mux4_2)
                                         _3680_ (net)
                  0.09    0.00    0.85 v _6887_/A2 (sky130_fd_sc_hd__mux4_2)
     1    0.01    0.09    0.49    1.34 v _6887_/X (sky130_fd_sc_hd__mux4_2)
                                         _3683_ (net)
                  0.09    0.00    1.34 v _6888_/B (sky130_fd_sc_hd__nor2_1)
     1    0.00    0.11    0.11    1.44 ^ _6888_/Y (sky130_fd_sc_hd__nor2_1)
                                         _3684_ (net)
                  0.11    0.00    1.44 ^ _6892_/B (sky130_fd_sc_hd__nor3_1)
     1    0.01    0.09    0.10    1.54 v _6892_/Y (sky130_fd_sc_hd__nor3_1)
                                         net164 (net)
                  0.09    0.00    1.54 v place1431/A (sky130_fd_sc_hd__buf_12)
     2    0.03    0.03    0.15    1.69 v place1431/X (sky130_fd_sc_hd__buf_12)
                                         net1427 (net)
                  0.03    0.00    1.70 v _6894_/A1 (sky130_fd_sc_hd__mux2_2)
     2    0.01    0.07    0.29    1.98 v _6894_/X (sky130_fd_sc_hd__mux2_2)
                                         _3689_ (net)
                  0.07    0.00    1.98 v _6895_/B (sky130_fd_sc_hd__xnor2_1)
     2    0.01    0.17    0.17    2.16 v _6895_/Y (sky130_fd_sc_hd__xnor2_1)
                                         _3690_ (net)
                  0.17    0.00    2.16 v dp.alu.sum\\ALU_33_0_33_0_33_unused_CO_X_HAN_CARLSON/_283_/A (sky130_fd_sc_hd__fa_1)
     2    0.01    0.11    0.51    2.66 v dp.alu.sum\\ALU_33_0_33_0_33_unused_CO_X_HAN_CARLSON/_283_/COUT (sky130_fd_sc_hd__fa_1)
                                         dp.alu.sum\\ALU_33_0_33_0_33_unused_CO_X_HAN_CARLSON/_031_ (net)
                  0.11    0.00    2.66 v dp.alu.sum\\ALU_33_0_33_0_33_unused_CO_X_HAN_CARLSON/_284_/B (sky130_fd_sc_hd__fa_1)
     2    0.01    0.09    0.44    3.10 v dp.alu.sum\\ALU_33_0_33_0_33_unused_CO_X_HAN_CARLSON/_284_/COUT (sky130_fd_sc_hd__fa_1)
                                         dp.alu.sum\\ALU_33_0_33_0_33_unused_CO_X_HAN_CARLSON/_032_ (net)
                  0.09    0.00    3.10 v dp.alu.sum\\ALU_33_0_33_0_33_unused_CO_X_HAN_CARLSON/_521_/A1 (sky130_fd_sc_hd__a31oi_1)
     1    0.00    0.14    0.16    3.25 ^ dp.alu.sum\\ALU_33_0_33_0_33_unused_CO_X_HAN_CARLSON/_521_/Y (sky130_fd_sc_hd__a31oi_1)
                                         dp.alu.sum\\ALU_33_0_33_0_33_unused_CO_X_HAN_CARLSON/_246_ (net)
                  0.14    0.00    3.25 ^ dp.alu.sum\\ALU_33_0_33_0_33_unused_CO_X_HAN_CARLSON/place1107/A (sky130_fd_sc_hd__buf_4)
     3    0.02    0.06    0.15    3.41 ^ dp.alu.sum\\ALU_33_0_33_0_33_unused_CO_X_HAN_CARLSON/place1107/X (sky130_fd_sc_hd__buf_4)
                                         dp.alu.sum\\ALU_33_0_33_0_33_unused_CO_X_HAN_CARLSON/net1103 (net)
                  0.06    0.00    3.41 ^ dp.alu.sum\\ALU_33_0_33_0_33_unused_CO_X_HAN_CARLSON/_530_/A1 (sky130_fd_sc_hd__o21ai_0)
     2    0.01    0.16    0.15    3.56 v dp.alu.sum\\ALU_33_0_33_0_33_unused_CO_X_HAN_CARLSON/_530_/Y (sky130_fd_sc_hd__o21ai_0)
                                         dp.alu.sum\\ALU_33_0_33_0_33_unused_CO_X_HAN_CARLSON/_253_ (net)
                  0.16    0.00    3.56 v dp.alu.sum\\ALU_33_0_33_0_33_unused_CO_X_HAN_CARLSON/_553_/A1 (sky130_fd_sc_hd__a21oi_1)
     2    0.01    0.21    0.24    3.80 ^ dp.alu.sum\\ALU_33_0_33_0_33_unused_CO_X_HAN_CARLSON/_553_/Y (sky130_fd_sc_hd__a21oi_1)
                                         dp.alu.sum\\ALU_33_0_33_0_33_unused_CO_X_HAN_CARLSON/_272_ (net)
                  0.21    0.00    3.80 ^ dp.alu.sum\\ALU_33_0_33_0_33_unused_CO_X_HAN_CARLSON/place1060/A (sky130_fd_sc_hd__buf_4)
     2    0.01    0.04    0.16    3.96 ^ dp.alu.sum\\ALU_33_0_33_0_33_unused_CO_X_HAN_CARLSON/place1060/X (sky130_fd_sc_hd__buf_4)
                                         dp.alu.sum\\ALU_33_0_33_0_33_unused_CO_X_HAN_CARLSON/net1056 (net)
                  0.04    0.00    3.96 ^ dp.alu.sum\\ALU_33_0_33_0_33_unused_CO_X_HAN_CARLSON/_425_/A1 (sky130_fd_sc_hd__o31ai_1)
     1    0.00    0.06    0.08    4.04 v dp.alu.sum\\ALU_33_0_33_0_33_unused_CO_X_HAN_CARLSON/_425_/Y (sky130_fd_sc_hd__o31ai_1)
                                         dp.alu.sum\\ALU_33_0_33_0_33_unused_CO_X_HAN_CARLSON/_159_ (net)
                  0.06    0.00    4.04 v dp.alu.sum\\ALU_33_0_33_0_33_unused_CO_X_HAN_CARLSON/_426_/B (sky130_fd_sc_hd__xor2_1)
     1    0.01    0.18    0.18    4.22 ^ dp.alu.sum\\ALU_33_0_33_0_33_unused_CO_X_HAN_CARLSON/_426_/X (sky130_fd_sc_hd__xor2_1)
                                         dp.alu.sum[26] (net)
                  0.18    0.00    4.22 ^ _6251_/A1 (sky130_fd_sc_hd__a211oi_1)
     1    0.00    0.11    0.10    4.32 v _6251_/Y (sky130_fd_sc_hd__a211oi_1)
                                         _3092_ (net)
                  0.11    0.00    4.32 v _6254_/A2 (sky130_fd_sc_hd__o22ai_1)
     2    0.03    0.55    0.47    4.79 ^ _6254_/Y (sky130_fd_sc_hd__o22ai_1)
                                         net115 (net)
                  0.55    0.00    4.79 ^ output119/A (sky130_fd_sc_hd__clkdlybuf4s50_1)
     1    0.00    0.04    0.58    5.37 ^ output119/X (sky130_fd_sc_hd__clkdlybuf4s50_1)
                                         aluout[26] (net)
                  0.04    0.00    5.37 ^ aluout[26] (out)
                                  5.37   data arrival time

                  0.00    6.00    6.00   clock clk (rise edge)
                          0.00    6.00   clock network delay (ideal)
                          0.00    6.00   clock reconvergence pessimism
                         -1.20    4.80   output external delay
                                  4.80   data required time
-----------------------------------------------------------------------------
                                  4.80   data required time
                                 -5.37   data arrival time
-----------------------------------------------------------------------------
                                 -0.57   slack (VIOLATED)



==========================================================================
detailed place report_checks -unconstrained
--------------------------------------------------------------------------
Startpoint: dp.rf.rf[15][0]$_DFFE_PP_
            (rising edge-triggered flip-flop clocked by clk)
Endpoint: aluout[26] (output port clocked by clk)
Path Group: clk
Path Type: max

Fanout     Cap    Slew   Delay    Time   Description
-----------------------------------------------------------------------------
                  0.00    0.00    0.00   clock clk (rise edge)
                          0.00    0.00   clock network delay (ideal)
                  0.00    0.00    0.00 ^ dp.rf.rf[15][0]$_DFFE_PP_/CLK (sky130_fd_sc_hd__edfxtp_1)
     2    0.01    0.08    0.36    0.36 v dp.rf.rf[15][0]$_DFFE_PP_/Q (sky130_fd_sc_hd__edfxtp_1)
                                         _0367_ (net)
                  0.08    0.00    0.36 v _6884_/A3 (sky130_fd_sc_hd__mux4_2)
     1    0.01    0.09    0.49    0.85 v _6884_/X (sky130_fd_sc_hd__mux4_2)
                                         _3680_ (net)
                  0.09    0.00    0.85 v _6887_/A2 (sky130_fd_sc_hd__mux4_2)
     1    0.01    0.09    0.49    1.34 v _6887_/X (sky130_fd_sc_hd__mux4_2)
                                         _3683_ (net)
                  0.09    0.00    1.34 v _6888_/B (sky130_fd_sc_hd__nor2_1)
     1    0.00    0.11    0.11    1.44 ^ _6888_/Y (sky130_fd_sc_hd__nor2_1)
                                         _3684_ (net)
                  0.11    0.00    1.44 ^ _6892_/B (sky130_fd_sc_hd__nor3_1)
     1    0.01    0.09    0.10    1.54 v _6892_/Y (sky130_fd_sc_hd__nor3_1)
                                         net164 (net)
                  0.09    0.00    1.54 v place1431/A (sky130_fd_sc_hd__buf_12)
     2    0.03    0.03    0.15    1.69 v place1431/X (sky130_fd_sc_hd__buf_12)
                                         net1427 (net)
                  0.03    0.00    1.70 v _6894_/A1 (sky130_fd_sc_hd__mux2_2)
     2    0.01    0.07    0.29    1.98 v _6894_/X (sky130_fd_sc_hd__mux2_2)
                                         _3689_ (net)
                  0.07    0.00    1.98 v _6895_/B (sky130_fd_sc_hd__xnor2_1)
     2    0.01    0.17    0.17    2.16 v _6895_/Y (sky130_fd_sc_hd__xnor2_1)
                                         _3690_ (net)
                  0.17    0.00    2.16 v dp.alu.sum\\ALU_33_0_33_0_33_unused_CO_X_HAN_CARLSON/_283_/A (sky130_fd_sc_hd__fa_1)
     2    0.01    0.11    0.51    2.66 v dp.alu.sum\\ALU_33_0_33_0_33_unused_CO_X_HAN_CARLSON/_283_/COUT (sky130_fd_sc_hd__fa_1)
                                         dp.alu.sum\\ALU_33_0_33_0_33_unused_CO_X_HAN_CARLSON/_031_ (net)
                  0.11    0.00    2.66 v dp.alu.sum\\ALU_33_0_33_0_33_unused_CO_X_HAN_CARLSON/_284_/B (sky130_fd_sc_hd__fa_1)
     2    0.01    0.09    0.44    3.10 v dp.alu.sum\\ALU_33_0_33_0_33_unused_CO_X_HAN_CARLSON/_284_/COUT (sky130_fd_sc_hd__fa_1)
                                         dp.alu.sum\\ALU_33_0_33_0_33_unused_CO_X_HAN_CARLSON/_032_ (net)
                  0.09    0.00    3.10 v dp.alu.sum\\ALU_33_0_33_0_33_unused_CO_X_HAN_CARLSON/_521_/A1 (sky130_fd_sc_hd__a31oi_1)
     1    0.00    0.14    0.16    3.25 ^ dp.alu.sum\\ALU_33_0_33_0_33_unused_CO_X_HAN_CARLSON/_521_/Y (sky130_fd_sc_hd__a31oi_1)
                                         dp.alu.sum\\ALU_33_0_33_0_33_unused_CO_X_HAN_CARLSON/_246_ (net)
                  0.14    0.00    3.25 ^ dp.alu.sum\\ALU_33_0_33_0_33_unused_CO_X_HAN_CARLSON/place1107/A (sky130_fd_sc_hd__buf_4)
     3    0.02    0.06    0.15    3.41 ^ dp.alu.sum\\ALU_33_0_33_0_33_unused_CO_X_HAN_CARLSON/place1107/X (sky130_fd_sc_hd__buf_4)
                                         dp.alu.sum\\ALU_33_0_33_0_33_unused_CO_X_HAN_CARLSON/net1103 (net)
                  0.06    0.00    3.41 ^ dp.alu.sum\\ALU_33_0_33_0_33_unused_CO_X_HAN_CARLSON/_530_/A1 (sky130_fd_sc_hd__o21ai_0)
     2    0.01    0.16    0.15    3.56 v dp.alu.sum\\ALU_33_0_33_0_33_unused_CO_X_HAN_CARLSON/_530_/Y (sky130_fd_sc_hd__o21ai_0)
                                         dp.alu.sum\\ALU_33_0_33_0_33_unused_CO_X_HAN_CARLSON/_253_ (net)
                  0.16    0.00    3.56 v dp.alu.sum\\ALU_33_0_33_0_33_unused_CO_X_HAN_CARLSON/_553_/A1 (sky130_fd_sc_hd__a21oi_1)
     2    0.01    0.21    0.24    3.80 ^ dp.alu.sum\\ALU_33_0_33_0_33_unused_CO_X_HAN_CARLSON/_553_/Y (sky130_fd_sc_hd__a21oi_1)
                                         dp.alu.sum\\ALU_33_0_33_0_33_unused_CO_X_HAN_CARLSON/_272_ (net)
                  0.21    0.00    3.80 ^ dp.alu.sum\\ALU_33_0_33_0_33_unused_CO_X_HAN_CARLSON/place1060/A (sky130_fd_sc_hd__buf_4)
     2    0.01    0.04    0.16    3.96 ^ dp.alu.sum\\ALU_33_0_33_0_33_unused_CO_X_HAN_CARLSON/place1060/X (sky130_fd_sc_hd__buf_4)
                                         dp.alu.sum\\ALU_33_0_33_0_33_unused_CO_X_HAN_CARLSON/net1056 (net)
                  0.04    0.00    3.96 ^ dp.alu.sum\\ALU_33_0_33_0_33_unused_CO_X_HAN_CARLSON/_425_/A1 (sky130_fd_sc_hd__o31ai_1)
     1    0.00    0.06    0.08    4.04 v dp.alu.sum\\ALU_33_0_33_0_33_unused_CO_X_HAN_CARLSON/_425_/Y (sky130_fd_sc_hd__o31ai_1)
                                         dp.alu.sum\\ALU_33_0_33_0_33_unused_CO_X_HAN_CARLSON/_159_ (net)
                  0.06    0.00    4.04 v dp.alu.sum\\ALU_33_0_33_0_33_unused_CO_X_HAN_CARLSON/_426_/B (sky130_fd_sc_hd__xor2_1)
     1    0.01    0.18    0.18    4.22 ^ dp.alu.sum\\ALU_33_0_33_0_33_unused_CO_X_HAN_CARLSON/_426_/X (sky130_fd_sc_hd__xor2_1)
                                         dp.alu.sum[26] (net)
                  0.18    0.00    4.22 ^ _6251_/A1 (sky130_fd_sc_hd__a211oi_1)
     1    0.00    0.11    0.10    4.32 v _6251_/Y (sky130_fd_sc_hd__a211oi_1)
                                         _3092_ (net)
                  0.11    0.00    4.32 v _6254_/A2 (sky130_fd_sc_hd__o22ai_1)
     2    0.03    0.55    0.47    4.79 ^ _6254_/Y (sky130_fd_sc_hd__o22ai_1)
                                         net115 (net)
                  0.55    0.00    4.79 ^ output119/A (sky130_fd_sc_hd__clkdlybuf4s50_1)
     1    0.00    0.04    0.58    5.37 ^ output119/X (sky130_fd_sc_hd__clkdlybuf4s50_1)
                                         aluout[26] (net)
                  0.04    0.00    5.37 ^ aluout[26] (out)
                                  5.37   data arrival time

                  0.00    6.00    6.00   clock clk (rise edge)
                          0.00    6.00   clock network delay (ideal)
                          0.00    6.00   clock reconvergence pessimism
                         -1.20    4.80   output external delay
                                  4.80   data required time
-----------------------------------------------------------------------------
                                  4.80   data required time
                                 -5.37   data arrival time
-----------------------------------------------------------------------------
                                 -0.57   slack (VIOLATED)



==========================================================================
detailed place report_check_types -max_slew -max_cap -max_fanout -violators
--------------------------------------------------------------------------

==========================================================================
detailed place max_slew_check_slack
--------------------------------------------------------------------------
0.418260782957077

==========================================================================
detailed place max_slew_check_limit
--------------------------------------------------------------------------
1.5

==========================================================================
detailed place max_slew_check_slack_limit
--------------------------------------------------------------------------
0.2788

==========================================================================
detailed place max_fanout_check_slack
--------------------------------------------------------------------------
1.0000000150474662e+30

==========================================================================
detailed place max_fanout_check_limit
--------------------------------------------------------------------------
1.0000000150474662e+30

==========================================================================
detailed place max_capacitance_check_slack
--------------------------------------------------------------------------
0.015596117824316025

==========================================================================
detailed place max_capacitance_check_limit
--------------------------------------------------------------------------
0.021067000925540924

==========================================================================
detailed place max_capacitance_check_slack_limit
--------------------------------------------------------------------------
0.7403

==========================================================================
detailed place max_slew_violation_count
--------------------------------------------------------------------------
max slew violation count 0

==========================================================================
detailed place max_fanout_violation_count
--------------------------------------------------------------------------
max fanout violation count 0

==========================================================================
detailed place max_cap_violation_count
--------------------------------------------------------------------------
max cap violation count 0

==========================================================================
detailed place setup_violation_count
--------------------------------------------------------------------------
setup violation count 125

==========================================================================
detailed place hold_violation_count
--------------------------------------------------------------------------
hold violation count 0

==========================================================================
detailed place report_checks -path_delay max reg to reg
--------------------------------------------------------------------------
Startpoint: dp.rf.rf[15][0]$_DFFE_PP_
            (rising edge-triggered flip-flop clocked by clk)
Endpoint: dp.rf.rf[26][14]$_DFFE_PP_
          (rising edge-triggered flip-flop clocked by clk)
Path Group: clk
Path Type: max

  Delay    Time   Description
---------------------------------------------------------
   0.00    0.00   clock clk (rise edge)
   0.00    0.00   clock network delay (ideal)
   0.00    0.00 ^ dp.rf.rf[15][0]$_DFFE_PP_/CLK (sky130_fd_sc_hd__edfxtp_1)
   0.36    0.36 v dp.rf.rf[15][0]$_DFFE_PP_/Q (sky130_fd_sc_hd__edfxtp_1)
   0.49    0.85 v _6884_/X (sky130_fd_sc_hd__mux4_2)
   0.49    1.34 v _6887_/X (sky130_fd_sc_hd__mux4_2)
   0.11    1.44 ^ _6888_/Y (sky130_fd_sc_hd__nor2_1)
   0.10    1.54 v _6892_/Y (sky130_fd_sc_hd__nor3_1)
   0.15    1.69 v place1431/X (sky130_fd_sc_hd__buf_12)
   0.29    1.98 v _6894_/X (sky130_fd_sc_hd__mux2_2)
   0.17    2.16 v _6895_/Y (sky130_fd_sc_hd__xnor2_1)
   0.51    2.66 v dp.alu.sum\\ALU_33_0_33_0_33_unused_CO_X_HAN_CARLSON/_283_/COUT (sky130_fd_sc_hd__fa_1)
   0.44    3.10 v dp.alu.sum\\ALU_33_0_33_0_33_unused_CO_X_HAN_CARLSON/_284_/COUT (sky130_fd_sc_hd__fa_1)
   0.16    3.25 ^ dp.alu.sum\\ALU_33_0_33_0_33_unused_CO_X_HAN_CARLSON/_521_/Y (sky130_fd_sc_hd__a31oi_1)
   0.15    3.41 ^ dp.alu.sum\\ALU_33_0_33_0_33_unused_CO_X_HAN_CARLSON/place1107/X (sky130_fd_sc_hd__buf_4)
   0.15    3.56 v dp.alu.sum\\ALU_33_0_33_0_33_unused_CO_X_HAN_CARLSON/_530_/Y (sky130_fd_sc_hd__o21ai_0)
   0.19    3.75 v dp.alu.sum\\ALU_33_0_33_0_33_unused_CO_X_HAN_CARLSON/place1080/X (sky130_fd_sc_hd__buf_4)
   0.13    3.88 ^ dp.alu.sum\\ALU_33_0_33_0_33_unused_CO_X_HAN_CARLSON/_329_/Y (sky130_fd_sc_hd__a31oi_1)
   0.16    4.04 ^ dp.alu.sum\\ALU_33_0_33_0_33_unused_CO_X_HAN_CARLSON/place1064/X (sky130_fd_sc_hd__buf_4)
   0.07    4.10 v dp.alu.sum\\ALU_33_0_33_0_33_unused_CO_X_HAN_CARLSON/_330_/Y (sky130_fd_sc_hd__xnor2_1)
   0.30    4.40 ^ _6494_/Y (sky130_fd_sc_hd__a211oi_1)
   0.25    4.65 v _6495_/Y (sky130_fd_sc_hd__o32ai_1)
   0.21    4.86 v place1025/X (sky130_fd_sc_hd__buf_4)
   0.41    5.27 ^ _6496_/Y (sky130_fd_sc_hd__nor3_1)
   0.24    5.51 ^ place1006/X (sky130_fd_sc_hd__buf_4)
   0.07    5.59 v _6499_/Y (sky130_fd_sc_hd__nor3_2)
   0.20    5.78 v place986/X (sky130_fd_sc_hd__buf_12)
   0.01    5.79 v dp.rf.rf[26][14]$_DFFE_PP_/D (sky130_fd_sc_hd__edfxtp_1)
           5.79   data arrival time

   6.00    6.00   clock clk (rise edge)
   0.00    6.00   clock network delay (ideal)
   0.00    6.00   clock reconvergence pessimism
           6.00 ^ dp.rf.rf[26][14]$_DFFE_PP_/CLK (sky130_fd_sc_hd__edfxtp_1)
  -0.27    5.73   library setup time
           5.73   data required time
---------------------------------------------------------
           5.73   data required time
          -5.79   data arrival time
---------------------------------------------------------
          -0.06   slack (VIOLATED)



==========================================================================
detailed place report_checks -path_delay min reg to reg
--------------------------------------------------------------------------
Startpoint: dp.pcreg.q[2]$_DFF_PP0_
            (rising edge-triggered flip-flop clocked by clk)
Endpoint: dp.pcreg.q[2]$_DFF_PP0_
          (rising edge-triggered flip-flop clocked by clk)
Path Group: clk
Path Type: min

  Delay    Time   Description
---------------------------------------------------------
   0.00    0.00   clock clk (rise edge)
   0.00    0.00   clock network delay (ideal)
   0.00    0.00 ^ dp.pcreg.q[2]$_DFF_PP0_/CLK (sky130_fd_sc_hd__dfrtp_1)
   0.40    0.40 ^ dp.pcreg.q[2]$_DFF_PP0_/Q (sky130_fd_sc_hd__dfrtp_1)
   0.10    0.50 v _6814_/Y (sky130_fd_sc_hd__mux2i_1)
   0.00    0.50 v dp.pcreg.q[2]$_DFF_PP0_/D (sky130_fd_sc_hd__dfrtp_1)
           0.50   data arrival time

   0.00    0.00   clock clk (rise edge)
   0.00    0.00   clock network delay (ideal)
   0.00    0.00   clock reconvergence pessimism
           0.00 ^ dp.pcreg.q[2]$_DFF_PP0_/CLK (sky130_fd_sc_hd__dfrtp_1)
  -0.05   -0.05   library hold time
          -0.05   data required time
---------------------------------------------------------
          -0.05   data required time
          -0.50   data arrival time
---------------------------------------------------------
           0.55   slack (MET)



==========================================================================
detailed place critical path target clock latency max path
--------------------------------------------------------------------------
0

==========================================================================
detailed place critical path target clock latency min path
--------------------------------------------------------------------------
0

==========================================================================
detailed place critical path source clock latency min path
--------------------------------------------------------------------------
0

==========================================================================
detailed place critical path delay
--------------------------------------------------------------------------
5.3664

==========================================================================
detailed place critical path slack
--------------------------------------------------------------------------
-0.5664

==========================================================================
detailed place slack div critical path delay
--------------------------------------------------------------------------
-10.554562

==========================================================================
detailed place report_power
--------------------------------------------------------------------------
Group                  Internal  Switching    Leakage      Total
                          Power      Power      Power      Power (Watts)
----------------------------------------------------------------
Sequential             9.00e-03   1.69e-04   9.69e-09   9.17e-03  56.0%
Combinational          2.92e-03   4.28e-03   1.61e-08   7.20e-03  44.0%
Clock                  0.00e+00   0.00e+00   0.00e+00   0.00e+00   0.0%
Macro                  0.00e+00   0.00e+00   0.00e+00   0.00e+00   0.0%
Pad                    0.00e+00   0.00e+00   0.00e+00   0.00e+00   0.0%
----------------------------------------------------------------
Total                  1.19e-02   4.45e-03   2.58e-08   1.64e-02 100.0%
                          72.8%      27.2%       0.0%
