
==========================================================================
global place report_tns
--------------------------------------------------------------------------
tns max -11.87

==========================================================================
global place report_wns
--------------------------------------------------------------------------
wns max -0.55

==========================================================================
global place report_worst_slack
--------------------------------------------------------------------------
worst slack max -0.55

==========================================================================
global place report_clock_min_period
--------------------------------------------------------------------------
clk period_min = 6.55 fmax = 152.63

==========================================================================
global place report_checks -path_delay min
--------------------------------------------------------------------------
Startpoint: dp.pcreg.q[1]$_DFFE_PP0P_
            (rising edge-triggered flip-flop clocked by clk)
Endpoint: dp.pcreg.q[1]$_DFFE_PP0P_
          (rising edge-triggered flip-flop clocked by clk)
Path Group: clk
Path Type: min

Fanout     Cap    Slew   Delay    Time   Description
-----------------------------------------------------------------------------
                  0.00    0.00    0.00   clock clk (rise edge)
                          0.00    0.00   clock network delay (ideal)
                  0.00    0.00    0.00 ^ dp.pcreg.q[1]$_DFFE_PP0P_/CLK (sky130_fd_sc_hd__dfrtp_1)
     4    0.01    0.13    0.37    0.37 ^ dp.pcreg.q[1]$_DFFE_PP0P_/Q (sky130_fd_sc_hd__dfrtp_1)
                                         net142 (net)
                  0.13    0.00    0.37 ^ _6825_/A1 (sky130_fd_sc_hd__mux2_1)
     1    0.00    0.04    0.14    0.51 ^ _6825_/X (sky130_fd_sc_hd__mux2_1)
                                         _3646_ (net)
                  0.04    0.00    0.51 ^ dp.pcreg.q[1]$_DFFE_PP0P_/D (sky130_fd_sc_hd__dfrtp_1)
                                  0.51   data arrival time

                  0.00    0.00    0.00   clock clk (rise edge)
                          0.00    0.00   clock network delay (ideal)
                          0.00    0.00   clock reconvergence pessimism
                                  0.00 ^ dp.pcreg.q[1]$_DFFE_PP0P_/CLK (sky130_fd_sc_hd__dfrtp_1)
                         -0.04   -0.04   library hold time
                                 -0.04   data required time
-----------------------------------------------------------------------------
                                 -0.04   data required time
                                 -0.51   data arrival time
-----------------------------------------------------------------------------
                                  0.55   slack (MET)



==========================================================================
global place report_checks -path_delay max
--------------------------------------------------------------------------
Startpoint: dp.rf.rf[31][4]$_DFFE_PP_
            (rising edge-triggered flip-flop clocked by clk)
Endpoint: aluout[19] (output port clocked by clk)
Path Group: clk
Path Type: max

Fanout     Cap    Slew   Delay    Time   Description
-----------------------------------------------------------------------------
                  0.00    0.00    0.00   clock clk (rise edge)
                          0.00    0.00   clock network delay (ideal)
                  0.00    0.00    0.00 ^ dp.rf.rf[31][4]$_DFFE_PP_/CLK (sky130_fd_sc_hd__edfxtp_1)
     2    0.00    0.08    0.35    0.35 v dp.rf.rf[31][4]$_DFFE_PP_/Q (sky130_fd_sc_hd__edfxtp_1)
                                         _0969_ (net)
                  0.08    0.00    0.35 v _7052_/A3 (sky130_fd_sc_hd__mux4_2)
     1    0.01    0.09    0.49    0.84 v _7052_/X (sky130_fd_sc_hd__mux4_2)
                                         _3844_ (net)
                  0.09    0.00    0.84 v _7056_/A0 (sky130_fd_sc_hd__mux4_2)
     1    0.00    0.08    0.46    1.30 v _7056_/X (sky130_fd_sc_hd__mux4_2)
                                         _3848_ (net)
                  0.08    0.00    1.30 v _7057_/B (sky130_fd_sc_hd__nand2_1)
     1    0.02    0.17    0.16    1.46 ^ _7057_/Y (sky130_fd_sc_hd__nand2_1)
                                         _3849_ (net)
                  0.17    0.00    1.46 ^ _7058_/B (sky130_fd_sc_hd__nand2_1)
     2    0.02    0.16    0.18    1.64 v _7058_/Y (sky130_fd_sc_hd__nand2_1)
                                         net190 (net)
                  0.16    0.00    1.64 v _7060_/A1 (sky130_fd_sc_hd__mux2i_1)
     2    0.01    0.33    0.33    1.98 ^ _7060_/Y (sky130_fd_sc_hd__mux2i_1)
                                         _3851_ (net)
                  0.33    0.00    1.98 ^ _7061_/B (sky130_fd_sc_hd__xnor2_1)
     2    0.01    0.20    0.19    2.17 ^ _7061_/Y (sky130_fd_sc_hd__xnor2_1)
                                         _3852_ (net)
                  0.20    0.00    2.17 ^ _7062_/A (sky130_fd_sc_hd__clkinv_1)
     2    0.01    0.10    0.15    2.32 v _7062_/Y (sky130_fd_sc_hd__clkinv_1)
                                         _3853_ (net)
                  0.10    0.00    2.32 v dp.alu.sum\\ALU_33_0_33_0_33_unused_CO_X_HAN_CARLSON/_310_/A (sky130_fd_sc_hd__ha_1)
     3    0.01    0.08    0.35    2.67 v dp.alu.sum\\ALU_33_0_33_0_33_unused_CO_X_HAN_CARLSON/_310_/SUM (sky130_fd_sc_hd__ha_1)
                                         dp.alu.sum\\ALU_33_0_33_0_33_unused_CO_X_HAN_CARLSON/_058_ (net)
                  0.08    0.00    2.67 v dp.alu.sum\\ALU_33_0_33_0_33_unused_CO_X_HAN_CARLSON/_523_/A2 (sky130_fd_sc_hd__a21oi_1)
     2    0.01    0.16    0.19    2.86 ^ dp.alu.sum\\ALU_33_0_33_0_33_unused_CO_X_HAN_CARLSON/_523_/Y (sky130_fd_sc_hd__a21oi_1)
                                         dp.alu.sum\\ALU_33_0_33_0_33_unused_CO_X_HAN_CARLSON/_247_ (net)
                  0.16    0.00    2.86 ^ dp.alu.sum\\ALU_33_0_33_0_33_unused_CO_X_HAN_CARLSON/_535_/A1 (sky130_fd_sc_hd__o21ai_0)
     1    0.00    0.08    0.11    2.98 v dp.alu.sum\\ALU_33_0_33_0_33_unused_CO_X_HAN_CARLSON/_535_/Y (sky130_fd_sc_hd__o21ai_0)
                                         dp.alu.sum\\ALU_33_0_33_0_33_unused_CO_X_HAN_CARLSON/_257_ (net)
                  0.08    0.00    2.98 v dp.alu.sum\\ALU_33_0_33_0_33_unused_CO_X_HAN_CARLSON/_536_/B1 (sky130_fd_sc_hd__a21oi_1)
     3    0.02    0.43    0.36    3.34 ^ dp.alu.sum\\ALU_33_0_33_0_33_unused_CO_X_HAN_CARLSON/_536_/Y (sky130_fd_sc_hd__a21oi_1)
                                         dp.alu.sum\\ALU_33_0_33_0_33_unused_CO_X_HAN_CARLSON/_258_ (net)
                  0.43    0.00    3.34 ^ dp.alu.sum\\ALU_33_0_33_0_33_unused_CO_X_HAN_CARLSON/_559_/A1 (sky130_fd_sc_hd__o21ba_1)
     2    0.01    0.08    0.22    3.56 ^ dp.alu.sum\\ALU_33_0_33_0_33_unused_CO_X_HAN_CARLSON/_559_/X (sky130_fd_sc_hd__o21ba_1)
                                         dp.alu.sum\\ALU_33_0_33_0_33_unused_CO_X_HAN_CARLSON/_277_ (net)
                  0.08    0.00    3.56 ^ dp.alu.sum\\ALU_33_0_33_0_33_unused_CO_X_HAN_CARLSON/_367_/A1 (sky130_fd_sc_hd__o21ai_0)
     1    0.02    0.25    0.23    3.79 v dp.alu.sum\\ALU_33_0_33_0_33_unused_CO_X_HAN_CARLSON/_367_/Y (sky130_fd_sc_hd__o21ai_0)
                                         dp.alu.sum\\ALU_33_0_33_0_33_unused_CO_X_HAN_CARLSON/_108_ (net)
                  0.25    0.00    3.79 v dp.alu.sum\\ALU_33_0_33_0_33_unused_CO_X_HAN_CARLSON/_368_/B (sky130_fd_sc_hd__xor2_1)
     1    0.00    0.13    0.22    4.01 v dp.alu.sum\\ALU_33_0_33_0_33_unused_CO_X_HAN_CARLSON/_368_/X (sky130_fd_sc_hd__xor2_1)
                                         dp.alu.sum[19] (net)
                  0.13    0.00    4.01 v _6394_/A1 (sky130_fd_sc_hd__a2111oi_0)
     1    0.00    0.41    0.43    4.43 ^ _6394_/Y (sky130_fd_sc_hd__a2111oi_0)
                                         _3227_ (net)
                  0.41    0.00    4.43 ^ place1028/A (sky130_fd_sc_hd__buf_4)
     1    0.01    0.05    0.20    4.64 ^ place1028/X (sky130_fd_sc_hd__buf_4)
                                         net1024 (net)
                  0.05    0.00    4.64 ^ _6398_/A1 (sky130_fd_sc_hd__o21ai_0)
     1    0.01    0.14    0.14    4.78 v _6398_/Y (sky130_fd_sc_hd__o21ai_0)
                                         net107 (net)
                  0.14    0.00    4.78 v place1009/A (sky130_fd_sc_hd__buf_4)
     2    0.01    0.03    0.18    4.95 v place1009/X (sky130_fd_sc_hd__buf_4)
                                         net1005 (net)
                  0.03    0.00    4.95 v output111/A (sky130_fd_sc_hd__clkdlybuf4s50_1)
     1    0.00    0.04    0.40    5.35 v output111/X (sky130_fd_sc_hd__clkdlybuf4s50_1)
                                         aluout[19] (net)
                  0.04    0.00    5.35 v aluout[19] (out)
                                  5.35   data arrival time

                  0.00    6.00    6.00   clock clk (rise edge)
                          0.00    6.00   clock network delay (ideal)
                          0.00    6.00   clock reconvergence pessimism
                         -1.20    4.80   output external delay
                                  4.80   data required time
-----------------------------------------------------------------------------
                                  4.80   data required time
                                 -5.35   data arrival time
-----------------------------------------------------------------------------
                                 -0.55   slack (VIOLATED)



==========================================================================
global place report_checks -unconstrained
--------------------------------------------------------------------------
Startpoint: dp.rf.rf[31][4]$_DFFE_PP_
            (rising edge-triggered flip-flop clocked by clk)
Endpoint: aluout[19] (output port clocked by clk)
Path Group: clk
Path Type: max

Fanout     Cap    Slew   Delay    Time   Description
-----------------------------------------------------------------------------
                  0.00    0.00    0.00   clock clk (rise edge)
                          0.00    0.00   clock network delay (ideal)
                  0.00    0.00    0.00 ^ dp.rf.rf[31][4]$_DFFE_PP_/CLK (sky130_fd_sc_hd__edfxtp_1)
     2    0.00    0.08    0.35    0.35 v dp.rf.rf[31][4]$_DFFE_PP_/Q (sky130_fd_sc_hd__edfxtp_1)
                                         _0969_ (net)
                  0.08    0.00    0.35 v _7052_/A3 (sky130_fd_sc_hd__mux4_2)
     1    0.01    0.09    0.49    0.84 v _7052_/X (sky130_fd_sc_hd__mux4_2)
                                         _3844_ (net)
                  0.09    0.00    0.84 v _7056_/A0 (sky130_fd_sc_hd__mux4_2)
     1    0.00    0.08    0.46    1.30 v _7056_/X (sky130_fd_sc_hd__mux4_2)
                                         _3848_ (net)
                  0.08    0.00    1.30 v _7057_/B (sky130_fd_sc_hd__nand2_1)
     1    0.02    0.17    0.16    1.46 ^ _7057_/Y (sky130_fd_sc_hd__nand2_1)
                                         _3849_ (net)
                  0.17    0.00    1.46 ^ _7058_/B (sky130_fd_sc_hd__nand2_1)
     2    0.02    0.16    0.18    1.64 v _7058_/Y (sky130_fd_sc_hd__nand2_1)
                                         net190 (net)
                  0.16    0.00    1.64 v _7060_/A1 (sky130_fd_sc_hd__mux2i_1)
     2    0.01    0.33    0.33    1.98 ^ _7060_/Y (sky130_fd_sc_hd__mux2i_1)
                                         _3851_ (net)
                  0.33    0.00    1.98 ^ _7061_/B (sky130_fd_sc_hd__xnor2_1)
     2    0.01    0.20    0.19    2.17 ^ _7061_/Y (sky130_fd_sc_hd__xnor2_1)
                                         _3852_ (net)
                  0.20    0.00    2.17 ^ _7062_/A (sky130_fd_sc_hd__clkinv_1)
     2    0.01    0.10    0.15    2.32 v _7062_/Y (sky130_fd_sc_hd__clkinv_1)
                                         _3853_ (net)
                  0.10    0.00    2.32 v dp.alu.sum\\ALU_33_0_33_0_33_unused_CO_X_HAN_CARLSON/_310_/A (sky130_fd_sc_hd__ha_1)
     3    0.01    0.08    0.35    2.67 v dp.alu.sum\\ALU_33_0_33_0_33_unused_CO_X_HAN_CARLSON/_310_/SUM (sky130_fd_sc_hd__ha_1)
                                         dp.alu.sum\\ALU_33_0_33_0_33_unused_CO_X_HAN_CARLSON/_058_ (net)
                  0.08    0.00    2.67 v dp.alu.sum\\ALU_33_0_33_0_33_unused_CO_X_HAN_CARLSON/_523_/A2 (sky130_fd_sc_hd__a21oi_1)
     2    0.01    0.16    0.19    2.86 ^ dp.alu.sum\\ALU_33_0_33_0_33_unused_CO_X_HAN_CARLSON/_523_/Y (sky130_fd_sc_hd__a21oi_1)
                                         dp.alu.sum\\ALU_33_0_33_0_33_unused_CO_X_HAN_CARLSON/_247_ (net)
                  0.16    0.00    2.86 ^ dp.alu.sum\\ALU_33_0_33_0_33_unused_CO_X_HAN_CARLSON/_535_/A1 (sky130_fd_sc_hd__o21ai_0)
     1    0.00    0.08    0.11    2.98 v dp.alu.sum\\ALU_33_0_33_0_33_unused_CO_X_HAN_CARLSON/_535_/Y (sky130_fd_sc_hd__o21ai_0)
                                         dp.alu.sum\\ALU_33_0_33_0_33_unused_CO_X_HAN_CARLSON/_257_ (net)
                  0.08    0.00    2.98 v dp.alu.sum\\ALU_33_0_33_0_33_unused_CO_X_HAN_CARLSON/_536_/B1 (sky130_fd_sc_hd__a21oi_1)
     3    0.02    0.43    0.36    3.34 ^ dp.alu.sum\\ALU_33_0_33_0_33_unused_CO_X_HAN_CARLSON/_536_/Y (sky130_fd_sc_hd__a21oi_1)
                                         dp.alu.sum\\ALU_33_0_33_0_33_unused_CO_X_HAN_CARLSON/_258_ (net)
                  0.43    0.00    3.34 ^ dp.alu.sum\\ALU_33_0_33_0_33_unused_CO_X_HAN_CARLSON/_559_/A1 (sky130_fd_sc_hd__o21ba_1)
     2    0.01    0.08    0.22    3.56 ^ dp.alu.sum\\ALU_33_0_33_0_33_unused_CO_X_HAN_CARLSON/_559_/X (sky130_fd_sc_hd__o21ba_1)
                                         dp.alu.sum\\ALU_33_0_33_0_33_unused_CO_X_HAN_CARLSON/_277_ (net)
                  0.08    0.00    3.56 ^ dp.alu.sum\\ALU_33_0_33_0_33_unused_CO_X_HAN_CARLSON/_367_/A1 (sky130_fd_sc_hd__o21ai_0)
     1    0.02    0.25    0.23    3.79 v dp.alu.sum\\ALU_33_0_33_0_33_unused_CO_X_HAN_CARLSON/_367_/Y (sky130_fd_sc_hd__o21ai_0)
                                         dp.alu.sum\\ALU_33_0_33_0_33_unused_CO_X_HAN_CARLSON/_108_ (net)
                  0.25    0.00    3.79 v dp.alu.sum\\ALU_33_0_33_0_33_unused_CO_X_HAN_CARLSON/_368_/B (sky130_fd_sc_hd__xor2_1)
     1    0.00    0.13    0.22    4.01 v dp.alu.sum\\ALU_33_0_33_0_33_unused_CO_X_HAN_CARLSON/_368_/X (sky130_fd_sc_hd__xor2_1)
                                         dp.alu.sum[19] (net)
                  0.13    0.00    4.01 v _6394_/A1 (sky130_fd_sc_hd__a2111oi_0)
     1    0.00    0.41    0.43    4.43 ^ _6394_/Y (sky130_fd_sc_hd__a2111oi_0)
                                         _3227_ (net)
                  0.41    0.00    4.43 ^ place1028/A (sky130_fd_sc_hd__buf_4)
     1    0.01    0.05    0.20    4.64 ^ place1028/X (sky130_fd_sc_hd__buf_4)
                                         net1024 (net)
                  0.05    0.00    4.64 ^ _6398_/A1 (sky130_fd_sc_hd__o21ai_0)
     1    0.01    0.14    0.14    4.78 v _6398_/Y (sky130_fd_sc_hd__o21ai_0)
                                         net107 (net)
                  0.14    0.00    4.78 v place1009/A (sky130_fd_sc_hd__buf_4)
     2    0.01    0.03    0.18    4.95 v place1009/X (sky130_fd_sc_hd__buf_4)
                                         net1005 (net)
                  0.03    0.00    4.95 v output111/A (sky130_fd_sc_hd__clkdlybuf4s50_1)
     1    0.00    0.04    0.40    5.35 v output111/X (sky130_fd_sc_hd__clkdlybuf4s50_1)
                                         aluout[19] (net)
                  0.04    0.00    5.35 v aluout[19] (out)
                                  5.35   data arrival time

                  0.00    6.00    6.00   clock clk (rise edge)
                          0.00    6.00   clock network delay (ideal)
                          0.00    6.00   clock reconvergence pessimism
                         -1.20    4.80   output external delay
                                  4.80   data required time
-----------------------------------------------------------------------------
                                  4.80   data required time
                                 -5.35   data arrival time
-----------------------------------------------------------------------------
                                 -0.55   slack (VIOLATED)



==========================================================================
global place report_power
--------------------------------------------------------------------------
Group                  Internal  Switching    Leakage      Total
                          Power      Power      Power      Power (Watts)
----------------------------------------------------------------
Sequential             9.00e-03   1.64e-04   9.69e-09   9.16e-03  56.0%
Combinational          2.92e-03   4.29e-03   1.61e-08   7.21e-03  44.0%
Clock                  0.00e+00   0.00e+00   0.00e+00   0.00e+00   0.0%
Macro                  0.00e+00   0.00e+00   0.00e+00   0.00e+00   0.0%
Pad                    0.00e+00   0.00e+00   0.00e+00   0.00e+00   0.0%
----------------------------------------------------------------
Total                  1.19e-02   4.46e-03   2.58e-08   1.64e-02 100.0%
                          72.8%      27.2%       0.0%
