
==========================================================================
cts final report_tns
--------------------------------------------------------------------------
tns max -15.34

==========================================================================
cts final report_wns
--------------------------------------------------------------------------
wns max -0.72

==========================================================================
cts final report_worst_slack
--------------------------------------------------------------------------
worst slack max -0.72

==========================================================================
cts final report_clock_min_period
--------------------------------------------------------------------------
clk period_min = 6.72 fmax = 148.71

==========================================================================
cts final report_clock_skew
--------------------------------------------------------------------------
Clock clk
   0.71 source latency dp.rf.rf[16][15]$_DFFE_PP_/CLK ^
  -0.83 target latency dp.rf.rf[24][17]$_DFFE_PP_/CLK ^
   0.00 CRPR
--------------
  -0.12 setup skew


==========================================================================
cts final report_checks -path_delay min
--------------------------------------------------------------------------
Startpoint: dp.pcreg.q[2]$_DFF_PP0_
            (rising edge-triggered flip-flop clocked by clk)
Endpoint: dp.pcreg.q[2]$_DFF_PP0_
          (rising edge-triggered flip-flop clocked by clk)
Path Group: clk
Path Type: min

Fanout     Cap    Slew   Delay    Time   Description
-----------------------------------------------------------------------------
                          0.00    0.00   clock clk (rise edge)
                          0.00    0.00   clock source latency
     1    0.08    0.00    0.00    0.00 ^ clk (in)
                                         clk (net)
                  0.00    0.00    0.00 ^ clkbuf_0_clk/A (sky130_fd_sc_hd__clkbuf_16)
     8    0.21    0.22    0.25    0.25 ^ clkbuf_0_clk/X (sky130_fd_sc_hd__clkbuf_16)
                                         clknet_0_clk (net)
                  0.22    0.00    0.25 ^ clkbuf_3_5__f_clk/A (sky130_fd_sc_hd__clkbuf_16)
    14    0.25    0.25    0.34    0.60 ^ clkbuf_3_5__f_clk/X (sky130_fd_sc_hd__clkbuf_16)
                                         clknet_3_5__leaf_clk (net)
                  0.25    0.00    0.60 ^ clkbuf_leaf_57_clk/A (sky130_fd_sc_hd__clkbuf_16)
    10    0.04    0.06    0.21    0.81 ^ clkbuf_leaf_57_clk/X (sky130_fd_sc_hd__clkbuf_16)
                                         clknet_leaf_57_clk (net)
                  0.06    0.00    0.81 ^ dp.pcreg.q[2]$_DFF_PP0_/CLK (sky130_fd_sc_hd__dfrtp_1)
     5    0.02    0.17    0.42    1.24 ^ dp.pcreg.q[2]$_DFF_PP0_/Q (sky130_fd_sc_hd__dfrtp_1)
                                         net153 (net)
                  0.17    0.00    1.24 ^ _6814_/A1 (sky130_fd_sc_hd__mux2i_1)
     1    0.00    0.04    0.10    1.33 v _6814_/Y (sky130_fd_sc_hd__mux2i_1)
                                         _3635_ (net)
                  0.04    0.00    1.33 v dp.pcreg.q[2]$_DFF_PP0_/D (sky130_fd_sc_hd__dfrtp_1)
                                  1.33   data arrival time

                          0.00    0.00   clock clk (rise edge)
                          0.00    0.00   clock source latency
     1    0.08    0.00    0.00    0.00 ^ clk (in)
                                         clk (net)
                  0.00    0.00    0.00 ^ clkbuf_0_clk/A (sky130_fd_sc_hd__clkbuf_16)
     8    0.21    0.22    0.25    0.25 ^ clkbuf_0_clk/X (sky130_fd_sc_hd__clkbuf_16)
                                         clknet_0_clk (net)
                  0.22    0.00    0.25 ^ clkbuf_3_5__f_clk/A (sky130_fd_sc_hd__clkbuf_16)
    14    0.25    0.25    0.34    0.60 ^ clkbuf_3_5__f_clk/X (sky130_fd_sc_hd__clkbuf_16)
                                         clknet_3_5__leaf_clk (net)
                  0.25    0.00    0.60 ^ clkbuf_leaf_57_clk/A (sky130_fd_sc_hd__clkbuf_16)
    10    0.04    0.06    0.21    0.81 ^ clkbuf_leaf_57_clk/X (sky130_fd_sc_hd__clkbuf_16)
                                         clknet_leaf_57_clk (net)
                  0.06    0.00    0.81 ^ dp.pcreg.q[2]$_DFF_PP0_/CLK (sky130_fd_sc_hd__dfrtp_1)
                          0.00    0.81   clock reconvergence pessimism
                         -0.04    0.77   library hold time
                                  0.77   data required time
-----------------------------------------------------------------------------
                                  0.77   data required time
                                 -1.33   data arrival time
-----------------------------------------------------------------------------
                                  0.56   slack (MET)



==========================================================================
cts final report_checks -path_delay max
--------------------------------------------------------------------------
Startpoint: dp.rf.rf[15][0]$_DFFE_PP_
            (rising edge-triggered flip-flop clocked by clk)
Endpoint: aluout[30] (output port clocked by clk)
Path Group: clk
Path Type: max

Fanout     Cap    Slew   Delay    Time   Description
-----------------------------------------------------------------------------
                          0.00    0.00   clock clk (rise edge)
                          0.00    0.00   clock source latency
     1    0.08    0.00    0.00    0.00 ^ clk (in)
                                         clk (net)
                  0.00    0.00    0.00 ^ clkbuf_0_clk/A (sky130_fd_sc_hd__clkbuf_16)
     8    0.21    0.22    0.25    0.25 ^ clkbuf_0_clk/X (sky130_fd_sc_hd__clkbuf_16)
                                         clknet_0_clk (net)
                  0.22    0.00    0.25 ^ clkbuf_3_1__f_clk/A (sky130_fd_sc_hd__clkbuf_16)
    14    0.23    0.24    0.33    0.58 ^ clkbuf_3_1__f_clk/X (sky130_fd_sc_hd__clkbuf_16)
                                         clknet_3_1__leaf_clk (net)
                  0.24    0.00    0.59 ^ clkbuf_leaf_95_clk/A (sky130_fd_sc_hd__clkbuf_16)
    12    0.03    0.06    0.20    0.79 ^ clkbuf_leaf_95_clk/X (sky130_fd_sc_hd__clkbuf_16)
                                         clknet_leaf_95_clk (net)
                  0.06    0.00    0.79 ^ dp.rf.rf[15][0]$_DFFE_PP_/CLK (sky130_fd_sc_hd__edfxtp_1)
     2    0.01    0.08    0.38    1.17 v dp.rf.rf[15][0]$_DFFE_PP_/Q (sky130_fd_sc_hd__edfxtp_1)
                                         _0367_ (net)
                  0.08    0.00    1.17 v _6884_/A3 (sky130_fd_sc_hd__mux4_2)
     1    0.01    0.09    0.49    1.66 v _6884_/X (sky130_fd_sc_hd__mux4_2)
                                         _3680_ (net)
                  0.09    0.00    1.66 v _6887_/A2 (sky130_fd_sc_hd__mux4_2)
     1    0.01    0.11    0.52    2.19 v _6887_/X (sky130_fd_sc_hd__mux4_2)
                                         _3683_ (net)
                  0.11    0.00    2.19 v _6888_/A (sky130_fd_sc_hd__nor2_4)
     1    0.01    0.13    0.15    2.33 ^ _6888_/Y (sky130_fd_sc_hd__nor2_4)
                                         _3684_ (net)
                  0.13    0.00    2.33 ^ _6892_/C (sky130_fd_sc_hd__nor3_4)
     2    0.04    0.11    0.09    2.42 v _6892_/Y (sky130_fd_sc_hd__nor3_4)
                                         net164 (net)
                  0.11    0.00    2.43 v _6894_/A1 (sky130_fd_sc_hd__mux2_4)
     2    0.02    0.08    0.32    2.75 v _6894_/X (sky130_fd_sc_hd__mux2_4)
                                         _3689_ (net)
                  0.08    0.00    2.75 v _6895_/A (sky130_fd_sc_hd__xnor2_4)
     2    0.01    0.12    0.16    2.91 v _6895_/Y (sky130_fd_sc_hd__xnor2_4)
                                         _3690_ (net)
                  0.12    0.00    2.91 v dp.alu.sum\\ALU_33_0_33_0_33_unused_CO_X_HAN_CARLSON/_283_/B (sky130_fd_sc_hd__fa_2)
     2    0.01    0.09    0.41    3.32 v dp.alu.sum\\ALU_33_0_33_0_33_unused_CO_X_HAN_CARLSON/_283_/COUT (sky130_fd_sc_hd__fa_2)
                                         dp.alu.sum\\ALU_33_0_33_0_33_unused_CO_X_HAN_CARLSON/_031_ (net)
                  0.09    0.00    3.32 v dp.alu.sum\\ALU_33_0_33_0_33_unused_CO_X_HAN_CARLSON/_284_/A (sky130_fd_sc_hd__fa_2)
     2    0.01    0.07    0.40    3.73 v dp.alu.sum\\ALU_33_0_33_0_33_unused_CO_X_HAN_CARLSON/_284_/COUT (sky130_fd_sc_hd__fa_2)
                                         dp.alu.sum\\ALU_33_0_33_0_33_unused_CO_X_HAN_CARLSON/_032_ (net)
                  0.07    0.00    3.73 v dp.alu.sum\\ALU_33_0_33_0_33_unused_CO_X_HAN_CARLSON/_521_/A3 (sky130_fd_sc_hd__a31oi_1)
     1    0.00    0.14    0.18    3.91 ^ dp.alu.sum\\ALU_33_0_33_0_33_unused_CO_X_HAN_CARLSON/_521_/Y (sky130_fd_sc_hd__a31oi_1)
                                         dp.alu.sum\\ALU_33_0_33_0_33_unused_CO_X_HAN_CARLSON/_246_ (net)
                  0.14    0.00    3.91 ^ dp.alu.sum\\ALU_33_0_33_0_33_unused_CO_X_HAN_CARLSON/place1107/A (sky130_fd_sc_hd__buf_4)
     3    0.03    0.09    0.18    4.09 ^ dp.alu.sum\\ALU_33_0_33_0_33_unused_CO_X_HAN_CARLSON/place1107/X (sky130_fd_sc_hd__buf_4)
                                         dp.alu.sum\\ALU_33_0_33_0_33_unused_CO_X_HAN_CARLSON/net1103 (net)
                  0.09    0.00    4.09 ^ dp.alu.sum\\ALU_33_0_33_0_33_unused_CO_X_HAN_CARLSON/_530_/A2 (sky130_fd_sc_hd__o21ai_4)
     2    0.01    0.10    0.07    4.16 v dp.alu.sum\\ALU_33_0_33_0_33_unused_CO_X_HAN_CARLSON/_530_/Y (sky130_fd_sc_hd__o21ai_4)
                                         dp.alu.sum\\ALU_33_0_33_0_33_unused_CO_X_HAN_CARLSON/_253_ (net)
                  0.10    0.00    4.16 v dp.alu.sum\\ALU_33_0_33_0_33_unused_CO_X_HAN_CARLSON/place1080/A (sky130_fd_sc_hd__buf_6)
     2    0.01    0.02    0.14    4.30 v dp.alu.sum\\ALU_33_0_33_0_33_unused_CO_X_HAN_CARLSON/place1080/X (sky130_fd_sc_hd__buf_6)
                                         dp.alu.sum\\ALU_33_0_33_0_33_unused_CO_X_HAN_CARLSON/net1076 (net)
                  0.02    0.00    4.30 v dp.alu.sum\\ALU_33_0_33_0_33_unused_CO_X_HAN_CARLSON/_329_/A2 (sky130_fd_sc_hd__a31oi_1)
     1    0.00    0.14    0.16    4.46 ^ dp.alu.sum\\ALU_33_0_33_0_33_unused_CO_X_HAN_CARLSON/_329_/Y (sky130_fd_sc_hd__a31oi_1)
                                         dp.alu.sum\\ALU_33_0_33_0_33_unused_CO_X_HAN_CARLSON/_075_ (net)
                  0.14    0.00    4.46 ^ dp.alu.sum\\ALU_33_0_33_0_33_unused_CO_X_HAN_CARLSON/place1064/A (sky130_fd_sc_hd__buf_4)
     3    0.02    0.07    0.16    4.62 ^ dp.alu.sum\\ALU_33_0_33_0_33_unused_CO_X_HAN_CARLSON/place1064/X (sky130_fd_sc_hd__buf_4)
                                         dp.alu.sum\\ALU_33_0_33_0_33_unused_CO_X_HAN_CARLSON/net1060 (net)
                  0.07    0.00    4.62 ^ dp.alu.sum\\ALU_33_0_33_0_33_unused_CO_X_HAN_CARLSON/_461_/B2 (sky130_fd_sc_hd__o221ai_2)
     1    0.01    0.10    0.09    4.71 v dp.alu.sum\\ALU_33_0_33_0_33_unused_CO_X_HAN_CARLSON/_461_/Y (sky130_fd_sc_hd__o221ai_2)
                                         dp.alu.sum\\ALU_33_0_33_0_33_unused_CO_X_HAN_CARLSON/_191_ (net)
                  0.10    0.00    4.71 v dp.alu.sum\\ALU_33_0_33_0_33_unused_CO_X_HAN_CARLSON/_462_/A (sky130_fd_sc_hd__xor2_1)
     1    0.00    0.06    0.18    4.89 v dp.alu.sum\\ALU_33_0_33_0_33_unused_CO_X_HAN_CARLSON/_462_/X (sky130_fd_sc_hd__xor2_1)
                                         dp.alu.sum[30] (net)
                  0.06    0.00    4.89 v _6052_/A (sky130_fd_sc_hd__nand2_1)
     1    0.01    0.09    0.08    4.97 ^ _6052_/Y (sky130_fd_sc_hd__nand2_1)
                                         _2898_ (net)
                  0.09    0.00    4.97 ^ _6054_/C1 (sky130_fd_sc_hd__o221ai_2)
     1    0.01    0.15    0.12    5.09 v _6054_/Y (sky130_fd_sc_hd__o221ai_2)
                                         _2900_ (net)
                  0.15    0.00    5.09 v _6089_/A1 (sky130_fd_sc_hd__a22o_1)
     2    0.02    0.09    0.30    5.39 v _6089_/X (sky130_fd_sc_hd__a22o_1)
                                         net120 (net)
                  0.09    0.00    5.39 v output124/A (sky130_fd_sc_hd__buf_2)
     1    0.00    0.02    0.14    5.52 v output124/X (sky130_fd_sc_hd__buf_2)
                                         aluout[30] (net)
                  0.02    0.00    5.52 v aluout[30] (out)
                                  5.52   data arrival time

                          6.00    6.00   clock clk (rise edge)
                          0.00    6.00   clock network delay (propagated)
                          0.00    6.00   clock reconvergence pessimism
                         -1.20    4.80   output external delay
                                  4.80   data required time
-----------------------------------------------------------------------------
                                  4.80   data required time
                                 -5.52   data arrival time
-----------------------------------------------------------------------------
                                 -0.72   slack (VIOLATED)



==========================================================================
cts final report_checks -unconstrained
--------------------------------------------------------------------------
Startpoint: dp.rf.rf[15][0]$_DFFE_PP_
            (rising edge-triggered flip-flop clocked by clk)
Endpoint: aluout[30] (output port clocked by clk)
Path Group: clk
Path Type: max

Fanout     Cap    Slew   Delay    Time   Description
-----------------------------------------------------------------------------
                          0.00    0.00   clock clk (rise edge)
                          0.00    0.00   clock source latency
     1    0.08    0.00    0.00    0.00 ^ clk (in)
                                         clk (net)
                  0.00    0.00    0.00 ^ clkbuf_0_clk/A (sky130_fd_sc_hd__clkbuf_16)
     8    0.21    0.22    0.25    0.25 ^ clkbuf_0_clk/X (sky130_fd_sc_hd__clkbuf_16)
                                         clknet_0_clk (net)
                  0.22    0.00    0.25 ^ clkbuf_3_1__f_clk/A (sky130_fd_sc_hd__clkbuf_16)
    14    0.23    0.24    0.33    0.58 ^ clkbuf_3_1__f_clk/X (sky130_fd_sc_hd__clkbuf_16)
                                         clknet_3_1__leaf_clk (net)
                  0.24    0.00    0.59 ^ clkbuf_leaf_95_clk/A (sky130_fd_sc_hd__clkbuf_16)
    12    0.03    0.06    0.20    0.79 ^ clkbuf_leaf_95_clk/X (sky130_fd_sc_hd__clkbuf_16)
                                         clknet_leaf_95_clk (net)
                  0.06    0.00    0.79 ^ dp.rf.rf[15][0]$_DFFE_PP_/CLK (sky130_fd_sc_hd__edfxtp_1)
     2    0.01    0.08    0.38    1.17 v dp.rf.rf[15][0]$_DFFE_PP_/Q (sky130_fd_sc_hd__edfxtp_1)
                                         _0367_ (net)
                  0.08    0.00    1.17 v _6884_/A3 (sky130_fd_sc_hd__mux4_2)
     1    0.01    0.09    0.49    1.66 v _6884_/X (sky130_fd_sc_hd__mux4_2)
                                         _3680_ (net)
                  0.09    0.00    1.66 v _6887_/A2 (sky130_fd_sc_hd__mux4_2)
     1    0.01    0.11    0.52    2.19 v _6887_/X (sky130_fd_sc_hd__mux4_2)
                                         _3683_ (net)
                  0.11    0.00    2.19 v _6888_/A (sky130_fd_sc_hd__nor2_4)
     1    0.01    0.13    0.15    2.33 ^ _6888_/Y (sky130_fd_sc_hd__nor2_4)
                                         _3684_ (net)
                  0.13    0.00    2.33 ^ _6892_/C (sky130_fd_sc_hd__nor3_4)
     2    0.04    0.11    0.09    2.42 v _6892_/Y (sky130_fd_sc_hd__nor3_4)
                                         net164 (net)
                  0.11    0.00    2.43 v _6894_/A1 (sky130_fd_sc_hd__mux2_4)
     2    0.02    0.08    0.32    2.75 v _6894_/X (sky130_fd_sc_hd__mux2_4)
                                         _3689_ (net)
                  0.08    0.00    2.75 v _6895_/A (sky130_fd_sc_hd__xnor2_4)
     2    0.01    0.12    0.16    2.91 v _6895_/Y (sky130_fd_sc_hd__xnor2_4)
                                         _3690_ (net)
                  0.12    0.00    2.91 v dp.alu.sum\\ALU_33_0_33_0_33_unused_CO_X_HAN_CARLSON/_283_/B (sky130_fd_sc_hd__fa_2)
     2    0.01    0.09    0.41    3.32 v dp.alu.sum\\ALU_33_0_33_0_33_unused_CO_X_HAN_CARLSON/_283_/COUT (sky130_fd_sc_hd__fa_2)
                                         dp.alu.sum\\ALU_33_0_33_0_33_unused_CO_X_HAN_CARLSON/_031_ (net)
                  0.09    0.00    3.32 v dp.alu.sum\\ALU_33_0_33_0_33_unused_CO_X_HAN_CARLSON/_284_/A (sky130_fd_sc_hd__fa_2)
     2    0.01    0.07    0.40    3.73 v dp.alu.sum\\ALU_33_0_33_0_33_unused_CO_X_HAN_CARLSON/_284_/COUT (sky130_fd_sc_hd__fa_2)
                                         dp.alu.sum\\ALU_33_0_33_0_33_unused_CO_X_HAN_CARLSON/_032_ (net)
                  0.07    0.00    3.73 v dp.alu.sum\\ALU_33_0_33_0_33_unused_CO_X_HAN_CARLSON/_521_/A3 (sky130_fd_sc_hd__a31oi_1)
     1    0.00    0.14    0.18    3.91 ^ dp.alu.sum\\ALU_33_0_33_0_33_unused_CO_X_HAN_CARLSON/_521_/Y (sky130_fd_sc_hd__a31oi_1)
                                         dp.alu.sum\\ALU_33_0_33_0_33_unused_CO_X_HAN_CARLSON/_246_ (net)
                  0.14    0.00    3.91 ^ dp.alu.sum\\ALU_33_0_33_0_33_unused_CO_X_HAN_CARLSON/place1107/A (sky130_fd_sc_hd__buf_4)
     3    0.03    0.09    0.18    4.09 ^ dp.alu.sum\\ALU_33_0_33_0_33_unused_CO_X_HAN_CARLSON/place1107/X (sky130_fd_sc_hd__buf_4)
                                         dp.alu.sum\\ALU_33_0_33_0_33_unused_CO_X_HAN_CARLSON/net1103 (net)
                  0.09    0.00    4.09 ^ dp.alu.sum\\ALU_33_0_33_0_33_unused_CO_X_HAN_CARLSON/_530_/A2 (sky130_fd_sc_hd__o21ai_4)
     2    0.01    0.10    0.07    4.16 v dp.alu.sum\\ALU_33_0_33_0_33_unused_CO_X_HAN_CARLSON/_530_/Y (sky130_fd_sc_hd__o21ai_4)
                                         dp.alu.sum\\ALU_33_0_33_0_33_unused_CO_X_HAN_CARLSON/_253_ (net)
                  0.10    0.00    4.16 v dp.alu.sum\\ALU_33_0_33_0_33_unused_CO_X_HAN_CARLSON/place1080/A (sky130_fd_sc_hd__buf_6)
     2    0.01    0.02    0.14    4.30 v dp.alu.sum\\ALU_33_0_33_0_33_unused_CO_X_HAN_CARLSON/place1080/X (sky130_fd_sc_hd__buf_6)
                                         dp.alu.sum\\ALU_33_0_33_0_33_unused_CO_X_HAN_CARLSON/net1076 (net)
                  0.02    0.00    4.30 v dp.alu.sum\\ALU_33_0_33_0_33_unused_CO_X_HAN_CARLSON/_329_/A2 (sky130_fd_sc_hd__a31oi_1)
     1    0.00    0.14    0.16    4.46 ^ dp.alu.sum\\ALU_33_0_33_0_33_unused_CO_X_HAN_CARLSON/_329_/Y (sky130_fd_sc_hd__a31oi_1)
                                         dp.alu.sum\\ALU_33_0_33_0_33_unused_CO_X_HAN_CARLSON/_075_ (net)
                  0.14    0.00    4.46 ^ dp.alu.sum\\ALU_33_0_33_0_33_unused_CO_X_HAN_CARLSON/place1064/A (sky130_fd_sc_hd__buf_4)
     3    0.02    0.07    0.16    4.62 ^ dp.alu.sum\\ALU_33_0_33_0_33_unused_CO_X_HAN_CARLSON/place1064/X (sky130_fd_sc_hd__buf_4)
                                         dp.alu.sum\\ALU_33_0_33_0_33_unused_CO_X_HAN_CARLSON/net1060 (net)
                  0.07    0.00    4.62 ^ dp.alu.sum\\ALU_33_0_33_0_33_unused_CO_X_HAN_CARLSON/_461_/B2 (sky130_fd_sc_hd__o221ai_2)
     1    0.01    0.10    0.09    4.71 v dp.alu.sum\\ALU_33_0_33_0_33_unused_CO_X_HAN_CARLSON/_461_/Y (sky130_fd_sc_hd__o221ai_2)
                                         dp.alu.sum\\ALU_33_0_33_0_33_unused_CO_X_HAN_CARLSON/_191_ (net)
                  0.10    0.00    4.71 v dp.alu.sum\\ALU_33_0_33_0_33_unused_CO_X_HAN_CARLSON/_462_/A (sky130_fd_sc_hd__xor2_1)
     1    0.00    0.06    0.18    4.89 v dp.alu.sum\\ALU_33_0_33_0_33_unused_CO_X_HAN_CARLSON/_462_/X (sky130_fd_sc_hd__xor2_1)
                                         dp.alu.sum[30] (net)
                  0.06    0.00    4.89 v _6052_/A (sky130_fd_sc_hd__nand2_1)
     1    0.01    0.09    0.08    4.97 ^ _6052_/Y (sky130_fd_sc_hd__nand2_1)
                                         _2898_ (net)
                  0.09    0.00    4.97 ^ _6054_/C1 (sky130_fd_sc_hd__o221ai_2)
     1    0.01    0.15    0.12    5.09 v _6054_/Y (sky130_fd_sc_hd__o221ai_2)
                                         _2900_ (net)
                  0.15    0.00    5.09 v _6089_/A1 (sky130_fd_sc_hd__a22o_1)
     2    0.02    0.09    0.30    5.39 v _6089_/X (sky130_fd_sc_hd__a22o_1)
                                         net120 (net)
                  0.09    0.00    5.39 v output124/A (sky130_fd_sc_hd__buf_2)
     1    0.00    0.02    0.14    5.52 v output124/X (sky130_fd_sc_hd__buf_2)
                                         aluout[30] (net)
                  0.02    0.00    5.52 v aluout[30] (out)
                                  5.52   data arrival time

                          6.00    6.00   clock clk (rise edge)
                          0.00    6.00   clock network delay (propagated)
                          0.00    6.00   clock reconvergence pessimism
                         -1.20    4.80   output external delay
                                  4.80   data required time
-----------------------------------------------------------------------------
                                  4.80   data required time
                                 -5.52   data arrival time
-----------------------------------------------------------------------------
                                 -0.72   slack (VIOLATED)



==========================================================================
cts final report_check_types -max_slew -max_cap -max_fanout -violators
--------------------------------------------------------------------------

==========================================================================
cts final max_slew_check_slack
--------------------------------------------------------------------------
0.41404059529304504

==========================================================================
cts final max_slew_check_limit
--------------------------------------------------------------------------
1.5

==========================================================================
cts final max_slew_check_slack_limit
--------------------------------------------------------------------------
0.2760

==========================================================================
cts final max_fanout_check_slack
--------------------------------------------------------------------------
1.0000000150474662e+30

==========================================================================
cts final max_fanout_check_limit
--------------------------------------------------------------------------
1.0000000150474662e+30

==========================================================================
cts final max_capacitance_check_slack
--------------------------------------------------------------------------
0.015596117824316025

==========================================================================
cts final max_capacitance_check_limit
--------------------------------------------------------------------------
0.021067000925540924

==========================================================================
cts final max_capacitance_check_slack_limit
--------------------------------------------------------------------------
0.7403

==========================================================================
cts final max_slew_violation_count
--------------------------------------------------------------------------
max slew violation count 0

==========================================================================
cts final max_fanout_violation_count
--------------------------------------------------------------------------
max fanout violation count 0

==========================================================================
cts final max_cap_violation_count
--------------------------------------------------------------------------
max cap violation count 0

==========================================================================
cts final setup_violation_count
--------------------------------------------------------------------------
setup violation count 30

==========================================================================
cts final hold_violation_count
--------------------------------------------------------------------------
hold violation count 0

==========================================================================
cts final report_checks -path_delay max reg to reg
--------------------------------------------------------------------------
Startpoint: dp.rf.rf[13][0]$_DFFE_PP_
            (rising edge-triggered flip-flop clocked by clk)
Endpoint: dp.rf.rf[29][15]$_DFFE_PP_
          (rising edge-triggered flip-flop clocked by clk)
Path Group: clk
Path Type: max

  Delay    Time   Description
---------------------------------------------------------
   0.00    0.00   clock clk (rise edge)
   0.00    0.00   clock source latency
   0.00    0.00 ^ clk (in)
   0.25    0.25 ^ clkbuf_0_clk/X (sky130_fd_sc_hd__clkbuf_16)
   0.33    0.58 ^ clkbuf_3_1__f_clk/X (sky130_fd_sc_hd__clkbuf_16)
   0.20    0.79 ^ clkbuf_leaf_95_clk/X (sky130_fd_sc_hd__clkbuf_16)
   0.00    0.79 ^ dp.rf.rf[13][0]$_DFFE_PP_/CLK (sky130_fd_sc_hd__edfxtp_1)
   0.39    1.18 v dp.rf.rf[13][0]$_DFFE_PP_/Q (sky130_fd_sc_hd__edfxtp_1)
   0.14    1.32 v place1714/X (sky130_fd_sc_hd__buf_4)
   0.30    1.62 v _6951_/X (sky130_fd_sc_hd__mux2_1)
   0.14    1.75 ^ _6952_/Y (sky130_fd_sc_hd__a21oi_1)
   0.12    1.87 v _6955_/Y (sky130_fd_sc_hd__o21ai_0)
   0.18    2.05 ^ _6958_/Y (sky130_fd_sc_hd__o211ai_1)
   0.14    2.19 v _6959_/Y (sky130_fd_sc_hd__a32oi_1)
   0.19    2.38 v place1429/X (sky130_fd_sc_hd__buf_4)
   0.19    2.57 v place1428/X (sky130_fd_sc_hd__buf_4)
   0.06    2.64 ^ _6960_/Y (sky130_fd_sc_hd__clkinv_1)
   0.12    2.75 v _5518_/Y (sky130_fd_sc_hd__o21ai_0)
   0.46    3.22 v dp.pcimm.y\\ALU_32_0_32_0_32_unused_CO_X_HAN_CARLSON/_196_/COUT (sky130_fd_sc_hd__fa_1)
   0.47    3.69 v dp.pcimm.y\\ALU_32_0_32_0_32_unused_CO_X_HAN_CARLSON/_202_/COUT (sky130_fd_sc_hd__fa_1)
   0.30    3.98 ^ dp.pcimm.y\\ALU_32_0_32_0_32_unused_CO_X_HAN_CARLSON/_277_/Y (sky130_fd_sc_hd__a31oi_1)
   0.39    4.37 v dp.pcimm.y\\ALU_32_0_32_0_32_unused_CO_X_HAN_CARLSON/_282_/Y (sky130_fd_sc_hd__o21ai_0)
   0.26    4.63 ^ dp.pcimm.y\\ALU_32_0_32_0_32_unused_CO_X_HAN_CARLSON/_312_/Y (sky130_fd_sc_hd__a31oi_1)
   0.20    4.83 ^ dp.pcimm.y\\ALU_32_0_32_0_32_unused_CO_X_HAN_CARLSON/place1056/X (sky130_fd_sc_hd__buf_4)
   0.10    4.93 v dp.pcimm.y\\ALU_32_0_32_0_32_unused_CO_X_HAN_CARLSON/_313_/Y (sky130_fd_sc_hd__clkinv_1)
   0.40    5.34 v dp.pcimm.y\\ALU_32_0_32_0_32_unused_CO_X_HAN_CARLSON/_199_/COUT (sky130_fd_sc_hd__fa_1)
   0.22    5.55 v dp.pcimm.y\\ALU_32_0_32_0_32_unused_CO_X_HAN_CARLSON/_260_/X (sky130_fd_sc_hd__xor2_1)
   0.43    5.99 ^ _6462_/Y (sky130_fd_sc_hd__a22oi_1)
   0.17    6.16 v _6484_/Y (sky130_fd_sc_hd__o31ai_4)
   0.20    6.36 v place987/X (sky130_fd_sc_hd__buf_12)
   0.02    6.38 v dp.rf.rf[29][15]$_DFFE_PP_/D (sky130_fd_sc_hd__edfxtp_1)
           6.38   data arrival time

   6.00    6.00   clock clk (rise edge)
   0.00    6.00   clock source latency
   0.00    6.00 ^ clk (in)
   0.25    6.25 ^ clkbuf_0_clk/X (sky130_fd_sc_hd__clkbuf_16)
   0.28    6.53 ^ clkbuf_3_6__f_clk/X (sky130_fd_sc_hd__clkbuf_16)
   0.18    6.71 ^ clkbuf_leaf_89_clk/X (sky130_fd_sc_hd__clkbuf_16)
   0.00    6.71 ^ dp.rf.rf[29][15]$_DFFE_PP_/CLK (sky130_fd_sc_hd__edfxtp_1)
   0.00    6.71   clock reconvergence pessimism
  -0.26    6.44   library setup time
           6.44   data required time
---------------------------------------------------------
           6.44   data required time
          -6.38   data arrival time
---------------------------------------------------------
           0.06   slack (MET)



==========================================================================
cts final report_checks -path_delay min reg to reg
--------------------------------------------------------------------------
Startpoint: dp.pcreg.q[2]$_DFF_PP0_
            (rising edge-triggered flip-flop clocked by clk)
Endpoint: dp.pcreg.q[2]$_DFF_PP0_
          (rising edge-triggered flip-flop clocked by clk)
Path Group: clk
Path Type: min

  Delay    Time   Description
---------------------------------------------------------
   0.00    0.00   clock clk (rise edge)
   0.00    0.00   clock source latency
   0.00    0.00 ^ clk (in)
   0.25    0.25 ^ clkbuf_0_clk/X (sky130_fd_sc_hd__clkbuf_16)
   0.35    0.60 ^ clkbuf_3_5__f_clk/X (sky130_fd_sc_hd__clkbuf_16)
   0.21    0.81 ^ clkbuf_leaf_57_clk/X (sky130_fd_sc_hd__clkbuf_16)
   0.00    0.81 ^ dp.pcreg.q[2]$_DFF_PP0_/CLK (sky130_fd_sc_hd__dfrtp_1)
   0.42    1.24 ^ dp.pcreg.q[2]$_DFF_PP0_/Q (sky130_fd_sc_hd__dfrtp_1)
   0.10    1.33 v _6814_/Y (sky130_fd_sc_hd__mux2i_1)
   0.00    1.33 v dp.pcreg.q[2]$_DFF_PP0_/D (sky130_fd_sc_hd__dfrtp_1)
           1.33   data arrival time

   0.00    0.00   clock clk (rise edge)
   0.00    0.00   clock source latency
   0.00    0.00 ^ clk (in)
   0.25    0.25 ^ clkbuf_0_clk/X (sky130_fd_sc_hd__clkbuf_16)
   0.35    0.60 ^ clkbuf_3_5__f_clk/X (sky130_fd_sc_hd__clkbuf_16)
   0.21    0.81 ^ clkbuf_leaf_57_clk/X (sky130_fd_sc_hd__clkbuf_16)
   0.00    0.81 ^ dp.pcreg.q[2]$_DFF_PP0_/CLK (sky130_fd_sc_hd__dfrtp_1)
   0.00    0.81   clock reconvergence pessimism
  -0.04    0.77   library hold time
           0.77   data required time
---------------------------------------------------------
           0.77   data required time
          -1.33   data arrival time
---------------------------------------------------------
           0.56   slack (MET)



==========================================================================
cts final critical path target clock latency max path
--------------------------------------------------------------------------
0

==========================================================================
cts final critical path target clock latency min path
--------------------------------------------------------------------------
0

==========================================================================
cts final critical path source clock latency min path
--------------------------------------------------------------------------
0

==========================================================================
cts final critical path delay
--------------------------------------------------------------------------
5.5246

==========================================================================
cts final critical path slack
--------------------------------------------------------------------------
-0.7246

==========================================================================
cts final slack div critical path delay
--------------------------------------------------------------------------
-13.115882

==========================================================================
cts final report_power
--------------------------------------------------------------------------
Group                  Internal  Switching    Leakage      Total
                          Power      Power      Power      Power (Watts)
----------------------------------------------------------------
Sequential             8.84e-03   1.71e-04   9.69e-09   9.01e-03  37.8%
Combinational          3.30e-03   4.60e-03   1.69e-08   7.90e-03  33.1%
Clock                  3.83e-03   3.09e-03   1.73e-09   6.93e-03  29.1%
Macro                  0.00e+00   0.00e+00   0.00e+00   0.00e+00   0.0%
Pad                    0.00e+00   0.00e+00   0.00e+00   0.00e+00   0.0%
----------------------------------------------------------------
Total                  1.60e-02   7.86e-03   2.83e-08   2.38e-02 100.0%
                          67.0%      33.0%       0.0%
